{"C:\\planner_UC\\frontend\\src\\App.jsx": {"path":"C:\\planner_UC\\frontend\\src\\App.jsx","all":true,"statementMap":{"0":{"start":{"line":1,"column":0},"end":{"line":1,"column":74}},"1":{"start":{"line":2,"column":0},"end":{"line":2,"column":19}},"2":{"start":{"line":3,"column":0},"end":{"line":3,"column":62}},"3":{"start":{"line":4,"column":0},"end":{"line":4,"column":56}},"4":{"start":{"line":5,"column":0},"end":{"line":5,"column":61}},"5":{"start":{"line":6,"column":0},"end":{"line":6,"column":34}},"6":{"start":{"line":7,"column":0},"end":{"line":7,"column":42}},"7":{"start":{"line":8,"column":0},"end":{"line":8,"column":46}},"8":{"start":{"line":9,"column":0},"end":{"line":9,"column":48}},"9":{"start":{"line":10,"column":0},"end":{"line":10,"column":38}},"10":{"start":{"line":11,"column":0},"end":{"line":11,"column":50}},"11":{"start":{"line":12,"column":0},"end":{"line":12,"column":32}},"12":{"start":{"line":13,"column":0},"end":{"line":13,"column":38}},"13":{"start":{"line":14,"column":0},"end":{"line":14,"column":38}},"14":{"start":{"line":15,"column":0},"end":{"line":15,"column":40}},"15":{"start":{"line":16,"column":0},"end":{"line":16,"column":40}},"16":{"start":{"line":17,"column":0},"end":{"line":17,"column":44}},"17":{"start":{"line":18,"column":0},"end":{"line":18,"column":42}},"18":{"start":{"line":19,"column":0},"end":{"line":19,"column":40}},"19":{"start":{"line":20,"column":0},"end":{"line":20,"column":38}},"20":{"start":{"line":21,"column":0},"end":{"line":21,"column":66}},"21":{"start":{"line":22,"column":0},"end":{"line":22,"column":44}},"22":{"start":{"line":23,"column":0},"end":{"line":23,"column":52}},"23":{"start":{"line":24,"column":0},"end":{"line":24,"column":60}},"24":{"start":{"line":25,"column":0},"end":{"line":25,"column":56}},"25":{"start":{"line":26,"column":0},"end":{"line":26,"column":46}},"26":{"start":{"line":27,"column":0},"end":{"line":27,"column":40}},"27":{"start":{"line":28,"column":0},"end":{"line":28,"column":60}},"28":{"start":{"line":29,"column":0},"end":{"line":29,"column":50}},"30":{"start":{"line":31,"column":0},"end":{"line":31,"column":39}},"31":{"start":{"line":32,"column":0},"end":{"line":32,"column":49}},"32":{"start":{"line":33,"column":0},"end":{"line":33,"column":95}},"33":{"start":{"line":34,"column":0},"end":{"line":34,"column":63}},"34":{"start":{"line":35,"column":0},"end":{"line":35,"column":1}},"36":{"start":{"line":37,"column":0},"end":{"line":37,"column":22}},"37":{"start":{"line":38,"column":0},"end":{"line":38,"column":40}},"39":{"start":{"line":40,"column":0},"end":{"line":40,"column":10}},"40":{"start":{"line":41,"column":0},"end":{"line":41,"column":12}},"41":{"start":{"line":42,"column":0},"end":{"line":42,"column":89}},"42":{"start":{"line":43,"column":0},"end":{"line":43,"column":71}},"44":{"start":{"line":45,"column":0},"end":{"line":45,"column":50}},"45":{"start":{"line":46,"column":0},"end":{"line":46,"column":57}},"46":{"start":{"line":47,"column":0},"end":{"line":47,"column":81}},"47":{"start":{"line":48,"column":0},"end":{"line":48,"column":64}},"48":{"start":{"line":49,"column":0},"end":{"line":49,"column":65}},"49":{"start":{"line":50,"column":0},"end":{"line":50,"column":55}},"50":{"start":{"line":51,"column":0},"end":{"line":51,"column":67}},"51":{"start":{"line":52,"column":0},"end":{"line":52,"column":49}},"52":{"start":{"line":53,"column":0},"end":{"line":53,"column":55}},"53":{"start":{"line":54,"column":0},"end":{"line":54,"column":61}},"54":{"start":{"line":55,"column":0},"end":{"line":55,"column":70}},"57":{"start":{"line":58,"column":0},"end":{"line":58,"column":55}},"58":{"start":{"line":59,"column":0},"end":{"line":59,"column":55}},"59":{"start":{"line":60,"column":0},"end":{"line":60,"column":57}},"60":{"start":{"line":61,"column":0},"end":{"line":61,"column":57}},"61":{"start":{"line":62,"column":0},"end":{"line":62,"column":61}},"62":{"start":{"line":63,"column":0},"end":{"line":63,"column":83}},"63":{"start":{"line":64,"column":0},"end":{"line":64,"column":59}},"64":{"start":{"line":65,"column":0},"end":{"line":65,"column":70}},"65":{"start":{"line":66,"column":0},"end":{"line":66,"column":78}},"66":{"start":{"line":67,"column":0},"end":{"line":67,"column":78}},"67":{"start":{"line":68,"column":0},"end":{"line":68,"column":74}},"68":{"start":{"line":69,"column":0},"end":{"line":69,"column":63}},"69":{"start":{"line":70,"column":0},"end":{"line":70,"column":70}},"70":{"start":{"line":71,"column":0},"end":{"line":71,"column":57}},"71":{"start":{"line":72,"column":0},"end":{"line":72,"column":14}},"72":{"start":{"line":73,"column":0},"end":{"line":73,"column":54}},"73":{"start":{"line":74,"column":0},"end":{"line":74,"column":13}},"75":{"start":{"line":76,"column":0},"end":{"line":76,"column":1}},"77":{"start":{"line":78,"column":0},"end":{"line":78,"column":31}},"78":{"start":{"line":79,"column":0},"end":{"line":79,"column":10}},"79":{"start":{"line":80,"column":0},"end":{"line":80,"column":19}},"80":{"start":{"line":81,"column":0},"end":{"line":81,"column":20}},"81":{"start":{"line":82,"column":0},"end":{"line":82,"column":23}},"82":{"start":{"line":83,"column":0},"end":{"line":83,"column":23}},"83":{"start":{"line":84,"column":0},"end":{"line":84,"column":24}},"84":{"start":{"line":85,"column":0},"end":{"line":85,"column":21}},"85":{"start":{"line":86,"column":0},"end":{"line":86,"column":20}},"87":{"start":{"line":88,"column":0},"end":{"line":88,"column":1}}},"s":{"0":0,"1":0,"2":0,"3":0,"4":0,"5":0,"6":0,"7":0,"8":0,"9":0,"10":0,"11":0,"12":0,"13":0,"14":0,"15":0,"16":0,"17":0,"18":0,"19":0,"20":0,"21":0,"22":0,"23":0,"24":0,"25":0,"26":0,"27":0,"28":0,"30":0,"31":0,"32":0,"33":0,"34":0,"36":0,"37":0,"39":0,"40":0,"41":0,"42":0,"44":0,"45":0,"46":0,"47":0,"48":0,"49":0,"50":0,"51":0,"52":0,"53":0,"54":0,"57":0,"58":0,"59":0,"60":0,"61":0,"62":0,"63":0,"64":0,"65":0,"66":0,"67":0,"68":0,"69":0,"70":0,"71":0,"72":0,"73":0,"75":0,"77":0,"78":0,"79":0,"80":0,"81":0,"82":0,"83":0,"84":0,"85":0,"87":0},"branchMap":{"0":{"type":"branch","line":1,"loc":{"start":{"line":1,"column":3985},"end":{"line":88,"column":1}},"locations":[{"start":{"line":1,"column":3985},"end":{"line":88,"column":1}}]}},"b":{"0":[0]},"fnMap":{"0":{"name":"(empty-report)","decl":{"start":{"line":1,"column":3985},"end":{"line":88,"column":1}},"loc":{"start":{"line":1,"column":3985},"end":{"line":88,"column":1}},"line":1}},"f":{"0":0}}
,"C:\\planner_UC\\frontend\\src\\api\\axios.js": {"path":"C:\\planner_UC\\frontend\\src\\api\\axios.js","all":false,"statementMap":{"0":{"start":{"line":1,"column":0},"end":{"line":1,"column":26}},"2":{"start":{"line":3,"column":0},"end":{"line":3,"column":26}},"3":{"start":{"line":4,"column":0},"end":{"line":4,"column":71}},"4":{"start":{"line":5,"column":0},"end":{"line":5,"column":49}},"5":{"start":{"line":6,"column":0},"end":{"line":6,"column":3}},"7":{"start":{"line":8,"column":0},"end":{"line":8,"column":32}},"8":{"start":{"line":9,"column":0},"end":{"line":9,"column":40}},"9":{"start":{"line":10,"column":0},"end":{"line":10,"column":46}},"10":{"start":{"line":11,"column":0},"end":{"line":11,"column":14}},"11":{"start":{"line":12,"column":0},"end":{"line":12,"column":53}},"12":{"start":{"line":13,"column":0},"end":{"line":13,"column":3}},"13":{"start":{"line":14,"column":0},"end":{"line":14,"column":16}},"14":{"start":{"line":15,"column":0},"end":{"line":15,"column":3}},"16":{"start":{"line":17,"column":0},"end":{"line":17,"column":21}},"17":{"start":{"line":18,"column":0},"end":{"line":18,"column":30}},"18":{"start":{"line":19,"column":0},"end":{"line":19,"column":23}},"19":{"start":{"line":20,"column":0},"end":{"line":20,"column":12}},"20":{"start":{"line":21,"column":0},"end":{"line":21,"column":41}},"21":{"start":{"line":22,"column":0},"end":{"line":22,"column":39}},"22":{"start":{"line":23,"column":0},"end":{"line":23,"column":38}},"23":{"start":{"line":24,"column":0},"end":{"line":24,"column":38}},"24":{"start":{"line":25,"column":0},"end":{"line":25,"column":5}},"25":{"start":{"line":26,"column":0},"end":{"line":26,"column":33}},"26":{"start":{"line":27,"column":0},"end":{"line":27,"column":3}},"27":{"start":{"line":28,"column":0},"end":{"line":28,"column":2}},"29":{"start":{"line":30,"column":0},"end":{"line":30,"column":19}}},"s":{"0":1,"2":1,"3":1,"4":1,"5":1,"7":1,"8":1,"9":11,"10":11,"11":5,"12":5,"13":11,"14":1,"16":1,"17":1,"18":1,"19":1,"20":3,"21":3,"22":3,"23":3,"24":3,"25":3,"26":3,"27":1,"29":1},"branchMap":{"0":{"type":"branch","line":4,"loc":{"start":{"line":4,"column":40},"end":{"line":4,"column":70}},"locations":[{"start":{"line":4,"column":40},"end":{"line":4,"column":70}}]},"1":{"type":"branch","line":9,"loc":{"start":{"line":9,"column":29},"end":{"line":15,"column":2}},"locations":[{"start":{"line":9,"column":29},"end":{"line":15,"column":2}}]},"2":{"type":"branch","line":11,"loc":{"start":{"line":11,"column":13},"end":{"line":13,"column":3}},"locations":[{"start":{"line":11,"column":13},"end":{"line":13,"column":3}}]},"3":{"type":"branch","line":19,"loc":{"start":{"line":19,"column":2},"end":{"line":19,"column":22}},"locations":[{"start":{"line":19,"column":2},"end":{"line":19,"column":22}}]},"4":{"type":"branch","line":20,"loc":{"start":{"line":20,"column":2},"end":{"line":27,"column":3}},"locations":[{"start":{"line":20,"column":2},"end":{"line":27,"column":3}}]}},"b":{"0":[0],"1":[11],"2":[5],"3":[8],"4":[3]},"fnMap":{},"f":{}}
,"C:\\planner_UC\\frontend\\src\\components\\error\\ErrorBoundary.jsx": {"path":"C:\\planner_UC\\frontend\\src\\components\\error\\ErrorBoundary.jsx","all":false,"statementMap":{"0":{"start":{"line":1,"column":0},"end":{"line":1,"column":34}},"2":{"start":{"line":3,"column":0},"end":{"line":3,"column":54}},"3":{"start":{"line":4,"column":0},"end":{"line":4,"column":22}},"4":{"start":{"line":5,"column":0},"end":{"line":5,"column":17}},"5":{"start":{"line":6,"column":0},"end":{"line":6,"column":50}},"6":{"start":{"line":7,"column":0},"end":{"line":7,"column":3}},"8":{"start":{"line":9,"column":0},"end":{"line":9,"column":42}},"9":{"start":{"line":10,"column":0},"end":{"line":10,"column":37}},"10":{"start":{"line":11,"column":0},"end":{"line":11,"column":3}},"12":{"start":{"line":13,"column":0},"end":{"line":13,"column":39}},"13":{"start":{"line":14,"column":0},"end":{"line":14,"column":61}},"14":{"start":{"line":15,"column":0},"end":{"line":15,"column":3}},"16":{"start":{"line":17,"column":0},"end":{"line":17,"column":12}},"17":{"start":{"line":18,"column":0},"end":{"line":18,"column":30}},"18":{"start":{"line":19,"column":0},"end":{"line":19,"column":14}},"19":{"start":{"line":20,"column":0},"end":{"line":20,"column":40}},"20":{"start":{"line":21,"column":0},"end":{"line":21,"column":33}},"21":{"start":{"line":22,"column":0},"end":{"line":22,"column":84}},"22":{"start":{"line":23,"column":0},"end":{"line":23,"column":87}},"24":{"start":{"line":25,"column":0},"end":{"line":25,"column":19}},"25":{"start":{"line":26,"column":0},"end":{"line":26,"column":14}},"27":{"start":{"line":28,"column":0},"end":{"line":28,"column":5}},"28":{"start":{"line":29,"column":0},"end":{"line":29,"column":31}},"29":{"start":{"line":30,"column":0},"end":{"line":30,"column":3}},"30":{"start":{"line":31,"column":0},"end":{"line":31,"column":1}}},"s":{"0":1,"2":1,"3":1,"4":4,"5":4,"6":4,"8":1,"9":2,"10":2,"12":1,"13":1,"14":1,"16":1,"17":5,"18":2,"19":2,"20":2,"21":2,"22":2,"24":2,"25":2,"27":2,"28":3,"29":5,"30":1},"branchMap":{"0":{"type":"branch","line":4,"loc":{"start":{"line":4,"column":2},"end":{"line":7,"column":3}},"locations":[{"start":{"line":4,"column":2},"end":{"line":7,"column":3}}]},"1":{"type":"branch","line":9,"loc":{"start":{"line":9,"column":9},"end":{"line":11,"column":3}},"locations":[{"start":{"line":9,"column":9},"end":{"line":11,"column":3}}]},"2":{"type":"branch","line":13,"loc":{"start":{"line":13,"column":2},"end":{"line":15,"column":3}},"locations":[{"start":{"line":13,"column":2},"end":{"line":15,"column":3}}]},"3":{"type":"branch","line":17,"loc":{"start":{"line":17,"column":2},"end":{"line":30,"column":3}},"locations":[{"start":{"line":17,"column":2},"end":{"line":30,"column":3}}]},"4":{"type":"branch","line":18,"loc":{"start":{"line":18,"column":29},"end":{"line":28,"column":5}},"locations":[{"start":{"line":18,"column":29},"end":{"line":28,"column":5}}]},"5":{"type":"branch","line":22,"loc":{"start":{"line":22,"column":32},"end":{"line":22,"column":80}},"locations":[{"start":{"line":22,"column":32},"end":{"line":22,"column":80}}]},"6":{"type":"branch","line":28,"loc":{"start":{"line":28,"column":4},"end":{"line":29,"column":31}},"locations":[{"start":{"line":28,"column":4},"end":{"line":29,"column":31}}]}},"b":{"0":[4],"1":[2],"2":[1],"3":[5],"4":[2],"5":[0],"6":[3]},"fnMap":{"0":{"name":"ErrorBoundary","decl":{"start":{"line":4,"column":2},"end":{"line":7,"column":3}},"loc":{"start":{"line":4,"column":2},"end":{"line":7,"column":3}},"line":4},"1":{"name":"getDerivedStateFromError","decl":{"start":{"line":9,"column":9},"end":{"line":11,"column":3}},"loc":{"start":{"line":9,"column":9},"end":{"line":11,"column":3}},"line":9},"2":{"name":"componentDidCatch","decl":{"start":{"line":13,"column":2},"end":{"line":15,"column":3}},"loc":{"start":{"line":13,"column":2},"end":{"line":15,"column":3}},"line":13},"3":{"name":"render","decl":{"start":{"line":17,"column":2},"end":{"line":30,"column":3}},"loc":{"start":{"line":17,"column":2},"end":{"line":30,"column":3}},"line":17},"4":{"name":"onClick","decl":{"start":{"line":23,"column":55},"end":{"line":23,"column":87}},"loc":{"start":{"line":23,"column":55},"end":{"line":23,"column":87}},"line":23}},"f":{"0":4,"1":2,"2":1,"3":5,"4":0}}
,"C:\\planner_UC\\frontend\\src\\components\\layout\\Header.jsx": {"path":"C:\\planner_UC\\frontend\\src\\components\\layout\\Header.jsx","all":false,"statementMap":{"0":{"start":{"line":1,"column":0},"end":{"line":1,"column":47}},"1":{"start":{"line":2,"column":0},"end":{"line":2,"column":52}},"2":{"start":{"line":3,"column":0},"end":{"line":3,"column":81}},"3":{"start":{"line":4,"column":0},"end":{"line":4,"column":44}},"4":{"start":{"line":5,"column":0},"end":{"line":5,"column":34}},"5":{"start":{"line":6,"column":0},"end":{"line":6,"column":22}},"7":{"start":{"line":8,"column":0},"end":{"line":8,"column":34}},"8":{"start":{"line":9,"column":0},"end":{"line":9,"column":31}},"9":{"start":{"line":10,"column":0},"end":{"line":10,"column":33}},"10":{"start":{"line":11,"column":0},"end":{"line":11,"column":52}},"12":{"start":{"line":13,"column":0},"end":{"line":13,"column":19}},"13":{"start":{"line":14,"column":0},"end":{"line":14,"column":58}},"14":{"start":{"line":15,"column":0},"end":{"line":15,"column":61}},"15":{"start":{"line":16,"column":0},"end":{"line":16,"column":23}},"16":{"start":{"line":17,"column":0},"end":{"line":17,"column":9}},"18":{"start":{"line":19,"column":0},"end":{"line":19,"column":30}},"19":{"start":{"line":20,"column":0},"end":{"line":20,"column":13}},"20":{"start":{"line":21,"column":0},"end":{"line":21,"column":23}},"21":{"start":{"line":22,"column":0},"end":{"line":22,"column":4}},"23":{"start":{"line":24,"column":0},"end":{"line":24,"column":10}},"24":{"start":{"line":25,"column":0},"end":{"line":25,"column":31}},"25":{"start":{"line":26,"column":0},"end":{"line":26,"column":35}},"26":{"start":{"line":27,"column":0},"end":{"line":27,"column":39}},"27":{"start":{"line":28,"column":0},"end":{"line":28,"column":53}},"28":{"start":{"line":29,"column":0},"end":{"line":29,"column":80}},"29":{"start":{"line":30,"column":0},"end":{"line":30,"column":14}},"30":{"start":{"line":31,"column":0},"end":{"line":31,"column":12}},"32":{"start":{"line":33,"column":0},"end":{"line":33,"column":36}},"33":{"start":{"line":34,"column":0},"end":{"line":34,"column":15}},"34":{"start":{"line":35,"column":0},"end":{"line":35,"column":37}},"35":{"start":{"line":36,"column":0},"end":{"line":36,"column":52}},"36":{"start":{"line":37,"column":0},"end":{"line":37,"column":32}},"38":{"start":{"line":39,"column":0},"end":{"line":39,"column":27}},"39":{"start":{"line":40,"column":0},"end":{"line":40,"column":31}},"40":{"start":{"line":41,"column":0},"end":{"line":41,"column":94}},"42":{"start":{"line":43,"column":0},"end":{"line":43,"column":17}},"44":{"start":{"line":45,"column":0},"end":{"line":45,"column":42}},"46":{"start":{"line":47,"column":0},"end":{"line":47,"column":89}},"47":{"start":{"line":48,"column":0},"end":{"line":48,"column":29}},"48":{"start":{"line":49,"column":0},"end":{"line":49,"column":17}},"49":{"start":{"line":50,"column":0},"end":{"line":50,"column":12}},"50":{"start":{"line":51,"column":0},"end":{"line":51,"column":13}},"52":{"start":{"line":53,"column":0},"end":{"line":53,"column":1}}},"s":{"0":1,"1":1,"2":1,"3":1,"4":1,"5":1,"7":16,"8":16,"9":16,"10":16,"12":16,"13":6,"14":6,"15":6,"16":16,"18":16,"19":1,"20":1,"21":1,"23":16,"24":16,"25":16,"26":16,"27":16,"28":16,"29":16,"30":16,"32":16,"33":16,"34":16,"35":16,"36":16,"38":16,"39":16,"40":1,"42":16,"44":16,"46":16,"47":16,"48":16,"49":16,"50":16,"52":16},"branchMap":{"0":{"type":"branch","line":8,"loc":{"start":{"line":8,"column":0},"end":{"line":53,"column":1}},"locations":[{"start":{"line":8,"column":0},"end":{"line":53,"column":1}}]},"1":{"type":"branch","line":40,"loc":{"start":{"line":40,"column":25},"end":{"line":41,"column":94}},"locations":[{"start":{"line":40,"column":25},"end":{"line":41,"column":94}}]},"2":{"type":"branch","line":41,"loc":{"start":{"line":41,"column":64},"end":{"line":41,"column":75}},"locations":[{"start":{"line":41,"column":64},"end":{"line":41,"column":75}}]},"3":{"type":"branch","line":13,"loc":{"start":{"line":13,"column":12},"end":{"line":17,"column":5}},"locations":[{"start":{"line":13,"column":12},"end":{"line":17,"column":5}}]},"4":{"type":"branch","line":15,"loc":{"start":{"line":15,"column":12},"end":{"line":15,"column":60}},"locations":[{"start":{"line":15,"column":12},"end":{"line":15,"column":60}}]},"5":{"type":"branch","line":15,"loc":{"start":{"line":15,"column":43},"end":{"line":15,"column":59}},"locations":[{"start":{"line":15,"column":43},"end":{"line":15,"column":59}}]},"6":{"type":"branch","line":19,"loc":{"start":{"line":19,"column":23},"end":{"line":22,"column":4}},"locations":[{"start":{"line":19,"column":23},"end":{"line":22,"column":4}}]},"7":{"type":"branch","line":36,"loc":{"start":{"line":36,"column":19},"end":{"line":36,"column":52}},"locations":[{"start":{"line":36,"column":19},"end":{"line":36,"column":52}}]}},"b":{"0":[16],"1":[1],"2":[0],"3":[6],"4":[6],"5":[0],"6":[1],"7":[1]},"fnMap":{"0":{"name":"Header","decl":{"start":{"line":8,"column":0},"end":{"line":53,"column":1}},"loc":{"start":{"line":8,"column":0},"end":{"line":53,"column":1}},"line":8},"1":{"name":"handleLogout","decl":{"start":{"line":19,"column":23},"end":{"line":22,"column":4}},"loc":{"start":{"line":19,"column":23},"end":{"line":22,"column":4}},"line":19},"2":{"name":"onClick","decl":{"start":{"line":36,"column":19},"end":{"line":36,"column":52}},"loc":{"start":{"line":36,"column":19},"end":{"line":36,"column":52}},"line":36}},"f":{"0":16,"1":1,"2":1}}
,"C:\\planner_UC\\frontend\\src\\components\\layout\\MainLayout.jsx": {"path":"C:\\planner_UC\\frontend\\src\\components\\layout\\MainLayout.jsx","all":false,"statementMap":{"0":{"start":{"line":1,"column":0},"end":{"line":1,"column":42}},"1":{"start":{"line":2,"column":0},"end":{"line":2,"column":32}},"2":{"start":{"line":3,"column":0},"end":{"line":3,"column":30}},"3":{"start":{"line":4,"column":0},"end":{"line":4,"column":26}},"5":{"start":{"line":6,"column":0},"end":{"line":6,"column":38}},"6":{"start":{"line":7,"column":0},"end":{"line":7,"column":10}},"7":{"start":{"line":8,"column":0},"end":{"line":8,"column":32}},"8":{"start":{"line":9,"column":0},"end":{"line":9,"column":17}},"9":{"start":{"line":10,"column":0},"end":{"line":10,"column":32}},"10":{"start":{"line":11,"column":0},"end":{"line":11,"column":18}},"11":{"start":{"line":12,"column":0},"end":{"line":12,"column":39}},"12":{"start":{"line":13,"column":0},"end":{"line":13,"column":20}},"13":{"start":{"line":14,"column":0},"end":{"line":14,"column":15}},"14":{"start":{"line":15,"column":0},"end":{"line":15,"column":12}},"15":{"start":{"line":16,"column":0},"end":{"line":16,"column":10}},"17":{"start":{"line":18,"column":0},"end":{"line":18,"column":1}}},"s":{"0":1,"1":1,"2":1,"3":1,"5":1,"6":1,"7":1,"8":1,"9":1,"10":1,"11":1,"12":1,"13":1,"14":1,"15":1,"17":1},"branchMap":{"0":{"type":"branch","line":6,"loc":{"start":{"line":6,"column":0},"end":{"line":18,"column":1}},"locations":[{"start":{"line":6,"column":0},"end":{"line":18,"column":1}}]}},"b":{"0":[1]},"fnMap":{"0":{"name":"MainLayout","decl":{"start":{"line":6,"column":0},"end":{"line":18,"column":1}},"loc":{"start":{"line":6,"column":0},"end":{"line":18,"column":1}},"line":6}},"f":{"0":1}}
,"C:\\planner_UC\\frontend\\src\\components\\layout\\Sidebar.jsx": {"path":"C:\\planner_UC\\frontend\\src\\components\\layout\\Sidebar.jsx","all":false,"statementMap":{"0":{"start":{"line":1,"column":0},"end":{"line":1,"column":43}},"1":{"start":{"line":2,"column":0},"end":{"line":2,"column":52}},"2":{"start":{"line":3,"column":0},"end":{"line":3,"column":8}},"22":{"start":{"line":23,"column":0},"end":{"line":23,"column":23}},"25":{"start":{"line":26,"column":0},"end":{"line":26,"column":17}},"26":{"start":{"line":27,"column":0},"end":{"line":27,"column":54}},"27":{"start":{"line":28,"column":0},"end":{"line":28,"column":2}},"30":{"start":{"line":31,"column":0},"end":{"line":31,"column":20}},"31":{"start":{"line":32,"column":0},"end":{"line":32,"column":80}},"32":{"start":{"line":33,"column":0},"end":{"line":33,"column":79}},"33":{"start":{"line":34,"column":0},"end":{"line":34,"column":84}},"34":{"start":{"line":35,"column":0},"end":{"line":35,"column":83}},"35":{"start":{"line":36,"column":0},"end":{"line":36,"column":75}},"36":{"start":{"line":37,"column":0},"end":{"line":37,"column":71}},"37":{"start":{"line":38,"column":0},"end":{"line":38,"column":2}},"40":{"start":{"line":41,"column":0},"end":{"line":41,"column":20}},"41":{"start":{"line":42,"column":0},"end":{"line":42,"column":85}},"42":{"start":{"line":43,"column":0},"end":{"line":43,"column":79}},"43":{"start":{"line":44,"column":0},"end":{"line":44,"column":79}},"44":{"start":{"line":45,"column":0},"end":{"line":45,"column":75}},"45":{"start":{"line":46,"column":0},"end":{"line":46,"column":71}},"46":{"start":{"line":47,"column":0},"end":{"line":47,"column":2}},"49":{"start":{"line":50,"column":0},"end":{"line":50,"column":24}},"50":{"start":{"line":51,"column":0},"end":{"line":51,"column":75}},"51":{"start":{"line":52,"column":0},"end":{"line":52,"column":81}},"52":{"start":{"line":53,"column":0},"end":{"line":53,"column":79}},"53":{"start":{"line":54,"column":0},"end":{"line":54,"column":67}},"54":{"start":{"line":55,"column":0},"end":{"line":55,"column":75}},"55":{"start":{"line":56,"column":0},"end":{"line":56,"column":71}},"56":{"start":{"line":57,"column":0},"end":{"line":57,"column":2}},"58":{"start":{"line":59,"column":0},"end":{"line":59,"column":26}},"59":{"start":{"line":60,"column":0},"end":{"line":60,"column":47}},"60":{"start":{"line":61,"column":0},"end":{"line":61,"column":70}},"61":{"start":{"line":62,"column":0},"end":{"line":62,"column":70}},"62":{"start":{"line":63,"column":0},"end":{"line":63,"column":69}},"63":{"start":{"line":64,"column":0},"end":{"line":64,"column":67}},"64":{"start":{"line":65,"column":0},"end":{"line":65,"column":73}},"65":{"start":{"line":66,"column":0},"end":{"line":66,"column":69}},"66":{"start":{"line":67,"column":0},"end":{"line":67,"column":90}},"67":{"start":{"line":68,"column":0},"end":{"line":68,"column":45}},"68":{"start":{"line":69,"column":0},"end":{"line":69,"column":88}},"69":{"start":{"line":70,"column":0},"end":{"line":70,"column":86}},"70":{"start":{"line":71,"column":0},"end":{"line":71,"column":91}},"71":{"start":{"line":72,"column":0},"end":{"line":72,"column":2}},"73":{"start":{"line":74,"column":0},"end":{"line":74,"column":35}},"74":{"start":{"line":75,"column":0},"end":{"line":75,"column":35}},"76":{"start":{"line":77,"column":0},"end":{"line":77,"column":30}},"77":{"start":{"line":78,"column":0},"end":{"line":78,"column":30}},"78":{"start":{"line":79,"column":0},"end":{"line":79,"column":33}},"79":{"start":{"line":80,"column":0},"end":{"line":80,"column":34}},"80":{"start":{"line":81,"column":0},"end":{"line":81,"column":33}},"81":{"start":{"line":82,"column":0},"end":{"line":82,"column":10}},"82":{"start":{"line":83,"column":0},"end":{"line":83,"column":37}},"83":{"start":{"line":84,"column":0},"end":{"line":84,"column":39}},"84":{"start":{"line":85,"column":0},"end":{"line":85,"column":3}},"86":{"start":{"line":87,"column":0},"end":{"line":87,"column":22}},"87":{"start":{"line":88,"column":0},"end":{"line":88,"column":29}},"88":{"start":{"line":89,"column":0},"end":{"line":89,"column":23}},"89":{"start":{"line":90,"column":0},"end":{"line":90,"column":30}},"90":{"start":{"line":91,"column":0},"end":{"line":91,"column":4}},"92":{"start":{"line":93,"column":0},"end":{"line":93,"column":10}},"93":{"start":{"line":94,"column":0},"end":{"line":94,"column":31}},"94":{"start":{"line":95,"column":0},"end":{"line":95,"column":37}},"95":{"start":{"line":96,"column":0},"end":{"line":96,"column":38}},"96":{"start":{"line":97,"column":0},"end":{"line":97,"column":31}},"97":{"start":{"line":98,"column":0},"end":{"line":98,"column":14}},"98":{"start":{"line":99,"column":0},"end":{"line":99,"column":56}},"99":{"start":{"line":100,"column":0},"end":{"line":100,"column":12}},"101":{"start":{"line":102,"column":0},"end":{"line":102,"column":35}},"102":{"start":{"line":103,"column":0},"end":{"line":103,"column":38}},"103":{"start":{"line":104,"column":0},"end":{"line":104,"column":40}},"104":{"start":{"line":105,"column":0},"end":{"line":105,"column":20}},"105":{"start":{"line":106,"column":0},"end":{"line":106,"column":63}},"106":{"start":{"line":107,"column":0},"end":{"line":107,"column":28}},"107":{"start":{"line":108,"column":0},"end":{"line":108,"column":20}},"109":{"start":{"line":110,"column":0},"end":{"line":110,"column":11}},"110":{"start":{"line":111,"column":0},"end":{"line":111,"column":18}},"111":{"start":{"line":112,"column":0},"end":{"line":112,"column":20}},"112":{"start":{"line":113,"column":0},"end":{"line":113,"column":42}},"113":{"start":{"line":114,"column":0},"end":{"line":114,"column":28}},"114":{"start":{"line":115,"column":0},"end":{"line":115,"column":86}},"115":{"start":{"line":116,"column":0},"end":{"line":116,"column":37}},"117":{"start":{"line":118,"column":0},"end":{"line":118,"column":65}},"118":{"start":{"line":119,"column":0},"end":{"line":119,"column":65}},"119":{"start":{"line":120,"column":0},"end":{"line":120,"column":22}},"121":{"start":{"line":122,"column":0},"end":{"line":122,"column":11}},"122":{"start":{"line":123,"column":0},"end":{"line":123,"column":12}},"124":{"start":{"line":125,"column":0},"end":{"line":125,"column":38}},"125":{"start":{"line":126,"column":0},"end":{"line":126,"column":61}},"126":{"start":{"line":127,"column":0},"end":{"line":127,"column":42}},"127":{"start":{"line":128,"column":0},"end":{"line":128,"column":42}},"128":{"start":{"line":129,"column":0},"end":{"line":129,"column":16}},"129":{"start":{"line":130,"column":0},"end":{"line":130,"column":45}},"130":{"start":{"line":131,"column":0},"end":{"line":131,"column":80}},"131":{"start":{"line":132,"column":0},"end":{"line":132,"column":81}},"132":{"start":{"line":133,"column":0},"end":{"line":133,"column":16}},"133":{"start":{"line":134,"column":0},"end":{"line":134,"column":18}},"134":{"start":{"line":135,"column":0},"end":{"line":135,"column":12}},"135":{"start":{"line":136,"column":0},"end":{"line":136,"column":12}},"137":{"start":{"line":138,"column":0},"end":{"line":138,"column":1}}},"s":{"0":1,"1":1,"2":1,"22":1,"25":1,"26":1,"27":1,"30":1,"31":1,"32":1,"33":1,"34":1,"35":1,"36":1,"37":1,"40":1,"41":1,"42":1,"43":1,"44":1,"45":1,"46":1,"49":1,"50":1,"51":1,"52":1,"53":1,"54":1,"55":1,"56":1,"58":1,"59":1,"60":1,"61":1,"62":1,"63":1,"64":1,"65":1,"66":1,"67":1,"68":1,"69":1,"70":1,"71":1,"73":18,"74":18,"76":18,"77":18,"78":2,"79":18,"80":1,"81":16,"82":15,"83":15,"84":15,"86":18,"87":18,"88":18,"89":18,"90":18,"92":18,"93":18,"94":18,"95":18,"96":18,"97":18,"98":18,"99":18,"101":18,"102":18,"103":305,"104":30,"105":30,"106":30,"107":30,"109":30,"110":275,"111":275,"112":275,"113":275,"114":275,"115":275,"117":275,"118":275,"119":275,"121":18,"122":18,"124":18,"125":18,"126":18,"127":18,"128":18,"129":18,"130":18,"131":18,"132":18,"133":18,"134":18,"135":18,"137":18},"branchMap":{"0":{"type":"branch","line":74,"loc":{"start":{"line":74,"column":0},"end":{"line":138,"column":1}},"locations":[{"start":{"line":74,"column":0},"end":{"line":138,"column":1}}]},"1":{"type":"branch","line":78,"loc":{"start":{"line":78,"column":29},"end":{"line":80,"column":13}},"locations":[{"start":{"line":78,"column":29},"end":{"line":80,"column":13}}]},"2":{"type":"branch","line":80,"loc":{"start":{"line":80,"column":2},"end":{"line":85,"column":3}},"locations":[{"start":{"line":80,"column":2},"end":{"line":85,"column":3}}]},"3":{"type":"branch","line":80,"loc":{"start":{"line":80,"column":33},"end":{"line":82,"column":9}},"locations":[{"start":{"line":80,"column":33},"end":{"line":82,"column":9}}]},"4":{"type":"branch","line":82,"loc":{"start":{"line":82,"column":2},"end":{"line":85,"column":3}},"locations":[{"start":{"line":82,"column":2},"end":{"line":85,"column":3}}]},"5":{"type":"branch","line":128,"loc":{"start":{"line":128,"column":13},"end":{"line":128,"column":32}},"locations":[{"start":{"line":128,"column":13},"end":{"line":128,"column":32}}]},"6":{"type":"branch","line":128,"loc":{"start":{"line":128,"column":33},"end":{"line":128,"column":42}},"locations":[{"start":{"line":128,"column":33},"end":{"line":128,"column":42}}]},"7":{"type":"branch","line":131,"loc":{"start":{"line":131,"column":49},"end":{"line":131,"column":63}},"locations":[{"start":{"line":131,"column":49},"end":{"line":131,"column":63}}]},"8":{"type":"branch","line":131,"loc":{"start":{"line":131,"column":55},"end":{"line":131,"column":73}},"locations":[{"start":{"line":131,"column":55},"end":{"line":131,"column":73}}]},"9":{"type":"branch","line":132,"loc":{"start":{"line":132,"column":64},"end":{"line":132,"column":74}},"locations":[{"start":{"line":132,"column":64},"end":{"line":132,"column":74}}]},"10":{"type":"branch","line":103,"loc":{"start":{"line":103,"column":22},"end":{"line":122,"column":9}},"locations":[{"start":{"line":103,"column":22},"end":{"line":122,"column":9}}]},"11":{"type":"branch","line":104,"loc":{"start":{"line":104,"column":39},"end":{"line":110,"column":11}},"locations":[{"start":{"line":104,"column":39},"end":{"line":110,"column":11}}]},"12":{"type":"branch","line":110,"loc":{"start":{"line":110,"column":10},"end":{"line":120,"column":22}},"locations":[{"start":{"line":110,"column":10},"end":{"line":120,"column":22}}]},"13":{"type":"branch","line":115,"loc":{"start":{"line":115,"column":25},"end":{"line":115,"column":86}},"locations":[{"start":{"line":115,"column":25},"end":{"line":115,"column":86}}]},"14":{"type":"branch","line":115,"loc":{"start":{"line":115,"column":59},"end":{"line":115,"column":81}},"locations":[{"start":{"line":115,"column":59},"end":{"line":115,"column":81}}]},"15":{"type":"branch","line":115,"loc":{"start":{"line":115,"column":70},"end":{"line":115,"column":83}},"locations":[{"start":{"line":115,"column":70},"end":{"line":115,"column":83}}]}},"b":{"0":[18],"1":[2],"2":[16],"3":[1],"4":[15],"5":[9],"6":[9],"7":[9],"8":[9],"9":[9],"10":[305],"11":[30],"12":[275],"13":[275],"14":[18],"15":[257]},"fnMap":{"0":{"name":"Sidebar","decl":{"start":{"line":74,"column":0},"end":{"line":138,"column":1}},"loc":{"start":{"line":74,"column":0},"end":{"line":138,"column":1}},"line":74},"1":{"name":"className","decl":{"start":{"line":115,"column":25},"end":{"line":115,"column":86}},"loc":{"start":{"line":115,"column":25},"end":{"line":115,"column":86}},"line":115}},"f":{"0":18,"1":275}}
,"C:\\planner_UC\\frontend\\src\\components\\schedule\\ScheduleCell.jsx": {"path":"C:\\planner_UC\\frontend\\src\\components\\schedule\\ScheduleCell.jsx","all":true,"statementMap":{"0":{"start":{"line":1,"column":0},"end":{"line":1,"column":28}},"10":{"start":{"line":11,"column":0},"end":{"line":11,"column":63}},"11":{"start":{"line":12,"column":0},"end":{"line":12,"column":20}},"12":{"start":{"line":13,"column":0},"end":{"line":13,"column":56}},"13":{"start":{"line":14,"column":0},"end":{"line":14,"column":3}},"15":{"start":{"line":16,"column":0},"end":{"line":16,"column":10}},"16":{"start":{"line":17,"column":0},"end":{"line":17,"column":8}},"17":{"start":{"line":18,"column":0},"end":{"line":18,"column":43}},"18":{"start":{"line":19,"column":0},"end":{"line":19,"column":52}},"19":{"start":{"line":20,"column":0},"end":{"line":20,"column":19}},"20":{"start":{"line":21,"column":0},"end":{"line":21,"column":18}},"21":{"start":{"line":22,"column":0},"end":{"line":22,"column":76}},"23":{"start":{"line":24,"column":0},"end":{"line":24,"column":10}},"24":{"start":{"line":25,"column":0},"end":{"line":25,"column":32}},"25":{"start":{"line":26,"column":0},"end":{"line":26,"column":16}},"26":{"start":{"line":27,"column":0},"end":{"line":27,"column":71}},"27":{"start":{"line":28,"column":0},"end":{"line":28,"column":77}},"28":{"start":{"line":29,"column":0},"end":{"line":29,"column":10}},"30":{"start":{"line":31,"column":0},"end":{"line":31,"column":97}},"31":{"start":{"line":32,"column":0},"end":{"line":32,"column":44}},"32":{"start":{"line":33,"column":0},"end":{"line":33,"column":15}},"33":{"start":{"line":34,"column":0},"end":{"line":34,"column":38}},"34":{"start":{"line":35,"column":0},"end":{"line":35,"column":42}},"35":{"start":{"line":36,"column":0},"end":{"line":36,"column":15}},"36":{"start":{"line":37,"column":0},"end":{"line":37,"column":12}},"37":{"start":{"line":38,"column":0},"end":{"line":38,"column":10}},"39":{"start":{"line":40,"column":0},"end":{"line":40,"column":1}}},"s":{"0":0,"10":0,"11":0,"12":0,"13":0,"15":0,"16":0,"17":0,"18":0,"19":0,"20":0,"21":0,"23":0,"24":0,"25":0,"26":0,"27":0,"28":0,"30":0,"31":0,"32":0,"33":0,"34":0,"35":0,"36":0,"37":0,"39":0},"branchMap":{"0":{"type":"branch","line":1,"loc":{"start":{"line":1,"column":1161},"end":{"line":40,"column":1}},"locations":[{"start":{"line":1,"column":1161},"end":{"line":40,"column":1}}]}},"b":{"0":[0]},"fnMap":{"0":{"name":"(empty-report)","decl":{"start":{"line":1,"column":1161},"end":{"line":40,"column":1}},"loc":{"start":{"line":1,"column":1161},"end":{"line":40,"column":1}},"line":1}},"f":{"0":0}}
,"C:\\planner_UC\\frontend\\src\\components\\schedule\\ScheduleGrid.jsx": {"path":"C:\\planner_UC\\frontend\\src\\components\\schedule\\ScheduleGrid.jsx","all":false,"statementMap":{"0":{"start":{"line":1,"column":0},"end":{"line":1,"column":28}},"2":{"start":{"line":3,"column":0},"end":{"line":3,"column":67}},"3":{"start":{"line":4,"column":0},"end":{"line":4,"column":20}},"4":{"start":{"line":5,"column":0},"end":{"line":5,"column":69}},"5":{"start":{"line":6,"column":0},"end":{"line":6,"column":69}},"6":{"start":{"line":7,"column":0},"end":{"line":7,"column":51}},"7":{"start":{"line":8,"column":0},"end":{"line":8,"column":2}},"9":{"start":{"line":10,"column":0},"end":{"line":10,"column":16}},"10":{"start":{"line":11,"column":0},"end":{"line":11,"column":67}},"11":{"start":{"line":12,"column":0},"end":{"line":12,"column":65}},"12":{"start":{"line":13,"column":0},"end":{"line":13,"column":45}},"13":{"start":{"line":14,"column":0},"end":{"line":14,"column":2}},"15":{"start":{"line":16,"column":0},"end":{"line":16,"column":26}},"16":{"start":{"line":17,"column":0},"end":{"line":17,"column":39}},"17":{"start":{"line":18,"column":0},"end":{"line":18,"column":1}},"19":{"start":{"line":20,"column":0},"end":{"line":20,"column":73}},"20":{"start":{"line":21,"column":0},"end":{"line":21,"column":18}},"21":{"start":{"line":22,"column":0},"end":{"line":22,"column":28}},"22":{"start":{"line":23,"column":0},"end":{"line":23,"column":21}},"24":{"start":{"line":25,"column":0},"end":{"line":25,"column":28}},"25":{"start":{"line":26,"column":0},"end":{"line":26,"column":25}},"26":{"start":{"line":27,"column":0},"end":{"line":27,"column":32}},"27":{"start":{"line":28,"column":0},"end":{"line":28,"column":39}},"29":{"start":{"line":30,"column":0},"end":{"line":30,"column":51}},"30":{"start":{"line":31,"column":0},"end":{"line":31,"column":36}},"31":{"start":{"line":32,"column":0},"end":{"line":32,"column":56}},"32":{"start":{"line":33,"column":0},"end":{"line":33,"column":5}},"34":{"start":{"line":35,"column":0},"end":{"line":35,"column":17}},"35":{"start":{"line":36,"column":0},"end":{"line":36,"column":11}},"36":{"start":{"line":37,"column":0},"end":{"line":37,"column":38}},"37":{"start":{"line":38,"column":0},"end":{"line":38,"column":62}},"38":{"start":{"line":39,"column":0},"end":{"line":39,"column":89}},"39":{"start":{"line":40,"column":0},"end":{"line":40,"column":60}},"40":{"start":{"line":41,"column":0},"end":{"line":41,"column":6}},"41":{"start":{"line":42,"column":0},"end":{"line":42,"column":5}},"43":{"start":{"line":44,"column":0},"end":{"line":44,"column":72}},"45":{"start":{"line":46,"column":0},"end":{"line":46,"column":10}},"46":{"start":{"line":47,"column":0},"end":{"line":47,"column":43}},"47":{"start":{"line":48,"column":0},"end":{"line":48,"column":37}},"48":{"start":{"line":49,"column":0},"end":{"line":49,"column":45}},"49":{"start":{"line":50,"column":0},"end":{"line":50,"column":58}},"50":{"start":{"line":51,"column":0},"end":{"line":51,"column":28}},"51":{"start":{"line":52,"column":0},"end":{"line":52,"column":70}},"52":{"start":{"line":53,"column":0},"end":{"line":53,"column":13}},"53":{"start":{"line":54,"column":0},"end":{"line":54,"column":14}},"55":{"start":{"line":56,"column":0},"end":{"line":56,"column":33}},"56":{"start":{"line":57,"column":0},"end":{"line":57,"column":47}},"57":{"start":{"line":58,"column":0},"end":{"line":58,"column":18}},"58":{"start":{"line":59,"column":0},"end":{"line":59,"column":53}},"59":{"start":{"line":60,"column":0},"end":{"line":60,"column":62}},"60":{"start":{"line":61,"column":0},"end":{"line":61,"column":38}},"61":{"start":{"line":62,"column":0},"end":{"line":62,"column":51}},"62":{"start":{"line":63,"column":0},"end":{"line":63,"column":39}},"63":{"start":{"line":64,"column":0},"end":{"line":64,"column":24}},"64":{"start":{"line":65,"column":0},"end":{"line":65,"column":22}},"65":{"start":{"line":66,"column":0},"end":{"line":66,"column":29}},"66":{"start":{"line":67,"column":0},"end":{"line":67,"column":76}},"67":{"start":{"line":68,"column":0},"end":{"line":68,"column":76}},"69":{"start":{"line":70,"column":0},"end":{"line":70,"column":30}},"70":{"start":{"line":71,"column":0},"end":{"line":71,"column":133}},"71":{"start":{"line":72,"column":0},"end":{"line":72,"column":108}},"72":{"start":{"line":73,"column":0},"end":{"line":73,"column":81}},"73":{"start":{"line":74,"column":0},"end":{"line":74,"column":94}},"74":{"start":{"line":75,"column":0},"end":{"line":75,"column":28}},"76":{"start":{"line":77,"column":0},"end":{"line":77,"column":24}},"78":{"start":{"line":79,"column":0},"end":{"line":79,"column":17}},"79":{"start":{"line":80,"column":0},"end":{"line":80,"column":18}},"81":{"start":{"line":82,"column":0},"end":{"line":82,"column":11}},"82":{"start":{"line":83,"column":0},"end":{"line":83,"column":12}},"83":{"start":{"line":84,"column":0},"end":{"line":84,"column":10}},"85":{"start":{"line":86,"column":0},"end":{"line":86,"column":1}}},"s":{"0":1,"2":1,"3":1,"4":1,"5":1,"6":1,"7":1,"9":1,"10":1,"11":1,"12":1,"13":1,"15":1,"16":1,"17":1,"19":2,"20":2,"21":2,"22":2,"24":2,"25":1,"26":1,"27":1,"29":1,"30":1,"31":1,"32":1,"34":1,"35":1,"36":1,"37":1,"38":1,"39":1,"40":1,"41":2,"43":2,"45":2,"46":2,"47":2,"48":2,"49":2,"50":2,"51":10,"52":2,"53":2,"55":2,"56":22,"57":22,"58":22,"59":22,"60":22,"61":110,"62":110,"63":110,"64":110,"65":110,"66":110,"67":110,"69":110,"70":1,"71":1,"72":1,"73":1,"74":1,"76":110,"78":22,"79":22,"81":2,"82":2,"83":2,"85":2},"branchMap":{"0":{"type":"branch","line":16,"loc":{"start":{"line":16,"column":0},"end":{"line":18,"column":1}},"locations":[{"start":{"line":16,"column":0},"end":{"line":18,"column":1}}]},"1":{"type":"branch","line":20,"loc":{"start":{"line":20,"column":0},"end":{"line":86,"column":1}},"locations":[{"start":{"line":20,"column":0},"end":{"line":86,"column":1}}]},"2":{"type":"branch","line":25,"loc":{"start":{"line":25,"column":22},"end":{"line":42,"column":3}},"locations":[{"start":{"line":25,"column":22},"end":{"line":42,"column":3}}]},"3":{"type":"branch","line":30,"loc":{"start":{"line":30,"column":23},"end":{"line":30,"column":40}},"locations":[{"start":{"line":30,"column":23},"end":{"line":30,"column":40}}]},"4":{"type":"branch","line":38,"loc":{"start":{"line":38,"column":20},"end":{"line":38,"column":38}},"locations":[{"start":{"line":38,"column":20},"end":{"line":38,"column":38}}]},"5":{"type":"branch","line":39,"loc":{"start":{"line":39,"column":23},"end":{"line":39,"column":44}},"locations":[{"start":{"line":39,"column":23},"end":{"line":39,"column":44}}]},"6":{"type":"branch","line":39,"loc":{"start":{"line":39,"column":46},"end":{"line":39,"column":67}},"locations":[{"start":{"line":39,"column":46},"end":{"line":39,"column":67}}]},"7":{"type":"branch","line":40,"loc":{"start":{"line":40,"column":21},"end":{"line":40,"column":40}},"locations":[{"start":{"line":40,"column":21},"end":{"line":40,"column":40}}]},"8":{"type":"branch","line":51,"loc":{"start":{"line":51,"column":20},"end":{"line":52,"column":70}},"locations":[{"start":{"line":51,"column":20},"end":{"line":52,"column":70}}]},"9":{"type":"branch","line":56,"loc":{"start":{"line":56,"column":24},"end":{"line":82,"column":9}},"locations":[{"start":{"line":56,"column":24},"end":{"line":82,"column":9}}]},"10":{"type":"branch","line":61,"loc":{"start":{"line":61,"column":27},"end":{"line":79,"column":15}},"locations":[{"start":{"line":61,"column":27},"end":{"line":79,"column":15}}]},"11":{"type":"branch","line":67,"loc":{"start":{"line":67,"column":48},"end":{"line":67,"column":71}},"locations":[{"start":{"line":67,"column":48},"end":{"line":67,"column":71}}]},"12":{"type":"branch","line":67,"loc":{"start":{"line":67,"column":55},"end":{"line":67,"column":73}},"locations":[{"start":{"line":67,"column":55},"end":{"line":67,"column":73}}]},"13":{"type":"branch","line":70,"loc":{"start":{"line":70,"column":21},"end":{"line":75,"column":28}},"locations":[{"start":{"line":70,"column":21},"end":{"line":75,"column":28}}]}},"b":{"0":[1],"1":[2],"2":[1],"3":[0],"4":[0],"5":[0],"6":[0],"7":[0],"8":[10],"9":[22],"10":[110],"11":[1],"12":[109],"13":[1]},"fnMap":{"0":{"name":"getColor","decl":{"start":{"line":16,"column":0},"end":{"line":18,"column":1}},"loc":{"start":{"line":16,"column":0},"end":{"line":18,"column":1}},"line":16},"1":{"name":"ScheduleGrid","decl":{"start":{"line":20,"column":0},"end":{"line":86,"column":1}},"loc":{"start":{"line":20,"column":0},"end":{"line":86,"column":1}},"line":20},"2":{"name":"onClick","decl":{"start":{"line":68,"column":29},"end":{"line":68,"column":76}},"loc":{"start":{"line":68,"column":29},"end":{"line":68,"column":76}},"line":68}},"f":{"0":1,"1":2,"2":0}}
,"C:\\planner_UC\\frontend\\src\\components\\ui\\AlertPanel.jsx": {"path":"C:\\planner_UC\\frontend\\src\\components\\ui\\AlertPanel.jsx","all":false,"statementMap":{"0":{"start":{"line":1,"column":0},"end":{"line":1,"column":110}},"1":{"start":{"line":2,"column":0},"end":{"line":2,"column":26}},"3":{"start":{"line":4,"column":0},"end":{"line":4,"column":17}},"4":{"start":{"line":5,"column":0},"end":{"line":5,"column":32}},"5":{"start":{"line":6,"column":0},"end":{"line":6,"column":38}},"6":{"start":{"line":7,"column":0},"end":{"line":7,"column":36}},"7":{"start":{"line":8,"column":0},"end":{"line":8,"column":35}},"8":{"start":{"line":9,"column":0},"end":{"line":9,"column":2}},"10":{"start":{"line":11,"column":0},"end":{"line":11,"column":53}},"11":{"start":{"line":12,"column":0},"end":{"line":12,"column":39}},"13":{"start":{"line":14,"column":0},"end":{"line":14,"column":10}},"14":{"start":{"line":15,"column":0},"end":{"line":15,"column":33}},"15":{"start":{"line":16,"column":0},"end":{"line":16,"column":42}},"16":{"start":{"line":17,"column":0},"end":{"line":17,"column":24}},"17":{"start":{"line":18,"column":0},"end":{"line":18,"column":73}},"18":{"start":{"line":19,"column":0},"end":{"line":19,"column":12}},"19":{"start":{"line":20,"column":0},"end":{"line":20,"column":34}},"20":{"start":{"line":21,"column":0},"end":{"line":21,"column":35}},"21":{"start":{"line":22,"column":0},"end":{"line":22,"column":73}},"22":{"start":{"line":23,"column":0},"end":{"line":23,"column":18}},"23":{"start":{"line":24,"column":0},"end":{"line":24,"column":70}},"24":{"start":{"line":25,"column":0},"end":{"line":25,"column":58}},"25":{"start":{"line":26,"column":0},"end":{"line":26,"column":62}},"26":{"start":{"line":27,"column":0},"end":{"line":27,"column":18}},"28":{"start":{"line":29,"column":0},"end":{"line":29,"column":11}},"29":{"start":{"line":30,"column":0},"end":{"line":30,"column":12}},"30":{"start":{"line":31,"column":0},"end":{"line":31,"column":10}},"32":{"start":{"line":33,"column":0},"end":{"line":33,"column":1}}},"s":{"0":1,"1":1,"3":1,"4":1,"5":1,"6":1,"7":1,"8":1,"10":3,"11":3,"13":2,"14":2,"15":2,"16":2,"17":2,"18":2,"19":2,"20":2,"21":6,"22":6,"23":6,"24":6,"25":6,"26":6,"28":2,"29":2,"30":2,"32":2},"branchMap":{"0":{"type":"branch","line":11,"loc":{"start":{"line":11,"column":0},"end":{"line":33,"column":1}},"locations":[{"start":{"line":11,"column":0},"end":{"line":33,"column":1}}]},"1":{"type":"branch","line":12,"loc":{"start":{"line":12,"column":27},"end":{"line":12,"column":39}},"locations":[{"start":{"line":12,"column":27},"end":{"line":12,"column":39}}]},"2":{"type":"branch","line":12,"loc":{"start":{"line":12,"column":34},"end":{"line":33,"column":1}},"locations":[{"start":{"line":12,"column":34},"end":{"line":33,"column":1}}]},"3":{"type":"branch","line":21,"loc":{"start":{"line":21,"column":20},"end":{"line":29,"column":9}},"locations":[{"start":{"line":21,"column":20},"end":{"line":29,"column":9}}]},"4":{"type":"branch","line":22,"loc":{"start":{"line":22,"column":41},"end":{"line":22,"column":73}},"locations":[{"start":{"line":22,"column":41},"end":{"line":22,"column":73}}]}},"b":{"0":[3],"1":[1],"2":[2],"3":[6],"4":[0]},"fnMap":{"0":{"name":"AlertPanel","decl":{"start":{"line":11,"column":0},"end":{"line":33,"column":1}},"loc":{"start":{"line":11,"column":0},"end":{"line":33,"column":1}},"line":11}},"f":{"0":3}}
,"C:\\planner_UC\\frontend\\src\\components\\ui\\DataTable.jsx": {"path":"C:\\planner_UC\\frontend\\src\\components\\ui\\DataTable.jsx","all":false,"statementMap":{"0":{"start":{"line":1,"column":0},"end":{"line":1,"column":25}},"11":{"start":{"line":12,"column":0},"end":{"line":12,"column":111}},"12":{"start":{"line":13,"column":0},"end":{"line":13,"column":10}},"13":{"start":{"line":14,"column":0},"end":{"line":14,"column":40}},"14":{"start":{"line":15,"column":0},"end":{"line":15,"column":37}},"15":{"start":{"line":16,"column":0},"end":{"line":16,"column":38}},"16":{"start":{"line":17,"column":0},"end":{"line":17,"column":17}},"17":{"start":{"line":18,"column":0},"end":{"line":18,"column":16}},"18":{"start":{"line":19,"column":0},"end":{"line":19,"column":35}},"19":{"start":{"line":20,"column":0},"end":{"line":20,"column":50}},"20":{"start":{"line":21,"column":0},"end":{"line":21,"column":17}},"21":{"start":{"line":22,"column":0},"end":{"line":22,"column":17}},"22":{"start":{"line":23,"column":0},"end":{"line":23,"column":18}},"23":{"start":{"line":24,"column":0},"end":{"line":24,"column":17}},"24":{"start":{"line":25,"column":0},"end":{"line":25,"column":37}},"25":{"start":{"line":26,"column":0},"end":{"line":26,"column":17}},"26":{"start":{"line":27,"column":0},"end":{"line":27,"column":36}},"27":{"start":{"line":28,"column":0},"end":{"line":28,"column":61}},"28":{"start":{"line":29,"column":0},"end":{"line":29,"column":61}},"30":{"start":{"line":31,"column":0},"end":{"line":31,"column":37}},"31":{"start":{"line":32,"column":0},"end":{"line":32,"column":36}},"32":{"start":{"line":33,"column":0},"end":{"line":33,"column":79}},"33":{"start":{"line":34,"column":0},"end":{"line":34,"column":23}},"34":{"start":{"line":35,"column":0},"end":{"line":35,"column":19}},"35":{"start":{"line":36,"column":0},"end":{"line":36,"column":19}},"36":{"start":{"line":37,"column":0},"end":{"line":37,"column":15}},"37":{"start":{"line":38,"column":0},"end":{"line":38,"column":35}},"38":{"start":{"line":39,"column":0},"end":{"line":39,"column":18}},"39":{"start":{"line":40,"column":0},"end":{"line":40,"column":69}},"40":{"start":{"line":41,"column":0},"end":{"line":41,"column":32}},"41":{"start":{"line":42,"column":0},"end":{"line":42,"column":21}},"42":{"start":{"line":43,"column":0},"end":{"line":43,"column":19}},"44":{"start":{"line":45,"column":0},"end":{"line":45,"column":18}},"45":{"start":{"line":46,"column":0},"end":{"line":46,"column":16}},"46":{"start":{"line":47,"column":0},"end":{"line":47,"column":12}},"47":{"start":{"line":48,"column":0},"end":{"line":48,"column":10}},"49":{"start":{"line":50,"column":0},"end":{"line":50,"column":1}}},"s":{"0":1,"11":6,"12":6,"13":6,"14":6,"15":6,"16":6,"17":6,"18":6,"19":11,"20":6,"21":6,"22":6,"23":6,"24":6,"25":4,"26":4,"27":4,"28":4,"30":4,"31":7,"32":7,"33":7,"34":4,"35":4,"36":6,"37":6,"38":3,"39":3,"40":3,"41":3,"42":3,"44":6,"45":6,"46":6,"47":6,"49":6},"branchMap":{"0":{"type":"branch","line":12,"loc":{"start":{"line":12,"column":0},"end":{"line":50,"column":1}},"locations":[{"start":{"line":12,"column":0},"end":{"line":50,"column":1}}]},"1":{"type":"branch","line":38,"loc":{"start":{"line":38,"column":29},"end":{"line":43,"column":19}},"locations":[{"start":{"line":38,"column":29},"end":{"line":43,"column":19}}]},"2":{"type":"branch","line":19,"loc":{"start":{"line":19,"column":27},"end":{"line":20,"column":50}},"locations":[{"start":{"line":19,"column":27},"end":{"line":20,"column":50}}]},"3":{"type":"branch","line":25,"loc":{"start":{"line":25,"column":22},"end":{"line":36,"column":19}},"locations":[{"start":{"line":25,"column":22},"end":{"line":36,"column":19}}]},"4":{"type":"branch","line":27,"loc":{"start":{"line":27,"column":25},"end":{"line":27,"column":36}},"locations":[{"start":{"line":27,"column":25},"end":{"line":27,"column":36}}]},"5":{"type":"branch","line":28,"loc":{"start":{"line":28,"column":27},"end":{"line":28,"column":58}},"locations":[{"start":{"line":28,"column":27},"end":{"line":28,"column":58}}]},"6":{"type":"branch","line":28,"loc":{"start":{"line":28,"column":40},"end":{"line":28,"column":61}},"locations":[{"start":{"line":28,"column":40},"end":{"line":28,"column":61}}]},"7":{"type":"branch","line":29,"loc":{"start":{"line":29,"column":25},"end":{"line":29,"column":61}},"locations":[{"start":{"line":29,"column":25},"end":{"line":29,"column":61}}]},"8":{"type":"branch","line":31,"loc":{"start":{"line":31,"column":29},"end":{"line":34,"column":23}},"locations":[{"start":{"line":31,"column":29},"end":{"line":34,"column":23}}]},"9":{"type":"branch","line":33,"loc":{"start":{"line":33,"column":25},"end":{"line":33,"column":66}},"locations":[{"start":{"line":33,"column":25},"end":{"line":33,"column":66}}]},"10":{"type":"branch","line":33,"loc":{"start":{"line":33,"column":62},"end":{"line":33,"column":79}},"locations":[{"start":{"line":33,"column":62},"end":{"line":33,"column":79}}]}},"b":{"0":[6],"1":[3],"2":[11],"3":[4],"4":[3],"5":[1],"6":[3],"7":[1],"8":[7],"9":[1],"10":[6]},"fnMap":{"0":{"name":"DataTable","decl":{"start":{"line":12,"column":0},"end":{"line":50,"column":1}},"loc":{"start":{"line":12,"column":0},"end":{"line":50,"column":1}},"line":12},"1":{"name":"onClick","decl":{"start":{"line":29,"column":25},"end":{"line":29,"column":61}},"loc":{"start":{"line":29,"column":25},"end":{"line":29,"column":61}},"line":29}},"f":{"0":6,"1":1}}
,"C:\\planner_UC\\frontend\\src\\components\\ui\\Modal.jsx": {"path":"C:\\planner_UC\\frontend\\src\\components\\ui\\Modal.jsx","all":false,"statementMap":{"0":{"start":{"line":1,"column":0},"end":{"line":1,"column":21}},"1":{"start":{"line":2,"column":0},"end":{"line":2,"column":44}},"3":{"start":{"line":4,"column":0},"end":{"line":4,"column":76}},"4":{"start":{"line":5,"column":0},"end":{"line":5,"column":27}},"6":{"start":{"line":7,"column":0},"end":{"line":7,"column":10}},"7":{"start":{"line":8,"column":0},"end":{"line":8,"column":53}},"8":{"start":{"line":9,"column":0},"end":{"line":9,"column":126}},"9":{"start":{"line":10,"column":0},"end":{"line":10,"column":38}},"10":{"start":{"line":11,"column":0},"end":{"line":11,"column":50}},"11":{"start":{"line":12,"column":0},"end":{"line":12,"column":83}},"12":{"start":{"line":13,"column":0},"end":{"line":13,"column":14}},"13":{"start":{"line":14,"column":0},"end":{"line":14,"column":36}},"14":{"start":{"line":15,"column":0},"end":{"line":15,"column":20}},"15":{"start":{"line":16,"column":0},"end":{"line":16,"column":14}},"16":{"start":{"line":17,"column":0},"end":{"line":17,"column":12}},"17":{"start":{"line":18,"column":0},"end":{"line":18,"column":10}},"19":{"start":{"line":20,"column":0},"end":{"line":20,"column":1}}},"s":{"0":1,"1":1,"3":5,"4":5,"6":4,"7":4,"8":5,"9":5,"10":5,"11":5,"12":5,"13":5,"14":5,"15":5,"16":5,"17":5,"19":5},"branchMap":{"0":{"type":"branch","line":4,"loc":{"start":{"line":4,"column":0},"end":{"line":20,"column":1}},"locations":[{"start":{"line":4,"column":0},"end":{"line":20,"column":1}}]},"1":{"type":"branch","line":5,"loc":{"start":{"line":5,"column":15},"end":{"line":5,"column":27}},"locations":[{"start":{"line":5,"column":15},"end":{"line":5,"column":27}}]},"2":{"type":"branch","line":5,"loc":{"start":{"line":5,"column":22},"end":{"line":9,"column":88}},"locations":[{"start":{"line":5,"column":22},"end":{"line":9,"column":88}}]},"3":{"type":"branch","line":9,"loc":{"start":{"line":9,"column":100},"end":{"line":9,"column":126}},"locations":[{"start":{"line":9,"column":100},"end":{"line":9,"column":126}}]}},"b":{"0":[5],"1":[1],"2":[4],"3":[2]},"fnMap":{"0":{"name":"Modal","decl":{"start":{"line":4,"column":0},"end":{"line":20,"column":1}},"loc":{"start":{"line":4,"column":0},"end":{"line":20,"column":1}},"line":4},"1":{"name":"onClick","decl":{"start":{"line":9,"column":100},"end":{"line":9,"column":126}},"loc":{"start":{"line":9,"column":100},"end":{"line":9,"column":126}},"line":9}},"f":{"0":5,"1":2}}
,"C:\\planner_UC\\frontend\\src\\components\\ui\\QualityChart.jsx": {"path":"C:\\planner_UC\\frontend\\src\\components\\ui\\QualityChart.jsx","all":true,"statementMap":{"0":{"start":{"line":1,"column":0},"end":{"line":1,"column":42}},"1":{"start":{"line":2,"column":0},"end":{"line":2,"column":28}},"3":{"start":{"line":4,"column":0},"end":{"line":4,"column":68}},"4":{"start":{"line":5,"column":0},"end":{"line":5,"column":33}},"5":{"start":{"line":6,"column":0},"end":{"line":6,"column":20}},"6":{"start":{"line":7,"column":0},"end":{"line":7,"column":45}},"7":{"start":{"line":8,"column":0},"end":{"line":8,"column":63}},"9":{"start":{"line":10,"column":0},"end":{"line":10,"column":19}},"10":{"start":{"line":11,"column":0},"end":{"line":11,"column":28}},"11":{"start":{"line":12,"column":0},"end":{"line":12,"column":63}},"12":{"start":{"line":13,"column":0},"end":{"line":13,"column":24}},"13":{"start":{"line":14,"column":0},"end":{"line":14,"column":58}},"14":{"start":{"line":15,"column":0},"end":{"line":15,"column":14}},"15":{"start":{"line":16,"column":0},"end":{"line":16,"column":5}},"16":{"start":{"line":17,"column":0},"end":{"line":17,"column":37}},"18":{"start":{"line":19,"column":0},"end":{"line":19,"column":26}},"19":{"start":{"line":20,"column":0},"end":{"line":20,"column":61}},"20":{"start":{"line":21,"column":0},"end":{"line":21,"column":53}},"21":{"start":{"line":22,"column":0},"end":{"line":22,"column":47}},"22":{"start":{"line":23,"column":0},"end":{"line":23,"column":53}},"23":{"start":{"line":24,"column":0},"end":{"line":24,"column":4}},"25":{"start":{"line":26,"column":0},"end":{"line":26,"column":10}},"26":{"start":{"line":27,"column":0},"end":{"line":27,"column":35}},"27":{"start":{"line":28,"column":0},"end":{"line":28,"column":83}},"28":{"start":{"line":29,"column":0},"end":{"line":29,"column":39}},"29":{"start":{"line":30,"column":0},"end":{"line":30,"column":48}},"30":{"start":{"line":31,"column":0},"end":{"line":31,"column":61}},"31":{"start":{"line":32,"column":0},"end":{"line":32,"column":81}},"32":{"start":{"line":33,"column":0},"end":{"line":33,"column":19}},"33":{"start":{"line":34,"column":0},"end":{"line":34,"column":29}},"34":{"start":{"line":35,"column":0},"end":{"line":35,"column":49}},"35":{"start":{"line":36,"column":0},"end":{"line":36,"column":22}},"36":{"start":{"line":37,"column":0},"end":{"line":37,"column":22}},"37":{"start":{"line":38,"column":0},"end":{"line":38,"column":24}},"38":{"start":{"line":39,"column":0},"end":{"line":39,"column":45}},"39":{"start":{"line":40,"column":0},"end":{"line":40,"column":46}},"40":{"start":{"line":41,"column":0},"end":{"line":41,"column":45}},"41":{"start":{"line":42,"column":0},"end":{"line":42,"column":14}},"42":{"start":{"line":43,"column":0},"end":{"line":43,"column":16}},"43":{"start":{"line":44,"column":0},"end":{"line":44,"column":41}},"44":{"start":{"line":45,"column":0},"end":{"line":45,"column":64}},"45":{"start":{"line":46,"column":0},"end":{"line":46,"column":57}},"46":{"start":{"line":47,"column":0},"end":{"line":47,"column":16}},"47":{"start":{"line":48,"column":0},"end":{"line":48,"column":55}},"48":{"start":{"line":49,"column":0},"end":{"line":49,"column":14}},"50":{"start":{"line":51,"column":0},"end":{"line":51,"column":41}},"51":{"start":{"line":52,"column":0},"end":{"line":52,"column":42}},"52":{"start":{"line":53,"column":0},"end":{"line":53,"column":58}},"53":{"start":{"line":54,"column":0},"end":{"line":54,"column":73}},"54":{"start":{"line":55,"column":0},"end":{"line":55,"column":88}},"55":{"start":{"line":56,"column":0},"end":{"line":56,"column":16}},"56":{"start":{"line":57,"column":0},"end":{"line":57,"column":42}},"57":{"start":{"line":58,"column":0},"end":{"line":58,"column":58}},"58":{"start":{"line":59,"column":0},"end":{"line":59,"column":74}},"59":{"start":{"line":60,"column":0},"end":{"line":60,"column":84}},"60":{"start":{"line":61,"column":0},"end":{"line":61,"column":16}},"61":{"start":{"line":62,"column":0},"end":{"line":62,"column":42}},"62":{"start":{"line":63,"column":0},"end":{"line":63,"column":58}},"63":{"start":{"line":64,"column":0},"end":{"line":64,"column":65}},"64":{"start":{"line":65,"column":0},"end":{"line":65,"column":81}},"65":{"start":{"line":66,"column":0},"end":{"line":66,"column":16}},"66":{"start":{"line":67,"column":0},"end":{"line":67,"column":42}},"67":{"start":{"line":68,"column":0},"end":{"line":68,"column":58}},"68":{"start":{"line":69,"column":0},"end":{"line":69,"column":71}},"69":{"start":{"line":70,"column":0},"end":{"line":70,"column":84}},"70":{"start":{"line":71,"column":0},"end":{"line":71,"column":16}},"71":{"start":{"line":72,"column":0},"end":{"line":72,"column":14}},"72":{"start":{"line":73,"column":0},"end":{"line":73,"column":12}},"73":{"start":{"line":74,"column":0},"end":{"line":74,"column":80}},"74":{"start":{"line":75,"column":0},"end":{"line":75,"column":10}},"76":{"start":{"line":77,"column":0},"end":{"line":77,"column":1}}},"s":{"0":0,"1":0,"3":0,"4":0,"5":0,"6":0,"7":0,"9":0,"10":0,"11":0,"12":0,"13":0,"14":0,"15":0,"16":0,"18":0,"19":0,"20":0,"21":0,"22":0,"23":0,"25":0,"26":0,"27":0,"28":0,"29":0,"30":0,"31":0,"32":0,"33":0,"34":0,"35":0,"36":0,"37":0,"38":0,"39":0,"40":0,"41":0,"42":0,"43":0,"44":0,"45":0,"46":0,"47":0,"48":0,"50":0,"51":0,"52":0,"53":0,"54":0,"55":0,"56":0,"57":0,"58":0,"59":0,"60":0,"61":0,"62":0,"63":0,"64":0,"65":0,"66":0,"67":0,"68":0,"69":0,"70":0,"71":0,"72":0,"73":0,"74":0,"76":0},"branchMap":{"0":{"type":"branch","line":1,"loc":{"start":{"line":1,"column":3048},"end":{"line":77,"column":1}},"locations":[{"start":{"line":1,"column":3048},"end":{"line":77,"column":1}}]}},"b":{"0":[0]},"fnMap":{"0":{"name":"(empty-report)","decl":{"start":{"line":1,"column":3048},"end":{"line":77,"column":1}},"loc":{"start":{"line":1,"column":3048},"end":{"line":77,"column":1}},"line":1}},"f":{"0":0}}
,"C:\\planner_UC\\frontend\\src\\components\\ui\\StatCard.jsx": {"path":"C:\\planner_UC\\frontend\\src\\components\\ui\\StatCard.jsx","all":true,"statementMap":{"0":{"start":{"line":1,"column":0},"end":{"line":1,"column":24}},"2":{"start":{"line":3,"column":0},"end":{"line":3,"column":96}},"3":{"start":{"line":4,"column":0},"end":{"line":4,"column":10}},"4":{"start":{"line":5,"column":0},"end":{"line":5,"column":46}},"5":{"start":{"line":6,"column":0},"end":{"line":6,"column":69}},"6":{"start":{"line":7,"column":0},"end":{"line":7,"column":16}},"7":{"start":{"line":8,"column":0},"end":{"line":8,"column":12}},"8":{"start":{"line":9,"column":0},"end":{"line":9,"column":38}},"9":{"start":{"line":10,"column":0},"end":{"line":10,"column":67}},"10":{"start":{"line":11,"column":0},"end":{"line":11,"column":41}},"11":{"start":{"line":12,"column":0},"end":{"line":12,"column":54}},"12":{"start":{"line":13,"column":0},"end":{"line":13,"column":105}},"13":{"start":{"line":14,"column":0},"end":{"line":14,"column":14}},"14":{"start":{"line":15,"column":0},"end":{"line":15,"column":70}},"15":{"start":{"line":16,"column":0},"end":{"line":16,"column":12}},"16":{"start":{"line":17,"column":0},"end":{"line":17,"column":10}},"18":{"start":{"line":19,"column":0},"end":{"line":19,"column":1}}},"s":{"0":0,"2":0,"3":0,"4":0,"5":0,"6":0,"7":0,"8":0,"9":0,"10":0,"11":0,"12":0,"13":0,"14":0,"15":0,"16":0,"18":0},"branchMap":{"0":{"type":"branch","line":1,"loc":{"start":{"line":1,"column":707},"end":{"line":19,"column":1}},"locations":[{"start":{"line":1,"column":707},"end":{"line":19,"column":1}}]}},"b":{"0":[0]},"fnMap":{"0":{"name":"(empty-report)","decl":{"start":{"line":1,"column":707},"end":{"line":19,"column":1}},"loc":{"start":{"line":1,"column":707},"end":{"line":19,"column":1}},"line":1}},"f":{"0":0}}
,"C:\\planner_UC\\frontend\\src\\context\\AuthContext.jsx": {"path":"C:\\planner_UC\\frontend\\src\\context\\AuthContext.jsx","all":false,"statementMap":{"0":{"start":{"line":1,"column":0},"end":{"line":1,"column":88}},"1":{"start":{"line":2,"column":0},"end":{"line":2,"column":31}},"3":{"start":{"line":4,"column":0},"end":{"line":4,"column":40}},"5":{"start":{"line":6,"column":0},"end":{"line":6,"column":44}},"6":{"start":{"line":7,"column":0},"end":{"line":7,"column":41}},"7":{"start":{"line":8,"column":0},"end":{"line":8,"column":47}},"9":{"start":{"line":10,"column":0},"end":{"line":10,"column":19}},"10":{"start":{"line":11,"column":0},"end":{"line":11,"column":48}},"11":{"start":{"line":12,"column":0},"end":{"line":12,"column":51}},"12":{"start":{"line":13,"column":0},"end":{"line":13,"column":29}},"13":{"start":{"line":14,"column":0},"end":{"line":14,"column":11}},"14":{"start":{"line":15,"column":0},"end":{"line":15,"column":62}},"15":{"start":{"line":16,"column":0},"end":{"line":16,"column":15}},"16":{"start":{"line":17,"column":0},"end":{"line":17,"column":41}},"17":{"start":{"line":18,"column":0},"end":{"line":18,"column":40}},"18":{"start":{"line":19,"column":0},"end":{"line":19,"column":7}},"19":{"start":{"line":20,"column":0},"end":{"line":20,"column":5}},"20":{"start":{"line":21,"column":0},"end":{"line":21,"column":45}},"21":{"start":{"line":22,"column":0},"end":{"line":22,"column":9}},"23":{"start":{"line":24,"column":0},"end":{"line":24,"column":44}},"24":{"start":{"line":25,"column":0},"end":{"line":25,"column":67}},"25":{"start":{"line":26,"column":0},"end":{"line":26,"column":47}},"26":{"start":{"line":27,"column":0},"end":{"line":27,"column":41}},"27":{"start":{"line":28,"column":0},"end":{"line":28,"column":59}},"28":{"start":{"line":29,"column":0},"end":{"line":29,"column":22}},"29":{"start":{"line":30,"column":0},"end":{"line":30,"column":20}},"30":{"start":{"line":31,"column":0},"end":{"line":31,"column":4}},"32":{"start":{"line":33,"column":0},"end":{"line":33,"column":36}},"33":{"start":{"line":34,"column":0},"end":{"line":34,"column":55}},"34":{"start":{"line":35,"column":0},"end":{"line":35,"column":47}},"35":{"start":{"line":36,"column":0},"end":{"line":36,"column":41}},"36":{"start":{"line":37,"column":0},"end":{"line":37,"column":59}},"37":{"start":{"line":38,"column":0},"end":{"line":38,"column":22}},"38":{"start":{"line":39,"column":0},"end":{"line":39,"column":20}},"39":{"start":{"line":40,"column":0},"end":{"line":40,"column":4}},"41":{"start":{"line":42,"column":0},"end":{"line":42,"column":24}},"42":{"start":{"line":43,"column":0},"end":{"line":43,"column":37}},"43":{"start":{"line":44,"column":0},"end":{"line":44,"column":36}},"44":{"start":{"line":45,"column":0},"end":{"line":45,"column":18}},"45":{"start":{"line":46,"column":0},"end":{"line":46,"column":4}},"47":{"start":{"line":48,"column":0},"end":{"line":48,"column":35}},"48":{"start":{"line":49,"column":0},"end":{"line":49,"column":44}},"49":{"start":{"line":50,"column":0},"end":{"line":50,"column":58}},"50":{"start":{"line":51,"column":0},"end":{"line":51,"column":21}},"51":{"start":{"line":52,"column":0},"end":{"line":52,"column":4}},"53":{"start":{"line":54,"column":0},"end":{"line":54,"column":10}},"54":{"start":{"line":55,"column":0},"end":{"line":55,"column":34}},"55":{"start":{"line":56,"column":0},"end":{"line":56,"column":11}},"56":{"start":{"line":57,"column":0},"end":{"line":57,"column":14}},"57":{"start":{"line":58,"column":0},"end":{"line":58,"column":30}},"58":{"start":{"line":59,"column":0},"end":{"line":59,"column":31}},"59":{"start":{"line":60,"column":0},"end":{"line":60,"column":12}},"60":{"start":{"line":61,"column":0},"end":{"line":61,"column":15}},"61":{"start":{"line":62,"column":0},"end":{"line":62,"column":13}},"62":{"start":{"line":63,"column":0},"end":{"line":63,"column":16}},"63":{"start":{"line":64,"column":0},"end":{"line":64,"column":7}},"64":{"start":{"line":65,"column":0},"end":{"line":65,"column":16}},"65":{"start":{"line":66,"column":0},"end":{"line":66,"column":27}},"67":{"start":{"line":68,"column":0},"end":{"line":68,"column":1}},"69":{"start":{"line":70,"column":0},"end":{"line":70,"column":27}},"70":{"start":{"line":71,"column":0},"end":{"line":71,"column":38}},"71":{"start":{"line":72,"column":0},"end":{"line":72,"column":67}},"72":{"start":{"line":73,"column":0},"end":{"line":73,"column":13}},"73":{"start":{"line":74,"column":0},"end":{"line":74,"column":1}}},"s":{"0":1,"1":1,"3":1,"5":1,"6":55,"7":55,"9":55,"10":25,"11":25,"12":25,"13":15,"14":15,"15":15,"16":0,"17":0,"18":0,"19":15,"20":25,"21":55,"23":55,"24":7,"25":4,"26":4,"27":4,"28":4,"29":4,"30":7,"32":55,"33":0,"34":0,"35":0,"36":0,"37":0,"38":0,"39":0,"41":55,"42":2,"43":2,"44":2,"45":2,"47":55,"48":0,"49":0,"50":0,"51":0,"53":55,"54":55,"55":55,"56":55,"57":55,"58":55,"59":55,"60":55,"61":55,"62":55,"63":55,"64":55,"65":55,"67":55,"69":1,"70":70,"71":70,"72":70,"73":70},"branchMap":{"0":{"type":"branch","line":6,"loc":{"start":{"line":6,"column":7},"end":{"line":68,"column":1}},"locations":[{"start":{"line":6,"column":7},"end":{"line":68,"column":1}}]},"1":{"type":"branch","line":59,"loc":{"start":{"line":59,"column":12},"end":{"line":59,"column":26}},"locations":[{"start":{"line":59,"column":12},"end":{"line":59,"column":26}}]},"2":{"type":"branch","line":59,"loc":{"start":{"line":59,"column":18},"end":{"line":59,"column":31}},"locations":[{"start":{"line":59,"column":18},"end":{"line":59,"column":31}}]},"3":{"type":"branch","line":10,"loc":{"start":{"line":10,"column":12},"end":{"line":22,"column":5}},"locations":[{"start":{"line":10,"column":12},"end":{"line":22,"column":5}}]},"4":{"type":"branch","line":13,"loc":{"start":{"line":13,"column":8},"end":{"line":13,"column":28}},"locations":[{"start":{"line":13,"column":8},"end":{"line":13,"column":28}}]},"5":{"type":"branch","line":13,"loc":{"start":{"line":13,"column":28},"end":{"line":20,"column":5}},"locations":[{"start":{"line":13,"column":28},"end":{"line":20,"column":5}}]},"6":{"type":"branch","line":16,"loc":{"start":{"line":16,"column":6},"end":{"line":19,"column":7}},"locations":[{"start":{"line":16,"column":6},"end":{"line":19,"column":7}}]},"7":{"type":"branch","line":15,"loc":{"start":{"line":15,"column":24},"end":{"line":15,"column":60}},"locations":[{"start":{"line":15,"column":24},"end":{"line":15,"column":60}}]},"8":{"type":"branch","line":21,"loc":{"start":{"line":21,"column":20},"end":{"line":21,"column":43}},"locations":[{"start":{"line":21,"column":20},"end":{"line":21,"column":43}}]},"9":{"type":"branch","line":24,"loc":{"start":{"line":24,"column":16},"end":{"line":31,"column":4}},"locations":[{"start":{"line":24,"column":16},"end":{"line":31,"column":4}}]},"10":{"type":"branch","line":25,"loc":{"start":{"line":25,"column":65},"end":{"line":30,"column":20}},"locations":[{"start":{"line":25,"column":65},"end":{"line":30,"column":20}}]},"11":{"type":"branch","line":42,"loc":{"start":{"line":42,"column":17},"end":{"line":46,"column":4}},"locations":[{"start":{"line":42,"column":17},"end":{"line":46,"column":4}}]},"12":{"type":"branch","line":70,"loc":{"start":{"line":70,"column":7},"end":{"line":74,"column":1}},"locations":[{"start":{"line":70,"column":7},"end":{"line":74,"column":1}}]},"13":{"type":"branch","line":72,"loc":{"start":{"line":72,"column":12},"end":{"line":72,"column":67}},"locations":[{"start":{"line":72,"column":12},"end":{"line":72,"column":67}}]}},"b":{"0":[55],"1":[18],"2":[37],"3":[25],"4":[15],"5":[15],"6":[0],"7":[15],"8":[25],"9":[7],"10":[4],"11":[2],"12":[70],"13":[0]},"fnMap":{"0":{"name":"AuthProvider","decl":{"start":{"line":6,"column":7},"end":{"line":68,"column":1}},"loc":{"start":{"line":6,"column":7},"end":{"line":68,"column":1}},"line":6},"1":{"name":"login","decl":{"start":{"line":24,"column":16},"end":{"line":31,"column":4}},"loc":{"start":{"line":24,"column":16},"end":{"line":31,"column":4}},"line":24},"2":{"name":"register","decl":{"start":{"line":33,"column":19},"end":{"line":40,"column":4}},"loc":{"start":{"line":33,"column":19},"end":{"line":40,"column":4}},"line":33},"3":{"name":"logout","decl":{"start":{"line":42,"column":17},"end":{"line":46,"column":4}},"loc":{"start":{"line":42,"column":17},"end":{"line":46,"column":4}},"line":42},"4":{"name":"updateUser","decl":{"start":{"line":48,"column":21},"end":{"line":52,"column":4}},"loc":{"start":{"line":48,"column":21},"end":{"line":52,"column":4}},"line":48},"5":{"name":"useAuth","decl":{"start":{"line":70,"column":7},"end":{"line":74,"column":1}},"loc":{"start":{"line":70,"column":7},"end":{"line":74,"column":1}},"line":70}},"f":{"0":55,"1":7,"2":0,"3":2,"4":0,"5":70}}
,"C:\\planner_UC\\frontend\\src\\pages\\Campus.jsx": {"path":"C:\\planner_UC\\frontend\\src\\pages\\Campus.jsx","all":true,"statementMap":{"0":{"start":{"line":1,"column":0},"end":{"line":1,"column":61}},"1":{"start":{"line":2,"column":0},"end":{"line":2,"column":135}},"2":{"start":{"line":3,"column":0},"end":{"line":3,"column":31}},"3":{"start":{"line":4,"column":0},"end":{"line":4,"column":43}},"4":{"start":{"line":5,"column":0},"end":{"line":5,"column":22}},"6":{"start":{"line":7,"column":0},"end":{"line":7,"column":73}},"7":{"start":{"line":8,"column":0},"end":{"line":8,"column":50}},"8":{"start":{"line":9,"column":0},"end":{"line":9,"column":58}},"10":{"start":{"line":11,"column":0},"end":{"line":11,"column":147}},"12":{"start":{"line":13,"column":0},"end":{"line":13,"column":34}},"13":{"start":{"line":14,"column":0},"end":{"line":14,"column":47}},"14":{"start":{"line":15,"column":0},"end":{"line":15,"column":52}},"15":{"start":{"line":16,"column":0},"end":{"line":16,"column":47}},"16":{"start":{"line":17,"column":0},"end":{"line":17,"column":55}},"17":{"start":{"line":18,"column":0},"end":{"line":18,"column":47}},"18":{"start":{"line":19,"column":0},"end":{"line":19,"column":72}},"19":{"start":{"line":20,"column":0},"end":{"line":20,"column":63}},"20":{"start":{"line":21,"column":0},"end":{"line":21,"column":60}},"21":{"start":{"line":22,"column":0},"end":{"line":22,"column":61}},"22":{"start":{"line":23,"column":0},"end":{"line":23,"column":63}},"24":{"start":{"line":25,"column":0},"end":{"line":25,"column":37}},"25":{"start":{"line":26,"column":0},"end":{"line":26,"column":9}},"26":{"start":{"line":27,"column":0},"end":{"line":27,"column":50}},"27":{"start":{"line":28,"column":0},"end":{"line":28,"column":62}},"28":{"start":{"line":29,"column":0},"end":{"line":29,"column":56}},"29":{"start":{"line":30,"column":0},"end":{"line":30,"column":57}},"30":{"start":{"line":31,"column":0},"end":{"line":31,"column":4}},"32":{"start":{"line":33,"column":0},"end":{"line":33,"column":44}},"34":{"start":{"line":35,"column":0},"end":{"line":35,"column":113}},"35":{"start":{"line":36,"column":0},"end":{"line":36,"column":33}},"36":{"start":{"line":37,"column":0},"end":{"line":37,"column":22}},"37":{"start":{"line":38,"column":0},"end":{"line":38,"column":40}},"39":{"start":{"line":40,"column":0},"end":{"line":40,"column":9}},"40":{"start":{"line":41,"column":0},"end":{"line":41,"column":62}},"41":{"start":{"line":42,"column":0},"end":{"line":42,"column":64}},"42":{"start":{"line":43,"column":0},"end":{"line":43,"column":48}},"43":{"start":{"line":44,"column":0},"end":{"line":44,"column":29}},"44":{"start":{"line":45,"column":0},"end":{"line":45,"column":9}},"45":{"start":{"line":46,"column":0},"end":{"line":46,"column":25}},"46":{"start":{"line":47,"column":0},"end":{"line":47,"column":37}},"47":{"start":{"line":48,"column":0},"end":{"line":48,"column":45}},"48":{"start":{"line":49,"column":0},"end":{"line":49,"column":41}},"49":{"start":{"line":50,"column":0},"end":{"line":50,"column":32}},"50":{"start":{"line":51,"column":0},"end":{"line":51,"column":47}},"51":{"start":{"line":52,"column":0},"end":{"line":52,"column":31}},"52":{"start":{"line":53,"column":0},"end":{"line":53,"column":7}},"53":{"start":{"line":54,"column":0},"end":{"line":54,"column":51}},"54":{"start":{"line":55,"column":0},"end":{"line":55,"column":47}},"55":{"start":{"line":56,"column":0},"end":{"line":56,"column":84}},"57":{"start":{"line":58,"column":0},"end":{"line":58,"column":51}},"58":{"start":{"line":59,"column":0},"end":{"line":59,"column":15}},"59":{"start":{"line":60,"column":0},"end":{"line":60,"column":40}},"60":{"start":{"line":61,"column":0},"end":{"line":61,"column":49}},"61":{"start":{"line":62,"column":0},"end":{"line":62,"column":29}},"62":{"start":{"line":63,"column":0},"end":{"line":63,"column":29}},"63":{"start":{"line":64,"column":0},"end":{"line":64,"column":80}},"64":{"start":{"line":65,"column":0},"end":{"line":65,"column":36}},"65":{"start":{"line":66,"column":0},"end":{"line":66,"column":17}},"66":{"start":{"line":67,"column":0},"end":{"line":67,"column":27}},"67":{"start":{"line":68,"column":0},"end":{"line":68,"column":12}},"68":{"start":{"line":69,"column":0},"end":{"line":69,"column":61}},"69":{"start":{"line":70,"column":0},"end":{"line":70,"column":53}},"70":{"start":{"line":71,"column":0},"end":{"line":71,"column":25}},"71":{"start":{"line":72,"column":0},"end":{"line":72,"column":40}},"72":{"start":{"line":73,"column":0},"end":{"line":73,"column":38}},"73":{"start":{"line":74,"column":0},"end":{"line":74,"column":29}},"74":{"start":{"line":75,"column":0},"end":{"line":75,"column":29}},"75":{"start":{"line":76,"column":0},"end":{"line":76,"column":80}},"76":{"start":{"line":77,"column":0},"end":{"line":77,"column":36}},"77":{"start":{"line":78,"column":0},"end":{"line":78,"column":17}},"78":{"start":{"line":79,"column":0},"end":{"line":79,"column":15}},"79":{"start":{"line":80,"column":0},"end":{"line":80,"column":11}},"80":{"start":{"line":81,"column":0},"end":{"line":81,"column":11}},"81":{"start":{"line":82,"column":0},"end":{"line":82,"column":40}},"82":{"start":{"line":83,"column":0},"end":{"line":83,"column":9}},"83":{"start":{"line":84,"column":0},"end":{"line":84,"column":53}},"84":{"start":{"line":85,"column":0},"end":{"line":85,"column":13}},"85":{"start":{"line":86,"column":0},"end":{"line":86,"column":35}},"86":{"start":{"line":87,"column":0},"end":{"line":87,"column":5}},"87":{"start":{"line":88,"column":0},"end":{"line":88,"column":23}},"88":{"start":{"line":89,"column":0},"end":{"line":89,"column":4}},"90":{"start":{"line":91,"column":0},"end":{"line":91,"column":37}},"91":{"start":{"line":92,"column":0},"end":{"line":92,"column":23}},"92":{"start":{"line":93,"column":0},"end":{"line":93,"column":9}},"93":{"start":{"line":94,"column":0},"end":{"line":94,"column":20}},"94":{"start":{"line":95,"column":0},"end":{"line":95,"column":52}},"95":{"start":{"line":96,"column":0},"end":{"line":96,"column":14}},"96":{"start":{"line":97,"column":0},"end":{"line":97,"column":42}},"97":{"start":{"line":98,"column":0},"end":{"line":98,"column":7}},"98":{"start":{"line":99,"column":0},"end":{"line":99,"column":26}},"99":{"start":{"line":100,"column":0},"end":{"line":100,"column":22}},"100":{"start":{"line":101,"column":0},"end":{"line":101,"column":68}},"101":{"start":{"line":102,"column":0},"end":{"line":102,"column":4}},"103":{"start":{"line":104,"column":0},"end":{"line":104,"column":38}},"104":{"start":{"line":105,"column":0},"end":{"line":105,"column":53}},"105":{"start":{"line":106,"column":0},"end":{"line":106,"column":9}},"106":{"start":{"line":107,"column":0},"end":{"line":107,"column":42}},"107":{"start":{"line":108,"column":0},"end":{"line":108,"column":22}},"108":{"start":{"line":109,"column":0},"end":{"line":109,"column":41}},"109":{"start":{"line":110,"column":0},"end":{"line":110,"column":4}},"112":{"start":{"line":113,"column":0},"end":{"line":113,"column":29}},"113":{"start":{"line":114,"column":0},"end":{"line":114,"column":55}},"114":{"start":{"line":115,"column":0},"end":{"line":115,"column":99}},"115":{"start":{"line":116,"column":0},"end":{"line":116,"column":42}},"116":{"start":{"line":117,"column":0},"end":{"line":117,"column":4}},"118":{"start":{"line":119,"column":0},"end":{"line":119,"column":35}},"119":{"start":{"line":120,"column":0},"end":{"line":120,"column":90}},"120":{"start":{"line":121,"column":0},"end":{"line":121,"column":4}},"123":{"start":{"line":124,"column":0},"end":{"line":124,"column":37}},"124":{"start":{"line":125,"column":0},"end":{"line":125,"column":38}},"125":{"start":{"line":126,"column":0},"end":{"line":126,"column":40}},"126":{"start":{"line":127,"column":0},"end":{"line":127,"column":71}},"127":{"start":{"line":128,"column":0},"end":{"line":128,"column":88}},"128":{"start":{"line":129,"column":0},"end":{"line":129,"column":75}},"129":{"start":{"line":130,"column":0},"end":{"line":130,"column":13}},"130":{"start":{"line":131,"column":0},"end":{"line":131,"column":5}},"131":{"start":{"line":132,"column":0},"end":{"line":132,"column":125}},"132":{"start":{"line":133,"column":0},"end":{"line":133,"column":55}},"133":{"start":{"line":134,"column":0},"end":{"line":134,"column":36}},"134":{"start":{"line":135,"column":0},"end":{"line":135,"column":4}},"136":{"start":{"line":137,"column":0},"end":{"line":137,"column":50}},"137":{"start":{"line":138,"column":0},"end":{"line":138,"column":40}},"138":{"start":{"line":139,"column":0},"end":{"line":139,"column":125}},"139":{"start":{"line":140,"column":0},"end":{"line":140,"column":55}},"140":{"start":{"line":141,"column":0},"end":{"line":141,"column":4}},"143":{"start":{"line":144,"column":0},"
[...]
":{"start":{"line":30,"column":0},"end":{"line":30,"column":2}},"30":{"start":{"line":31,"column":0},"end":{"line":31,"column":0}},"31":{"start":{"line":32,"column":0},"end":{"line":32,"column":22}},"32":{"start":{"line":33,"column":0},"end":{"line":33,"column":34}},"33":{"start":{"line":34,"column":0},"end":{"line":34,"column":27}},"34":{"start":{"line":35,"column":0},"end":{"line":35,"column":27}},"35":{"start":{"line":36,"column":0},"end":{"line":36,"column":27}},"36":{"start":{"line":37,"column":0},"end":{"line":37,"column":21}},"37":{"start":{"line":38,"column":0},"end":{"line":38,"column":2}},"38":{"start":{"line":39,"column":0},"end":{"line":39,"column":0}},"39":{"start":{"line":40,"column":0},"end":{"line":40,"column":37}},"40":{"start":{"line":41,"column":0},"end":{"line":41,"column":32}},"41":{"start":{"line":42,"column":0},"end":{"line":42,"column":22}},"42":{"start":{"line":43,"column":0},"end":{"line":43,"column":23}},"43":{"start":{"line":44,"column":0},"end":{"line":44,"column":24}},"44":{"start":{"line":45,"column":0},"end":{"line":45,"column":24}},"45":{"start":{"line":46,"column":0},"end":{"line":46,"column":21}},"46":{"start":{"line":47,"column":0},"end":{"line":47,"column":22}},"47":{"start":{"line":48,"column":0},"end":{"line":48,"column":22}},"48":{"start":{"line":49,"column":0},"end":{"line":49,"column":24}},"49":{"start":{"line":50,"column":0},"end":{"line":50,"column":2}},"50":{"start":{"line":51,"column":0},"end":{"line":51,"column":0}},"51":{"start":{"line":52,"column":0},"end":{"line":52,"column":19}},"52":{"start":{"line":53,"column":0},"end":{"line":53,"column":23}},"53":{"start":{"line":54,"column":0},"end":{"line":54,"column":31}},"54":{"start":{"line":55,"column":0},"end":{"line":55,"column":33}},"55":{"start":{"line":56,"column":0},"end":{"line":56,"column":53}},"56":{"start":{"line":57,"column":0},"end":{"line":57,"column":66}},"57":{"start":{"line":58,"column":0},"end":{"line":58,"column":91}},"58":{"start":{"line":59,"column":0},"end":{"line":59,"column":26}},"59":{"start":{"line":60,"column":0},"end":{"line":60,"column":26}},"60":{"start":{"line":61,"column":0},"end":{"line":61,"column":35}},"61":{"start":{"line":62,"column":0},"end":{"line":62,"column":27}},"62":{"start":{"line":63,"column":0},"end":{"line":63,"column":18}},"63":{"start":{"line":64,"column":0},"end":{"line":64,"column":2}},"64":{"start":{"line":65,"column":0},"end":{"line":65,"column":0}},"65":{"start":{"line":66,"column":0},"end":{"line":66,"column":90}},"66":{"start":{"line":67,"column":0},"end":{"line":67,"column":51}},"67":{"start":{"line":68,"column":0},"end":{"line":68,"column":0}},"68":{"start":{"line":69,"column":0},"end":{"line":69,"column":44}},"69":{"start":{"line":70,"column":0},"end":{"line":70,"column":28}},"70":{"start":{"line":71,"column":0},"end":{"line":71,"column":69}},"71":{"start":{"line":72,"column":0},"end":{"line":72,"column":66}},"72":{"start":{"line":73,"column":0},"end":{"line":73,"column":100}},"73":{"start":{"line":74,"column":0},"end":{"line":74,"column":68}},"74":{"start":{"line":75,"column":0},"end":{"line":75,"column":66}},"75":{"start":{"line":76,"column":0},"end":{"line":76,"column":77}},"76":{"start":{"line":77,"column":0},"end":{"line":77,"column":66}},"77":{"start":{"line":78,"column":0},"end":{"line":78,"column":84}},"78":{"start":{"line":79,"column":0},"end":{"line":79,"column":82}},"79":{"start":{"line":80,"column":0},"end":{"line":80,"column":80}},"80":{"start":{"line":81,"column":0},"end":{"line":81,"column":86}},"81":{"start":{"line":82,"column":0},"end":{"line":82,"column":87}},"82":{"start":{"line":83,"column":0},"end":{"line":83,"column":80}},"83":{"start":{"line":84,"column":0},"end":{"line":84,"column":82}},"84":{"start":{"line":85,"column":0},"end":{"line":85,"column":2}},"85":{"start":{"line":86,"column":0},"end":{"line":86,"column":0}},"86":{"start":{"line":87,"column":0},"end":{"line":87,"column":15}},"87":{"start":{"line":88,"column":0},"end":{"line":88,"column":83}}},"s":{"0":1,"1":1,"2":1,"3":1,"4":1,"5":1,"6":1,"7":1,"8":1,"9":1,"10":1,"11":1,"12":1,"13":1,"14":1,"15":1,"16":1,"17":1,"18":1,"19":1,"20":1,"21":1,"22":1,"23":1,"24":1,"25":1,"26":1,"27":1,"28":1,"29":1,"30":1,"31":1,"32":1,"33":1,"34":1,"35":1,"36":1,"37":1,"38":1,"39":1,"40":1,"41":1,"42":1,"43":1,"44":1,"45":1,"46":1,"47":1,"48":1,"49":1,"50":1,"51":1,"52":1,"53":1,"54":1,"55":1,"56":1,"57":1,"58":1,"59":1,"60":1,"61":1,"62":1,"63":1,"64":1,"65":1,"66":1,"67":1,"68":1,"69":1,"70":1,"71":1,"72":1,"73":1,"74":1,"75":1,"76":1,"77":1,"78":1,"79":1,"80":1,"81":1,"82":1,"83":1,"84":1,"85":1,"86":1,"87":1},"branchMap":{"0":{"type":"branch","line":56,"loc":{"start":{"line":56,"column":40},"end":{"line":56,"column":46}},"locations":[{"start":{"line":56,"column":40},"end":{"line":56,"column":46}}]},"1":{"type":"branch","line":58,"loc":{"start":{"line":58,"column":83},"end":{"line":58,"column":88}},"locations":[{"start":{"line":58,"column":83},"end":{"line":58,"column":88}}]},"2":{"type":"branch","line":88,"loc":{"start":{"line":88,"column":52},"end":{"line":88,"column":82}},"locations":[{"start":{"line":88,"column":52},"end":{"line":88,"column":82}}]}},"b":{"0":[0],"1":[0],"2":[0]},"fnMap":{},"f":{}}
,"C:\\planner_UC\\frontend\\src\\utils\\helpers.js": {"path":"C:\\planner_UC\\frontend\\src\\utils\\helpers.js","all":false,"statementMap":{"0":{"start":{"line":1,"column":0},"end":{"line":1,"column":3}},"1":{"start":{"line":2,"column":0},"end":{"line":2,"column":54}},"2":{"start":{"line":3,"column":0},"end":{"line":3,"column":3}},"4":{"start":{"line":5,"column":0},"end":{"line":5,"column":3}},"5":{"start":{"line":6,"column":0},"end":{"line":6,"column":63}},"6":{"start":{"line":7,"column":0},"end":{"line":7,"column":29}},"7":{"start":{"line":8,"column":0},"end":{"line":8,"column":56}},"8":{"start":{"line":9,"column":0},"end":{"line":9,"column":20}},"9":{"start":{"line":10,"column":0},"end":{"line":10,"column":3}},"10":{"start":{"line":11,"column":0},"end":{"line":11,"column":48}},"11":{"start":{"line":12,"column":0},"end":{"line":12,"column":24}},"12":{"start":{"line":13,"column":0},"end":{"line":13,"column":73}},"13":{"start":{"line":14,"column":0},"end":{"line":14,"column":81}},"14":{"start":{"line":15,"column":0},"end":{"line":15,"column":1}},"16":{"start":{"line":17,"column":0},"end":{"line":17,"column":3}},"17":{"start":{"line":18,"column":0},"end":{"line":18,"column":27}},"18":{"start":{"line":19,"column":0},"end":{"line":19,"column":29}},"19":{"start":{"line":20,"column":0},"end":{"line":20,"column":20}},"20":{"start":{"line":21,"column":0},"end":{"line":21,"column":3}},"21":{"start":{"line":22,"column":0},"end":{"line":22,"column":38}},"22":{"start":{"line":23,"column":0},"end":{"line":23,"column":24}},"23":{"start":{"line":24,"column":0},"end":{"line":24,"column":49}},"24":{"start":{"line":25,"column":0},"end":{"line":25,"column":19}},"25":{"start":{"line":26,"column":0},"end":{"line":26,"column":21}},"26":{"start":{"line":27,"column":0},"end":{"line":27,"column":20}},"27":{"start":{"line":28,"column":0},"end":{"line":28,"column":20}},"28":{"start":{"line":29,"column":0},"end":{"line":29,"column":22}},"29":{"start":{"line":30,"column":0},"end":{"line":30,"column":17}},"30":{"start":{"line":31,"column":0},"end":{"line":31,"column":5}},"31":{"start":{"line":32,"column":0},"end":{"line":32,"column":1}},"33":{"start":{"line":34,"column":0},"end":{"line":34,"column":3}},"34":{"start":{"line":35,"column":0},"end":{"line":35,"column":43}},"35":{"start":{"line":36,"column":0},"end":{"line":36,"column":23}},"36":{"start":{"line":37,"column":0},"end":{"line":37,"column":20}},"37":{"start":{"line":38,"column":0},"end":{"line":38,"column":3}},"38":{"start":{"line":39,"column":0},"end":{"line":39,"column":33}},"39":{"start":{"line":40,"column":0},"end":{"line":40,"column":22}},"40":{"start":{"line":41,"column":0},"end":{"line":41,"column":52}},"41":{"start":{"line":42,"column":0},"end":{"line":42,"column":1}},"43":{"start":{"line":44,"column":0},"end":{"line":44,"column":3}},"44":{"start":{"line":45,"column":0},"end":{"line":45,"column":51}},"45":{"start":{"line":46,"column":0},"end":{"line":46,"column":23}},"46":{"start":{"line":47,"column":0},"end":{"line":47,"column":26}},"47":{"start":{"line":48,"column":0},"end":{"line":48,"column":20}},"48":{"start":{"line":49,"column":0},"end":{"line":49,"column":3}},"49":{"start":{"line":50,"column":0},"end":{"line":50,"column":44}},"50":{"start":{"line":51,"column":0},"end":{"line":51,"column":53}},"51":{"start":{"line":52,"column":0},"end":{"line":52,"column":36}},"52":{"start":{"line":53,"column":0},"end":{"line":53,"column":1}},"54":{"start":{"line":55,"column":0},"end":{"line":55,"column":3}},"55":{"start":{"line":56,"column":0},"end":{"line":56,"column":46}},"56":{"start":{"line":57,"column":0},"end":{"line":57,"column":26}},"57":{"start":{"line":58,"column":0},"end":{"line":58,"column":20}},"58":{"start":{"line":59,"column":0},"end":{"line":59,"column":3}},"59":{"start":{"line":60,"column":0},"end":{"line":60,"column":40}},"60":{"start":{"line":61,"column":0},"end":{"line":61,"column":19}},"61":{"start":{"line":62,"column":0},"end":{"line":62,"column":40}},"62":{"start":{"line":63,"column":0},"end":{"line":63,"column":37}},"63":{"start":{"line":64,"column":0},"end":{"line":64,"column":36}},"64":{"start":{"line":65,"column":0},"end":{"line":65,"column":37}},"65":{"start":{"line":66,"column":0},"end":{"line":66,"column":27}},"66":{"start":{"line":67,"column":0},"end":{"line":67,"column":3}},"67":{"start":{"line":68,"column":0},"end":{"line":68,"column":1}},"69":{"start":{"line":70,"column":0},"end":{"line":70,"column":3}},"70":{"start":{"line":71,"column":0},"end":{"line":71,"column":35}},"71":{"start":{"line":72,"column":0},"end":{"line":72,"column":26}},"72":{"start":{"line":73,"column":0},"end":{"line":73,"column":20}},"73":{"start":{"line":74,"column":0},"end":{"line":74,"column":3}},"74":{"start":{"line":75,"column":0},"end":{"line":75,"column":40}},"75":{"start":{"line":76,"column":0},"end":{"line":76,"column":18}},"76":{"start":{"line":77,"column":0},"end":{"line":77,"column":25}},"77":{"start":{"line":78,"column":0},"end":{"line":78,"column":31}},"78":{"start":{"line":79,"column":0},"end":{"line":79,"column":28}},"79":{"start":{"line":80,"column":0},"end":{"line":80,"column":32}},"80":{"start":{"line":81,"column":0},"end":{"line":81,"column":4}},"81":{"start":{"line":82,"column":0},"end":{"line":82,"column":46}},"82":{"start":{"line":83,"column":0},"end":{"line":83,"column":1}},"84":{"start":{"line":85,"column":0},"end":{"line":85,"column":3}},"85":{"start":{"line":86,"column":0},"end":{"line":86,"column":37}},"86":{"start":{"line":87,"column":0},"end":{"line":87,"column":26}},"87":{"start":{"line":88,"column":0},"end":{"line":88,"column":20}},"88":{"start":{"line":89,"column":0},"end":{"line":89,"column":3}},"89":{"start":{"line":90,"column":0},"end":{"line":90,"column":40}},"90":{"start":{"line":91,"column":0},"end":{"line":91,"column":15}},"91":{"start":{"line":92,"column":0},"end":{"line":92,"column":19}},"92":{"start":{"line":93,"column":0},"end":{"line":93,"column":21}},"93":{"start":{"line":94,"column":0},"end":{"line":94,"column":27}},"94":{"start":{"line":95,"column":0},"end":{"line":95,"column":21}},"95":{"start":{"line":96,"column":0},"end":{"line":96,"column":23}},"96":{"start":{"line":97,"column":0},"end":{"line":97,"column":21}},"97":{"start":{"line":98,"column":0},"end":{"line":98,"column":4}},"98":{"start":{"line":99,"column":0},"end":{"line":99,"column":43}},"99":{"start":{"line":100,"column":0},"end":{"line":100,"column":1}},"101":{"start":{"line":102,"column":0},"end":{"line":102,"column":3}},"102":{"start":{"line":103,"column":0},"end":{"line":103,"column":34}},"103":{"start":{"line":104,"column":0},"end":{"line":104,"column":24}},"104":{"start":{"line":105,"column":0},"end":{"line":105,"column":20}},"105":{"start":{"line":106,"column":0},"end":{"line":106,"column":3}},"106":{"start":{"line":107,"column":0},"end":{"line":107,"column":40}},"107":{"start":{"line":108,"column":0},"end":{"line":108,"column":60}},"108":{"start":{"line":109,"column":0},"end":{"line":109,"column":1}},"110":{"start":{"line":111,"column":0},"end":{"line":111,"column":3}},"111":{"start":{"line":112,"column":0},"end":{"line":112,"column":55}},"112":{"start":{"line":113,"column":0},"end":{"line":113,"column":25}},"113":{"start":{"line":114,"column":0},"end":{"line":114,"column":29}},"114":{"start":{"line":115,"column":0},"end":{"line":115,"column":20}},"115":{"start":{"line":116,"column":0},"end":{"line":116,"column":3}},"116":{"start":{"line":117,"column":0},"end":{"line":117,"column":49}},"117":{"start":{"line":118,"column":0},"end":{"line":118,"column":41}},"118":{"start":{"line":119,"column":0},"end":{"line":119,"column":1}}},"s":{"0":1,"1":1,"2":1,"4":1,"5":1,"6":1,"7":1,"8":1,"9":1,"10":1,"11":4,"12":2,"13":2,"14":2,"16":1,"17":1,"18":1,"19":1,"20":1,"21":1,"22":2,"23":1,"24":1,"25":1,"26":1,"27":1,"28":1,"29":1,"30":1,"31":1,"33":1,"34":1,"35":1,"36":1,"37":1,"38":1,"39":6,"40":3,"41":3,"43":1,"44":1,"45":1,"46":1,"47":1,"48":1,"49":1,"50":3,"51":1,"52":1,"54":1,"55":1,"56":1,"57":1,"58":1,"59":1,"60":4,"61":4,"62":4,"63":4,"64":4,"65":4,"66":4,"67":4,"69":1,"70":1,"71":1,"72":1,"73":1,"74":1,"75":4,"76":4,"77":4,"78":4,"79":4,"80":4,"81":4,"82":4,"84":1,"85":1,"86":1,"87":1,"88":1,"89":1,"90":4,"91":4,"92":4,"93":4,"94":4,"95":4,"96":4,"97":4,"98":4,"99":4,"101":1,"102":1,"103":1,"104":1,"105":1,"106":1,"107":2,"108":2,"110":1,"111":1,"112":1,"113":1,"114":1,"115":1,"116":1,"117":3,"118":3},"branchMap":{"0":{"type":"branch","line":11,"loc":{"start":{"line":11,"column":7},"end":{"line":15,"column":1}},"locations":[{"start":{"line":11,"column":7},"end":{"line":15,"column":1}}]},"1":{"type":"branch","line":12,"loc":{"start":{"line":12,"column":13},"end":{"line":15,"column":1}},"locations":[{"start":{"line":12,"column":13},"end":{"line":15,"column":1}}]},"2":{"type":"branch","line":22,"loc":{"start":{"line":22,"column":7},"end":{"line":32,"column":1}},"locations":[{"start":{"line":22,"column":7},"end":{"line":32,"column":1}}]},"3":{"type":"branch","line":23,"loc":{"start":{"line":23,"column":13},"end":{"line":32,"column":1}},"locations":[{"start":{"line":23,"column":13},"end":{"line":32,"column":1}}]},"4":{"type":"branch","line":39,"loc":{"start":{"line":39,"column":7},"end":{"line":42,"column":1}},"locations":[{"start":{"line":39,"column":7},"end":{"line":42,"column":1}}]},"5":{"type":"branch","line":40,"loc":{"start":{"line":40,"column":12},"end":{"line":42,"column":1}},"locations":[{"start":{"line":40,"column":12},"end":{"line":42,"column":1}}]},"6":{"type":"branch","line":50,"loc":{"start":{"line":50,"column":7},"end":{"line":53,"column":1}},"locations":[{"start":{"line":50,"column":7},"end":{"line":53,"column":1}}]},"7":{"type":"branch","line":51,"loc":{"start":{"line":51,"column":11},"end":{"line":51,"column":34}},"locations":[{"start":{"line":51,"column":11},"end":{"line":51,"column":34}}]},"8":{"type":"branch","line":51,"loc":{"start":{"line":51,"column":36},"end":{"line":51,"column":53}},"locations":[{"start":{"line":51,"column":36},"end":{"line":51,"column":53}}]},"9":{"type":"branch","line":51,"loc":{"start":{"line":51,"column":47},"end":{"line":51,"column":52}},"locations":[{"start":{"line":51,"column":47},"end":{"line":51,"column":52}}]},"10":{"type":"branch","line":51,"loc":{"start":{"line":51,"column":52},"end":{"line":53,"column":1}},"locations":[{"start":{"line":51,"column":52},"end":{"line":53,"column":1}}]},"11":{"type":"branch","line":60,"loc":{"start":{"line":60,"column":7},"end":{"line":68,"column":1}},"locations":[{"start":{"line":60,"column":7},"end":{"line":68,"column":1}}]},"12":{"type":"branch","line":62,"loc":{"start":{"line":62,"column":4},"end":{"line":62,"column":40}},"locations":[{"start":{"line":62,"column":4},"end":{"line":62,"column":40}}]},"13":{"type":"branch","line":63,"loc":{"start":{"line":63,"column":4},"end":{"line":63,"column":37}},"locations":[{"start":{"line":63,"column":4},"end":{"line":63,"column":37}}]},"14":{"type":"branch","line":64,"loc":{"start":{"line":64,"column":4},"end":{"line":64,"column":36}},"locations":[{"start":{"line":64,"column":4},"end":{"line":64,"column":36}}]},"15":{"type":"branch","line":65,"loc":{"start":{"line":65,"column":4},"end":{"line":65,"column":37}},"locations":[{"start":{"line":65,"column":4},"end":{"line":65,"column":37}}]},"16":{"type":"branch","line":66,"loc":{"start":{"line":66,"column":4},"end":{"line":66,"column":27}},"locations":[{"start":{"line":66,"column":4},"end":{"line":66,"column":27}}]},"17":{"type":"branch","line":75,"loc":{"start":{"line":75,"column":7},"end":{"line":83,"column":1}},"locations":[{"start":{"line":75,"column":7},"end":{"line":83,"column":1}}]},"18":{"type":"branch","line":82,"loc":{"start":{"line":82,"column":24},"end":{"line":82,"column":45}},"locations":[{"start":{"line":82,"column":24},"end":{"line":82,"column":45}}]},"19":{"type":"branch","line":90,"loc":{"start":{"line":90,"column":7},"end":{"line":100,"column":1}},"locations":[{"start":{"line":90,"column":7},"end":{"line":100,"column":1}}]},"20":{"type":"branch","line":99,"loc":{"start":{"line":99,"column":21},"end":{"line":99,"column":42}},"locations":[{"start":{"line":99,"column":21},"end":{"line":99,"column":42}}]},"21":{"type":"branch","line":107,"loc":{"start":{"line":107,"column":7},"end":{"line":109,"column":1}},"locations":[{"start":{"line":107,"column":7},"end":{"line":109,"column":1}}]},"22":{"type":"branch","line":108,"loc":{"start":{"line":108,"column":32},"end":{"line":108,"column":47}},"locations":[{"start":{"line":108,"column":32},"end":{"line":108,"column":47}}]},"23":{"type":"branch","line":108,"loc":{"start":{"line":108,"column":48},"end":{"line":108,"column":59}},"locations":[{"start":{"line":108,"column":48},"end":{"line":108,"column":59}}]},"24":{"type":"branch","line":117,"loc":{"start":{"line":117,"column":7},"end":{"line":119,"column":1}},"locations":[{"start":{"line":117,"column":7},"end":{"line":119,"column":1}}]}},"b":{"0":[4],"1":[2],"2":[2],"3":[1],"4":[6],"5":[3],"6":[3],"7":[2],"8":[2],"9":[1],"10":[1],"11":[4],"12":[1],"13":[1],"14":[0],"15":[1],"16":[1],"17":[4],"18":[0],"19":[4],"20":[1],"21":[2],"22":[1],"23":[1],"24":[3]},"fnMap":{"0":{"name":"formatDate","decl":{"start":{"line":11,"column":7},"end":{"line":15,"column":1}},"loc":{"start":{"line":11,"column":7},"end":{"line":15,"column":1}},"line":11},"1":{"name":"formatDateTime","decl":{"start":{"line":22,"column":7},"end":{"line":32,"column":1}},"loc":{"start":{"line":22,"column":7},"end":{"line":32,"column":1}},"line":22},"2":{"name":"capitalize","decl":{"start":{"line":39,"column":7},"end":{"line":42,"column":1}},"loc":{"start":{"line":39,"column":7},"end":{"line":42,"column":1}},"line":39},"3":{"name":"truncate","decl":{"start":{"line":50,"column":7},"end":{"line":53,"column":1}},"loc":{"start":{"line":50,"column":7},"end":{"line":53,"column":1}},"line":50},"4":{"name":"getStatusBadge","decl":{"start":{"line":60,"column":7},"end":{"line":68,"column":1}},"loc":{"start":{"line":60,"column":7},"end":{"line":68,"column":1}},"line":60},"5":{"name":"getStatusLabel","decl":{"start":{"line":75,"column":7},"end":{"line":83,"column":1}},"loc":{"start":{"line":75,"column":7},"end":{"line":83,"column":1}},"line":75},"6":{"name":"dayDisplayName","decl":{"start":{"line":90,"column":7},"end":{"line":100,"column":1}},"loc":{"start":{"line":90,"column":7},"end":{"line":100,"column":1}},"line":90},"7":{"name":"formatCourseType","decl":{"start":{"line":107,"column":7},"end":{"line":109,"column":1}},"loc":{"start":{"line":107,"column":7},"end":{"line":109,"column":1}},"line":107},"8":{"name":"getColorByIndex","decl":{"start":{"line":117,"column":7},"end":{"line":119,"column":1}},"loc":{"start":{"line":117,"column":7},"end":{"line":119,"column":1}},"line":117}},"f":{"0":4,"1":2,"2":6,"3":3,"4":4,"5":4,"6":4,"7":2,"8":3}}
}
