{"C:\\planner_UC\\backend\\server.js": {"path":"C:\\planner_UC\\backend\\server.js","statementMap":{"0":{"start":{"line":1,"column":16},"end":{"line":1,"column":34}},"1":{"start":{"line":2,"column":13},"end":{"line":2,"column":28}},"2":{"start":{"line":3,"column":15},"end":{"line":3,"column":32}},"3":{"start":{"line":4,"column":15},"end":{"line":4,"column":32}},"4":{"start":{"line":5,"column":20},"end":{"line":5,"column":42}},"5":{"start":{"line":6,"column":15},"end":{"line":6,"column":32}},"6":{"start":{"line":7,"column":17},"end":{"line":7,"column":36}},"7":{"start":{"line":8,"column":18},"end":{"line":8,"column":40}},"8":{"start":{"line":9,"column":35},"end":{"line":9,"column":69}},"9":{"start":{"line":11,"column":0},"end":{"line":11,"column":16}},"10":{"start":{"line":13,"column":12},"end":{"line":13,"column":21}},"11":{"start":{"line":16,"column":0},"end":{"line":16,"column":18}},"12":{"start":{"line":17,"column":0},"end":{"line":17,"column":52}},"13":{"start":{"line":18,"column":0},"end":{"line":18,"column":77}},"14":{"start":{"line":19,"column":0},"end":{"line":19,"column":23}},"15":{"start":{"line":20,"column":0},"end":{"line":20,"column":41}},"16":{"start":{"line":21,"column":0},"end":{"line":21,"column":48}},"17":{"start":{"line":22,"column":0},"end":{"line":22,"column":20}},"18":{"start":{"line":25,"column":0},"end":{"line":25,"column":54}},"19":{"start":{"line":26,"column":0},"end":{"line":26,"column":59}},"20":{"start":{"line":27,"column":0},"end":{"line":27,"column":61}},"21":{"start":{"line":28,"column":0},"end":{"line":28,"column":61}},"22":{"start":{"line":29,"column":0},"end":{"line":29,"column":65}},"23":{"start":{"line":30,"column":0},"end":{"line":30,"column":67}},"24":{"start":{"line":31,"column":0},"end":{"line":31,"column":62}},"25":{"start":{"line":32,"column":0},"end":{"line":32,"column":67}},"26":{"start":{"line":33,"column":0},"end":{"line":33,"column":64}},"27":{"start":{"line":34,"column":0},"end":{"line":34,"column":67}},"28":{"start":{"line":35,"column":0},"end":{"line":35,"column":71}},"29":{"start":{"line":36,"column":0},"end":{"line":36,"column":59}},"30":{"start":{"line":37,"column":0},"end":{"line":37,"column":69}},"31":{"start":{"line":38,"column":0},"end":{"line":38,"column":60}},"32":{"start":{"line":39,"column":0},"end":{"line":39,"column":59}},"33":{"start":{"line":40,"column":0},"end":{"line":40,"column":60}},"34":{"start":{"line":41,"column":0},"end":{"line":41,"column":67}},"35":{"start":{"line":42,"column":0},"end":{"line":42,"column":78}},"36":{"start":{"line":43,"column":0},"end":{"line":43,"column":67}},"37":{"start":{"line":44,"column":0},"end":{"line":44,"column":60}},"38":{"start":{"line":45,"column":0},"end":{"line":45,"column":52}},"39":{"start":{"line":48,"column":0},"end":{"line":48,"column":43}},"40":{"start":{"line":51,"column":0},"end":{"line":62,"column":3}},"41":{"start":{"line":52,"column":19},"end":{"line":52,"column":79}},"42":{"start":{"line":53,"column":2},"end":{"line":61,"column":5}},"43":{"start":{"line":65,"column":0},"end":{"line":67,"column":3}},"44":{"start":{"line":66,"column":2},"end":{"line":66,"column":78}},"45":{"start":{"line":70,"column":0},"end":{"line":70,"column":46}},"46":{"start":{"line":76,"column":13},"end":{"line":76,"column":37}},"47":{"start":{"line":78,"column":20},"end":{"line":106,"column":1}},"48":{"start":{"line":79,"column":2},"end":{"line":105,"column":3}},"49":{"start":{"line":81,"column":4},"end":{"line":81,"column":22}},"50":{"start":{"line":84,"column":4},"end":{"line":89,"column":5}},"51":{"start":{"line":85,"column":6},"end":{"line":85,"column":43}},"52":{"start":{"line":87,"column":6},"end":{"line":87,"column":69}},"53":{"start":{"line":88,"column":6},"end":{"line":88,"column":74}},"54":{"start":{"line":92,"column":4},"end":{"line":101,"column":7}},"55":{"start":{"line":93,"column":6},"end":{"line":93,"column":22}},"56":{"start":{"line":94,"column":6},"end":{"line":94,"column":64}},"57":{"start":{"line":95,"column":6},"end":{"line":95,"column":69}},"58":{"start":{"line":96,"column":6},"end":{"line":96,"column":78}},"59":{"start":{"line":97,"column":6},"end":{"line":97,"column":58}},"60":{"start":{"line":98,"column":6},"end":{"line":98,"column":68}},"61":{"start":{"line":99,"column":6},"end":{"line":99,"column":64}},"62":{"start":{"line":100,"column":6},"end":{"line":100,"column":22}},"63":{"start":{"line":103,"column":4},"end":{"line":103,"column":68}},"64":{"start":{"line":104,"column":4},"end":{"line":104,"column":20}},"65":{"start":{"line":108,"column":0},"end":{"line":108,"column":14}},"66":{"start":{"line":110,"column":0},"end":{"line":110,"column":21}}},"fnMap":{"0":{"name":"(anonymous_0)","decl":{"start":{"line":51,"column":23},"end":{"line":51,"column":24}},"loc":{"start":{"line":51,"column":37},"end":{"line":62,"column":1}},"line":51},"1":{"name":"(anonymous_1)","decl":{"start":{"line":65,"column":8},"end":{"line":65,"column":9}},"loc":{"start":{"line":65,"column":22},"end":{"line":67,"column":1}},"line":65},"2":{"name":"(anonymous_2)","decl":{"start":{"line":78,"column":20},"end":{"line":78,"column":21}},"loc":{"start":{"line":78,"column":32},"end":{"line":106,"column":1}},"line":78},"3":{"name":"(anonymous_3)","decl":{"start":{"line":92,"column":21},"end":{"line":92,"column":22}},"loc":{"start":{"line":92,"column":27},"end":{"line":101,"column":5}},"line":92}},"branchMap":{"0":{"loc":{"start":{"line":18,"column":23},"end":{"line":18,"column":53}},"type":"binary-expr","locations":[{"start":{"line":18,"column":23},"end":{"line":18,"column":46}},{"start":{"line":18,"column":50},"end":{"line":18,"column":53}}],"line":18},"1":{"loc":{"start":{"line":57,"column":13},"end":{"line":57,"column":66}},"type":"binary-expr","locations":[{"start":{"line":57,"column":13},"end":{"line":57,"column":53}},{"start":{"line":57,"column":57},"end":{"line":57,"column":66}}],"line":57},"2":{"loc":{"start":{"line":58,"column":12},"end":{"line":58,"column":44}},"type":"binary-expr","locations":[{"start":{"line":58,"column":12},"end":{"line":58,"column":36}},{"start":{"line":58,"column":40},"end":{"line":58,"column":44}}],"line":58},"3":{"loc":{"start":{"line":59,"column":12},"end":{"line":59,"column":44}},"type":"binary-expr","locations":[{"start":{"line":59,"column":12},"end":{"line":59,"column":36}},{"start":{"line":59,"column":40},"end":{"line":59,"column":44}}],"line":59},"4":{"loc":{"start":{"line":76,"column":13},"end":{"line":76,"column":37}},"type":"binary-expr","locations":[{"start":{"line":76,"column":13},"end":{"line":76,"column":29}},{"start":{"line":76,"column":33},"end":{"line":76,"column":37}}],"line":76},"5":{"loc":{"start":{"line":96,"column":37},"end":{"line":96,"column":74}},"type":"binary-expr","locations":[{"start":{"line":96,"column":37},"end":{"line":96,"column":57}},{"start":{"line":96,"column":61},"end":{"line":96,"column":74}}],"line":96}},"s":{"0":1,"1":1,"2":1,"3":1,"4":1,"5":1,"6":1,"7":1,"8":1,"9":1,"10":1,"11":1,"12":1,"13":1,"14":1,"15":1,"16":1,"17":1,"18":1,"19":1,"20":1,"21":1,"22":1,"23":1,"24":1,"25":1,"26":1,"27":1,"28":1,"29":1,"30":1,"31":1,"32":1,"33":1,"34":1,"35":1,"36":1,"37":1,"38":1,"39":1,"40":1,"41":1,"42":1,"43":1,"44":1,"45":1,"46":1,"47":1,"48":1,"49":1,"50":0,"51":0,"52":0,"53":0,"54":0,"55":0,"56":0,"57":0,"58":0,"59":0,"60":0,"61":0,"62":0,"63":0,"64":0,"65":1,"66":1},"f":{"0":1,"1":1,"2":1,"3":0},"b":{"0":[1,1],"1":[1,0],"2":[1,0],"3":[1,0],"4":[1,0],"5":[0,0]},"_coverageSchema":"1a1c01bbd47fc00a2c39e90264f33305004495a9","hash":"36d3d48eef5ae151d57b4fc0225aa1a12091a3ab"}
,"C:\\planner_UC\\backend\\config\\db.js": {"path":"C:\\planner_UC\\backend\\config\\db.js","statementMap":{"0":{"start":{"line":1,"column":17},"end":{"line":1,"column":36}},"1":{"start":{"line":14,"column":18},"end":{"line":14,"column":22}},"2":{"start":{"line":16,"column":18},"end":{"line":64,"column":1}},"3":{"start":{"line":17,"column":14},"end":{"line":17,"column":81}},"4":{"start":{"line":19,"column":2},"end":{"line":30,"column":3}},"5":{"start":{"line":21,"column":4},"end":{"line":23,"column":7}},"6":{"start":{"line":24,"column":4},"end":{"line":24,"column":69}},"7":{"start":{"line":25,"column":4},"end":{"line":25,"column":62}},"8":{"start":{"line":26,"column":4},"end":{"line":26,"column":11}},"9":{"start":{"line":28,"column":4},"end":{"line":28,"column":80}},"10":{"start":{"line":29,"column":4},"end":{"line":29,"column":78}},"11":{"start":{"line":33,"column":2},"end":{"line":63,"column":3}},"12":{"start":{"line":34,"column":34},"end":{"line":34,"column":66}},"13":{"start":{"line":35,"column":4},"end":{"line":39,"column":7}},"14":{"start":{"line":41,"column":22},"end":{"line":41,"column":42}},"15":{"start":{"line":42,"column":4},"end":{"line":42,"column":38}},"16":{"start":{"line":44,"column":4},"end":{"line":44,"column":79}},"17":{"start":{"line":45,"column":4},"end":{"line":45,"column":62}},"18":{"start":{"line":46,"column":4},"end":{"line":46,"column":20}},"19":{"start":{"line":47,"column":4},"end":{"line":47,"column":84}},"20":{"start":{"line":48,"column":4},"end":{"line":48,"column":83}},"21":{"start":{"line":49,"column":4},"end":{"line":49,"column":83}},"22":{"start":{"line":50,"column":4},"end":{"line":50,"column":84}},"23":{"start":{"line":51,"column":4},"end":{"line":51,"column":83}},"24":{"start":{"line":52,"column":4},"end":{"line":52,"column":83}},"25":{"start":{"line":53,"column":4},"end":{"line":53,"column":83}},"26":{"start":{"line":54,"column":4},"end":{"line":54,"column":84}},"27":{"start":{"line":55,"column":4},"end":{"line":55,"column":20}},"28":{"start":{"line":57,"column":4},"end":{"line":57,"column":73}},"29":{"start":{"line":58,"column":4},"end":{"line":58,"column":48}},"30":{"start":{"line":59,"column":4},"end":{"line":59,"column":102}},"31":{"start":{"line":60,"column":4},"end":{"line":60,"column":86}},"32":{"start":{"line":61,"column":4},"end":{"line":61,"column":51}},"33":{"start":{"line":62,"column":4},"end":{"line":62,"column":20}},"34":{"start":{"line":67,"column":0},"end":{"line":69,"column":3}},"35":{"start":{"line":68,"column":2},"end":{"line":68,"column":50}},"36":{"start":{"line":71,"column":0},"end":{"line":73,"column":3}},"37":{"start":{"line":72,"column":2},"end":{"line":72,"column":63}},"38":{"start":{"line":75,"column":0},"end":{"line":77,"column":3}},"39":{"start":{"line":76,"column":2},"end":{"line":76,"column":52}},"40":{"start":{"line":80,"column":0},"end":{"line":88,"column":3}},"41":{"start":{"line":81,"column":2},"end":{"line":81,"column":36}},"42":{"start":{"line":82,"column":2},"end":{"line":85,"column":3}},"43":{"start":{"line":83,"column":4},"end":{"line":83,"column":29}},"44":{"start":{"line":84,"column":4},"end":{"line":84,"column":53}},"45":{"start":{"line":86,"column":2},"end":{"line":86,"column":73}},"46":{"start":{"line":87,"column":2},"end":{"line":87,"column":18}},"47":{"start":{"line":90,"column":0},"end":{"line":90,"column":27}}},"fnMap":{"0":{"name":"(anonymous_0)","decl":{"start":{"line":16,"column":18},"end":{"line":16,"column":19}},"loc":{"start":{"line":16,"column":30},"end":{"line":64,"column":1}},"line":16},"1":{"name":"(anonymous_1)","decl":{"start":{"line":67,"column":36},"end":{"line":67,"column":37}},"loc":{"start":{"line":67,"column":42},"end":{"line":69,"column":1}},"line":67},"2":{"name":"(anonymous_2)","decl":{"start":{"line":71,"column":32},"end":{"line":71,"column":33}},"loc":{"start":{"line":71,"column":41},"end":{"line":73,"column":1}},"line":71},"3":{"name":"(anonymous_3)","decl":{"start":{"line":75,"column":39},"end":{"line":75,"column":40}},"loc":{"start":{"line":75,"column":45},"end":{"line":77,"column":1}},"line":75},"4":{"name":"(anonymous_4)","decl":{"start":{"line":80,"column":21},"end":{"line":80,"column":22}},"loc":{"start":{"line":80,"column":33},"end":{"line":88,"column":1}},"line":80}},"branchMap":{"0":{"loc":{"start":{"line":17,"column":14},"end":{"line":17,"column":81}},"type":"binary-expr","locations":[{"start":{"line":17,"column":14},"end":{"line":17,"column":37}},{"start":{"line":17,"column":41},"end":{"line":17,"column":81}}],"line":17},"1":{"loc":{"start":{"line":82,"column":2},"end":{"line":85,"column":3}},"type":"if","locations":[{"start":{"line":82,"column":2},"end":{"line":85,"column":3}},{"start":{},"end":{}}],"line":82}},"s":{"0":2,"1":2,"2":2,"3":1,"4":1,"5":1,"6":0,"7":0,"8":0,"9":1,"10":1,"11":1,"12":1,"13":1,"14":0,"15":0,"16":0,"17":0,"18":0,"19":0,"20":0,"21":0,"22":0,"23":0,"24":0,"25":0,"26":0,"27":0,"28":0,"29":0,"30":0,"31":0,"32":0,"33":0,"34":2,"35":0,"36":2,"37":1,"38":2,"39":1,"40":2,"41":0,"42":0,"43":0,"44":0,"45":0,"46":0,"47":2},"f":{"0":1,"1":0,"2":1,"3":1,"4":0},"b":{"0":[1,0],"1":[0,0]},"_coverageSchema":"1a1c01bbd47fc00a2c39e90264f33305004495a9","hash":"0decb363fbce728f7b821296f778ea9fb6909e4b"}
,"C:\\planner_UC\\backend\\config\\jwt.js": {"path":"C:\\planner_UC\\backend\\config\\jwt.js","statementMap":{"0":{"start":{"line":1,"column":18},"end":{"line":1,"column":40}},"1":{"start":{"line":2,"column":0},"end":{"line":6,"column":1}},"2":{"start":{"line":3,"column":2},"end":{"line":3,"column":93}},"3":{"start":{"line":4,"column":2},"end":{"line":4,"column":88}},"4":{"start":{"line":5,"column":2},"end":{"line":5,"column":18}},"5":{"start":{"line":8,"column":0},"end":{"line":11,"column":2}}},"fnMap":{},"branchMap":{"0":{"loc":{"start":{"line":2,"column":0},"end":{"line":6,"column":1}},"type":"if","locations":[{"start":{"line":2,"column":0},"end":{"line":6,"column":1}},{"start":{},"end":{}}],"line":2},"1":{"loc":{"start":{"line":10,"column":13},"end":{"line":10,"column":47}},"type":"binary-expr","locations":[{"start":{"line":10,"column":13},"end":{"line":10,"column":39}},{"start":{"line":10,"column":43},"end":{"line":10,"column":47}}],"line":10}},"s":{"0":6,"1":6,"2":1,"3":1,"4":1,"5":6},"f":{},"b":{"0":[1,5],"1":[6,1]},"_coverageSchema":"1a1c01bbd47fc00a2c39e90264f33305004495a9","hash":"db2f240a960c612fee28221ab140b2a2c343a919"}
,"C:\\planner_UC\\backend\\controllers\\auth.controller.js": {"path":"C:\\planner_UC\\backend\\controllers\\auth.controller.js","statementMap":{"0":{"start":{"line":1,"column":12},"end":{"line":1,"column":35}},"1":{"start":{"line":2,"column":13},"end":{"line":2,"column":38}},"2":{"start":{"line":3,"column":16},"end":{"line":3,"column":44}},"3":{"start":{"line":4,"column":16},"end":{"line":4,"column":44}},"4":{"start":{"line":5,"column":18},"end":{"line":5,"column":42}},"5":{"start":{"line":6,"column":29},"end":{"line":6,"column":57}},"6":{"start":{"line":9,"column":0},"end":{"line":63,"column":2}},"7":{"start":{"line":10,"column":2},"end":{"line":62,"column":3}},"8":{"start":{"line":11,"column":19},"end":{"line":11,"column":40}},"9":{"start":{"line":12,"column":4},"end":{"line":14,"column":5}},"10":{"start":{"line":13,"column":6},"end":{"line":13,"column":94}},"11":{"start":{"line":16,"column":44},"end":{"line":16,"column":52}},"12":{"start":{"line":18,"column":25},"end":{"line":18,"column":54}},"13":{"start":{"line":19,"column":4},"end":{"line":21,"column":5}},"14":{"start":{"line":20,"column":6},"end":{"line":20,"column":79}},"15":{"start":{"line":23,"column":17},"end":{"line":23,"column":89}},"16":{"start":{"line":24,"column":18},"end":{"line":24,"column":115}},"17":{"start":{"line":27,"column":4},"end":{"line":38,"column":5}},"18":{"start":{"line":28,"column":30},"end":{"line":28,"column":74}},"19":{"start":{"line":29,"column":6},"end":{"line":37,"column":7}},"20":{"start":{"line":30,"column":8},"end":{"line":30,"column":83}},"21":{"start":{"line":32,"column":8},"end":{"line":36,"column":11}},"22":{"start":{"line":41,"column":4},"end":{"line":53,"column":5}},"23":{"start":{"line":42,"column":30},"end":{"line":42,"column":74}},"24":{"start":{"line":43,"column":6},"end":{"line":52,"column":7}},"25":{"start":{"line":44,"column":22},"end":{"line":44,"column":52}},"26":{"start":{"line":45,"column":8},"end":{"line":51,"column":11}},"27":{"start":{"line":55,"column":4},"end":{"line":59,"column":7}},"28":{"start":{"line":61,"column":4},"end":{"line":61,"column":16}},"29":{"start":{"line":66,"column":0},"end":{"line":95,"column":2}},"30":{"start":{"line":67,"column":2},"end":{"line":94,"column":3}},"31":{"start":{"line":68,"column":19},"end":{"line":68,"column":40}},"32":{"start":{"line":69,"column":4},"end":{"line":71,"column":5}},"33":{"start":{"line":70,"column":6},"end":{"line":70,"column":94}},"34":{"start":{"line":73,"column":32},"end":{"line":73,"column":40}},"35":{"start":{"line":75,"column":17},"end":{"line":75,"column":46}},"36":{"start":{"line":76,"column":4},"end":{"line":78,"column":5}},"37":{"start":{"line":77,"column":6},"end":{"line":77,"column":74}},"38":{"start":{"line":80,"column":20},"end":{"line":80,"column":56}},"39":{"start":{"line":81,"column":4},"end":{"line":83,"column":5}},"40":{"start":{"line":82,"column":6},"end":{"line":82,"column":74}},"41":{"start":{"line":85,"column":18},"end":{"line":85,"column":115}},"42":{"start":{"line":87,"column":4},"end":{"line":91,"column":7}},"43":{"start":{"line":93,"column":4},"end":{"line":93,"column":16}},"44":{"start":{"line":98,"column":0},"end":{"line":104,"column":2}},"45":{"start":{"line":99,"column":2},"end":{"line":103,"column":3}},"46":{"start":{"line":100,"column":4},"end":{"line":100,"column":33}},"47":{"start":{"line":102,"column":4},"end":{"line":102,"column":16}}},"fnMap":{"0":{"name":"(anonymous_0)","decl":{"start":{"line":9,"column":19},"end":{"line":9,"column":20}},"loc":{"start":{"line":9,"column":45},"end":{"line":63,"column":1}},"line":9},"1":{"name":"(anonymous_1)","decl":{"start":{"line":66,"column":16},"end":{"line":66,"column":17}},"loc":{"start":{"line":66,"column":42},"end":{"line":95,"column":1}},"line":66},"2":{"name":"(anonymous_2)","decl":{"start":{"line":98,"column":21},"end":{"line":98,"column":22}},"loc":{"start":{"line":98,"column":47},"end":{"line":104,"column":1}},"line":98}},"branchMap":{"0":{"loc":{"start":{"line":12,"column":4},"end":{"line":14,"column":5}},"type":"if","locations":[{"start":{"line":12,"column":4},"end":{"line":14,"column":5}},{"start":{},"end":{}}],"line":12},"1":{"loc":{"start":{"line":19,"column":4},"end":{"line":21,"column":5}},"type":"if","locations":[{"start":{"line":19,"column":4},"end":{"line":21,"column":5}},{"start":{},"end":{}}],"line":19},"2":{"loc":{"start":{"line":23,"column":66},"end":{"line":23,"column":86}},"type":"binary-expr","locations":[{"start":{"line":23,"column":66},"end":{"line":23,"column":70}},{"start":{"line":23,"column":74},"end":{"line":23,"column":86}}],"line":23},"3":{"loc":{"start":{"line":27,"column":4},"end":{"line":38,"column":5}},"type":"if","locations":[{"start":{"line":27,"column":4},"end":{"line":38,"column":5}},{"start":{},"end":{}}],"line":27},"4":{"loc":{"start":{"line":29,"column":6},"end":{"line":37,"column":7}},"type":"if","locations":[{"start":{"line":29,"column":6},"end":{"line":37,"column":7}},{"start":{"line":31,"column":13},"end":{"line":37,"column":7}}],"line":29},"5":{"loc":{"start":{"line":41,"column":4},"end":{"line":53,"column":5}},"type":"if","locations":[{"start":{"line":41,"column":4},"end":{"line":53,"column":5}},{"start":{},"end":{}}],"line":41},"6":{"loc":{"start":{"line":43,"column":6},"end":{"line":52,"column":7}},"type":"if","locations":[{"start":{"line":43,"column":6},"end":{"line":52,"column":7}},{"start":{},"end":{}}],"line":43},"7":{"loc":{"start":{"line":69,"column":4},"end":{"line":71,"column":5}},"type":"if","locations":[{"start":{"line":69,"column":4},"end":{"line":71,"column":5}},{"start":{},"end":{}}],"line":69},"8":{"loc":{"start":{"line":76,"column":4},"end":{"line":78,"column":5}},"type":"if","locations":[{"start":{"line":76,"column":4},"end":{"line":78,"column":5}},{"start":{},"end":{}}],"line":76},"9":{"loc":{"start":{"line":81,"column":4},"end":{"line":83,"column":5}},"type":"if","locations":[{"start":{"line":81,"column":4},"end":{"line":83,"column":5}},{"start":{},"end":{}}],"line":81}},"s":{"0":2,"1":2,"2":2,"3":2,"4":2,"5":2,"6":2,"7":7,"8":7,"9":7,"10":0,"11":7,"12":7,"13":6,"14":2,"15":4,"16":4,"17":4,"18":1,"19":1,"20":0,"21":1,"22":4,"23":2,"24":2,"25":2,"26":2,"27":4,"28":1,"29":2,"30":5,"31":5,"32":5,"33":0,"34":5,"35":5,"36":5,"37":1,"38":4,"39":4,"40":2,"41":2,"42":2,"43":0,"44":2,"45":3,"46":3,"47":1},"f":{"0":7,"1":5,"2":3},"b":{"0":[0,7],"1":[2,4],"2":[4,0],"3":[1,3],"4":[0,1],"5":[2,2],"6":[2,0],"7":[0,5],"8":[1,4],"9":[2,2]},"_coverageSchema":"1a1c01bbd47fc00a2c39e90264f33305004495a9","hash":"f06ac5183662f71aafaf9b672f02c2b3ad696501"}
,"C:\\planner_UC\\backend\\controllers\\campus.controller.js": {"path":"C:\\planner_UC\\backend\\controllers\\campus.controller.js","statementMap":{"0":{"start":{"line":1,"column":15},"end":{"line":1,"column":42}},"1":{"start":{"line":2,"column":18},"end":{"line":2,"column":48}},"2":{"start":{"line":12,"column":23},"end":{"line":51,"column":1}},"3":{"start":{"line":13,"column":2},"end":{"line":13,"column":65}},"4":{"start":{"line":13,"column":58},"end":{"line":13,"column":65}},"5":{"start":{"line":15,"column":24},"end":{"line":15,"column":26}},"6":{"start":{"line":17,"column":2},"end":{"line":44,"column":3}},"7":{"start":{"line":18,"column":4},"end":{"line":18,"column":67}},"8":{"start":{"line":18,"column":58},"end":{"line":18,"column":67}},"9":{"start":{"line":19,"column":4},"end":{"line":43,"column":5}},"10":{"start":{"line":20,"column":6},"end":{"line":20,"column":61}},"11":{"start":{"line":20,"column":52},"end":{"line":20,"column":61}},"12":{"start":{"line":21,"column":6},"end":{"line":42,"column":7}},"13":{"start":{"line":22,"column":8},"end":{"line":22,"column":38}},"14":{"start":{"line":23,"column":24},"end":{"line":27,"column":9}},"15":{"start":{"line":29,"column":23},"end":{"line":29,"column":67}},"16":{"start":{"line":30,"column":8},"end":{"line":41,"column":9}},"17":{"start":{"line":31,"column":10},"end":{"line":40,"column":13}},"18":{"start":{"line":47,"column":2},"end":{"line":50,"column":4}},"19":{"start":{"line":53,"column":0},"end":{"line":62,"column":2}},"20":{"start":{"line":54,"column":2},"end":{"line":61,"column":3}},"21":{"start":{"line":55,"column":21},"end":{"line":57,"column":24}},"22":{"start":{"line":58,"column":4},"end":{"line":58,"column":51}},"23":{"start":{"line":60,"column":4},"end":{"line":60,"column":16}},"24":{"start":{"line":64,"column":0},"end":{"line":73,"column":2}},"25":{"start":{"line":65,"column":2},"end":{"line":72,"column":3}},"26":{"start":{"line":66,"column":19},"end":{"line":67,"column":54}},"27":{"start":{"line":68,"column":4},"end":{"line":68,"column":83}},"28":{"start":{"line":68,"column":17},"end":{"line":68,"column":83}},"29":{"start":{"line":69,"column":4},"end":{"line":69,"column":21}},"30":{"start":{"line":71,"column":4},"end":{"line":71,"column":16}},"31":{"start":{"line":75,"column":0},"end":{"line":83,"column":2}},"32":{"start":{"line":76,"column":2},"end":{"line":82,"column":3}},"33":{"start":{"line":77,"column":19},"end":{"line":77,"column":48}},"34":{"start":{"line":78,"column":4},"end":{"line":78,"column":33}},"35":{"start":{"line":79,"column":4},"end":{"line":79,"column":88}},"36":{"start":{"line":81,"column":4},"end":{"line":81,"column":16}},"37":{"start":{"line":85,"column":0},"end":{"line":94,"column":2}},"38":{"start":{"line":86,"column":2},"end":{"line":93,"column":3}},"39":{"start":{"line":87,"column":19},"end":{"line":87,"column":110}},"40":{"start":{"line":88,"column":4},"end":{"line":88,"column":83}},"41":{"start":{"line":88,"column":17},"end":{"line":88,"column":83}},"42":{"start":{"line":89,"column":4},"end":{"line":89,"column":33}},"43":{"start":{"line":90,"column":4},"end":{"line":90,"column":81}},"44":{"start":{"line":92,"column":4},"end":{"line":92,"column":16}},"45":{"start":{"line":96,"column":0},"end":{"line":105,"column":2}},"46":{"start":{"line":97,"column":2},"end":{"line":104,"column":3}},"47":{"start":{"line":98,"column":19},"end":{"line":98,"column":98}},"48":{"start":{"line":99,"column":4},"end":{"line":99,"column":83}},"49":{"start":{"line":99,"column":17},"end":{"line":99,"column":83}},"50":{"start":{"line":100,"column":4},"end":{"line":100,"column":77}},"51":{"start":{"line":101,"column":4},"end":{"line":101,"column":85}},"52":{"start":{"line":103,"column":4},"end":{"line":103,"column":16}}},"fnMap":{"0":{"name":"(anonymous_0)","decl":{"start":{"line":12,"column":23},"end":{"line":12,"column":24}},"loc":{"start":{"line":12,"column":41},"end":{"line":51,"column":1}},"line":12},"1":{"name":"(anonymous_1)","decl":{"start":{"line":53,"column":17},"end":{"line":53,"column":18}},"loc":{"start":{"line":53,"column":43},"end":{"line":62,"column":1}},"line":53},"2":{"name":"(anonymous_2)","decl":{"start":{"line":64,"column":18},"end":{"line":64,"column":19}},"loc":{"start":{"line":64,"column":44},"end":{"line":73,"column":1}},"line":64},"3":{"name":"(anonymous_3)","decl":{"start":{"line":75,"column":17},"end":{"line":75,"column":18}},"loc":{"start":{"line":75,"column":43},"end":{"line":83,"column":1}},"line":75},"4":{"name":"(anonymous_4)","decl":{"start":{"line":85,"column":17},"end":{"line":85,"column":18}},"loc":{"start":{"line":85,"column":43},"end":{"line":94,"column":1}},"line":85},"5":{"name":"(anonymous_5)","decl":{"start":{"line":96,"column":17},"end":{"line":96,"column":18}},"loc":{"start":{"line":96,"column":43},"end":{"line":105,"column":1}},"line":96}},"branchMap":{"0":{"loc":{"start":{"line":13,"column":2},"end":{"line":13,"column":65}},"type":"if","locations":[{"start":{"line":13,"column":2},"end":{"line":13,"column":65}},{"start":{},"end":{}}],"line":13},"1":{"loc":{"start":{"line":13,"column":6},"end":{"line":13,"column":56}},"type":"binary-expr","locations":[{"start":{"line":13,"column":6},"end":{"line":13,"column":23}},{"start":{"line":13,"column":27},"end":{"line":13,"column":56}}],"line":13},"2":{"loc":{"start":{"line":18,"column":4},"end":{"line":18,"column":67}},"type":"if","locations":[{"start":{"line":18,"column":4},"end":{"line":18,"column":67}},{"start":{},"end":{}}],"line":18},"3":{"loc":{"start":{"line":18,"column":8},"end":{"line":18,"column":56}},"type":"binary-expr","locations":[{"start":{"line":18,"column":8},"end":{"line":18,"column":24}},{"start":{"line":18,"column":28},"end":{"line":18,"column":56}}],"line":18},"4":{"loc":{"start":{"line":20,"column":6},"end":{"line":20,"column":61}},"type":"if","locations":[{"start":{"line":20,"column":6},"end":{"line":20,"column":61}},{"start":{},"end":{}}],"line":20},"5":{"loc":{"start":{"line":20,"column":10},"end":{"line":20,"column":50}},"type":"binary-expr","locations":[{"start":{"line":20,"column":10},"end":{"line":20,"column":22}},{"start":{"line":20,"column":26},"end":{"line":20,"column":50}}],"line":20},"6":{"loc":{"start":{"line":30,"column":8},"end":{"line":41,"column":9}},"type":"if","locations":[{"start":{"line":30,"column":8},"end":{"line":41,"column":9}},{"start":{},"end":{}}],"line":30},"7":{"loc":{"start":{"line":33,"column":18},"end":{"line":33,"column":62}},"type":"binary-expr","locations":[{"start":{"line":33,"column":18},"end":{"line":33,"column":27}},{"start":{"line":33,"column":31},"end":{"line":33,"column":62}}],"line":33},"8":{"loc":{"start":{"line":35,"column":18},"end":{"line":35,"column":49}},"type":"binary-expr","locations":[{"start":{"line":35,"column":18},"end":{"line":35,"column":36}},{"start":{"line":35,"column":40},"end":{"line":35,"column":49}}],"line":35},"9":{"loc":{"start":{"line":68,"column":4},"end":{"line":68,"column":83}},"type":"if","locations":[{"start":{"line":68,"column":4},"end":{"line":68,"column":83}},{"start":{},"end":{}}],"line":68},"10":{"loc":{"start":{"line":88,"column":4},"end":{"line":88,"column":83}},"type":"if","locations":[{"start":{"line":88,"column":4},"end":{"line":88,"column":83}},{"start":{},"end":{}}],"line":88},"11":{"loc":{"start":{"line":99,"column":4},"end":{"line":99,"column":83}},"type":"if","locations":[{"start":{"line":99,"column":4},"end":{"line":99,"column":83}},{"start":{},"end":{}}],"line":99}},"s":{"0":1,"1":1,"2":1,"3":0,"4":0,"5":0,"6":0,"7":0,"8":0,"9":0,"10":0,"11":0,"12":0,"13":0,"14":0,"15":0,"16":0,"17":0,"18":0,"19":1,"20":0,"21":0,"22":0,"23":0,"24":1,"25":0,"26":0,"27":0,"28":0,"29":0,"30":0,"31":1,"32":0,"33":0,"34":0,"35":0,"36":0,"37":1,"38":0,"39":0,"40":0,"41":0,"42":0,"43":0,"44":0,"45":1,"46":0,"47":0,"48":0,"49":0,"50":0,"51":0,"52":0},"f":{"0":0,"1":0,"2":0,"3":0,"4":0,"5":0},"b":{"0":[0,0],"1":[0,0],"2":[0,0],"3":[0,0],"4":[0,0],"5":[0,0],"6":[0,0],"7":[0,0],"8":[0,0],"9":[0,0],"10":[0,0],"11":[0,0]},"_coverageSchema":"1a1c01bbd47fc00a2c39e90264f33305004495a9","hash":"a5d63121602a9ceee8821a70cc958a7eb1c9cacb"}
,"C:\\planner_UC\\backend\\controllers\\career-generation.controller.js": {"path":"C:\\planner_UC\\backend\\controllers\\career-generation.controller.js","statementMap":{"0":{"start":{"line":5,"column":15},"end":{"line":5,"column":42}},"1":{"start":{"line":6,"column":16},"end":{"line":6,"column":44}},"2":{"start":{"line":7,"column":18},"end":{"line":7,"column":48}},"3":{"start":{"line":8,"column":16},"end":{"line":8,"column":44}},"4":{"start":{"line":9,"column":16},"end":{"line":9,"column":44}},"5":{"start":{"line":10,"column":19},"end":{"line":10,"column":50}},"6":{"start":{"line":11,"column":17},"end":{"line":11,"column":46}},"7":{"start":{"line":12,"column":15},"end":{"line":12,"column":42}},"8":{"start":{"line":13,"column":28},"end":{"line":13,"column":68}},"9":{"start":{"line":14,"column":19},"end":{"line":14,"column":50}},"10":{"start":{"line":15,"column":19},"end":{"line":15,"column":50}},"11":{"start":{"line":16,"column":31},"end":{"line":16,"column":67}},"12":{"start":{"line":17,"column":27},"end":{"line":17,"column":51}},"13":{"start":{"line":23,"column":0},"end":{"line":320,"column":2}},"14":{"start":{"line":24,"column":2},"end":{"line":319,"column":3}},"15":{"start":{"line":25,"column":46},"end":{"line":25,"column":54}},"16":{"start":{"line":26,"column":4},"end":{"line":26,"column":93}},"17":{"start":{"line":26,"column":19},"end":{"line":26,"column":93}},"18":{"start":{"line":28,"column":19},"end":{"line":28,"column":50}},"19":{"start":{"line":29,"column":4},"end":{"line":29,"column":84}},"20":{"start":{"line":29,"column":17},"end":{"line":29,"column":84}},"21":{"start":{"line":31,"column":4},"end":{"line":31,"column":78}},"22":{"start":{"line":34,"column":69},"end":{"line":40,"column":6}},"23":{"start":{"line":42,"column":4},"end":{"line":42,"column":113}},"24":{"start":{"line":42,"column":28},"end":{"line":42,"column":113}},"25":{"start":{"line":43,"column":4},"end":{"line":43,"column":99}},"26":{"start":{"line":43,"column":26},"end":{"line":43,"column":99}},"27":{"start":{"line":44,"column":4},"end":{"line":44,"column":98}},"28":{"start":{"line":44,"column":28},"end":{"line":44,"column":98}},"29":{"start":{"line":47,"column":24},"end":{"line":47,"column":26}},"30":{"start":{"line":48,"column":21},"end":{"line":48,"column":23}},"31":{"start":{"line":51,"column":38},"end":{"line":51,"column":70}},"32":{"start":{"line":52,"column":4},"end":{"line":61,"column":5}},"33":{"start":{"line":53,"column":19},"end":{"line":53,"column":71}},"34":{"start":{"line":54,"column":19},"end":{"line":54,"column":71}},"35":{"start":{"line":55,"column":6},"end":{"line":60,"column":9}},"36":{"start":{"line":64,"column":4},"end":{"line":66,"column":5}},"37":{"start":{"line":65,"column":6},"end":{"line":65,"column":103}},"38":{"start":{"line":69,"column":29},"end":{"line":72,"column":6}},"39":{"start":{"line":73,"column":29},"end":{"line":73,"column":31}},"40":{"start":{"line":74,"column":4},"end":{"line":74,"column":74}},"41":{"start":{"line":74,"column":36},"end":{"line":74,"column":70}},"42":{"start":{"line":76,"column":4},"end":{"line":119,"column":5}},"43":{"start":{"line":77,"column":21},"end":{"line":77,"column":59}},"44":{"start":{"line":78,"column":31},"end":{"line":78,"column":77}},"45":{"start":{"line":80,"column":6},"end":{"line":87,"column":7}},"46":{"start":{"line":81,"column":8},"end":{"line":85,"column":11}},"47":{"start":{"line":86,"column":8},"end":{"line":86,"column":17}},"48":{"start":{"line":90,"column":28},"end":{"line":90,"column":52}},"49":{"start":{"line":91,"column":28},"end":{"line":93,"column":13}},"50":{"start":{"line":94,"column":24},"end":{"line":94,"column":70}},"51":{"start":{"line":97,"column":6},"end":{"line":97,"column":67}},"52":{"start":{"line":100,"column":6},"end":{"line":106,"column":7}},"53":{"start":{"line":101,"column":8},"end":{"line":105,"column":11}},"54":{"start":{"line":109,"column":6},"end":{"line":118,"column":7}},"55":{"start":{"line":109,"column":19},"end":{"line":109,"column":20}},"56":{"start":{"line":110,"column":24},"end":{"line":110,"column":69}},"57":{"start":{"line":111,"column":28},"end":{"line":111,"column":55}},"58":{"start":{"line":112,"column":8},"end":{"line":117,"column":11}},"59":{"start":{"line":121,"column":4},"end":{"line":121,"column":93}},"60":{"start":{"line":124,"column":27},"end":{"line":124,"column":29}},"61":{"start":{"line":125,"column":4},"end":{"line":129,"column":5}},"62":{"start":{"line":126,"column":18},"end":{"line":126,"column":36}},"63":{"start":{"line":127,"column":6},"end":{"line":127,"column":57}},"64":{"start":{"line":127,"column":32},"end":{"line":127,"column":57}},"65":{"start":{"line":128,"column":6},"end":{"line":128,"column":35}},"66":{"start":{"line":131,"column":23},"end":{"line":131,"column":33}},"67":{"start":{"line":132,"column":27},"end":{"line":132,"column":29}},"68":{"start":{"line":133,"column":28},"end":{"line":133,"column":30}},"69":{"start":{"line":134,"column":20},"end":{"line":134,"column":24}},"70":{"start":{"line":136,"column":4},"end":{"line":174,"column":5}},"71":{"start":{"line":136,"column":81},"end":{"line":136,"column":88}},"72":{"start":{"line":137,"column":29},"end":{"line":152,"column":9}},"73":{"start":{"line":137,"column":53},"end":{"line":152,"column":7}},"74":{"start":{"line":154,"column":6},"end":{"line":154,"column":78}},"75":{"start":{"line":155,"column":21},"end":{"line":155,"column":98}},"76":{"start":{"line":157,"column":6},"end":{"line":161,"column":7}},"77":{"start":{"line":158,"column":21},"end":{"line":158,"column":93}},"78":{"start":{"line":159,"column":8},"end":{"line":159,"column":44}},"79":{"start":{"line":160,"column":8},"end":{"line":160,"column":14}},"80":{"start":{"line":163,"column":6},"end":{"line":163,"column":49}},"81":{"start":{"line":164,"column":6},"end":{"line":172,"column":9}},"82":{"start":{"line":173,"column":6},"end":{"line":173,"column":101}},"83":{"start":{"line":176,"column":26},"end":{"line":176,"column":49}},"84":{"start":{"line":178,"column":4},"end":{"line":185,"column":5}},"85":{"start":{"line":179,"column":6},"end":{"line":184,"column":9}},"86":{"start":{"line":188,"column":24},"end":{"line":188,"column":26}},"87":{"start":{"line":189,"column":4},"end":{"line":212,"column":5}},"88":{"start":{"line":190,"column":6},"end":{"line":211,"column":7}},"89":{"start":{"line":191,"column":30},"end":{"line":194,"column":9}},"90":{"start":{"line":192,"column":10},"end":{"line":193,"column":42}},"91":{"start":{"line":195,"column":30},"end":{"line":195,"column":97}},"92":{"start":{"line":195,"column":61},"end":{"line":195,"column":93}},"93":{"start":{"line":196,"column":28},"end":{"line":196,"column":107}},"94":{"start":{"line":196,"column":59},"end":{"line":196,"column":81}},"95":{"start":{"line":197,"column":26},"end":{"line":197,"column":54}},"96":{"start":{"line":198,"column":8},"end":{"line":210,"column":11}},"97":{"start":{"line":214,"column":23},"end":{"line":214,"column":103}},"98":{"start":{"line":214,"column":56},"end":{"line":214,"column":74}},"99":{"start":{"line":217,"column":23},"end":{"line":229,"column":6}},"100":{"start":{"line":232,"column":24},"end":{"line":239,"column":7}},"101":{"start":{"line":232,"column":49},"end":{"line":239,"column":5}},"102":{"start":{"line":241,"column":21},"end":{"line":246,"column":6}},"103":{"start":{"line":248,"column":4},"end":{"line":248,"column":41}},"104":{"start":{"line":249,"column":4},"end":{"line":249,"column":28}},"105":{"start":{"line":252,"column":28},"end":{"line":252,"column":30}},"106":{"start":{"line":253,"column":4},"end":{"line":285,"column":5}},"107":{"start":{"line":254,"column":33},"end":{"line":258,"column":8}},"108":{"start":{"line":255,"column":20},"end":{"line":255,"column":73}},"109":{"start":{"line":256,"column":8},"end":{"line":257,"column":108}},"110":{"start":{"line":260,"column":28},"end":{"line":262,"column":9}},"111":{"start":{"line":260,"column":57},"end":{"line":262,"column":7}},"112":{"start":{"line":264,"column":6},"end":{"line":267,"column":7}},"113":{"start":{"line":265,"column":8},"end":{"line":265,"column":108}},"114":{"start":{"line":266,"column":8},"end":{"line":266,"column":17}},"115":{"start":{"line":269,"column":24},"end":{"line":269,"column":45}},"116":{"start":{"line":270,"column":22},"end":{"line":283,"column":8}},"117":{"start":{"line":284,"column":6},"end":{"line":284,"column":36}},"118":{"start":{"line":287,"column":4},"end":{"line":287,"column":107}},"119":{"start":{"line":289,"column":27},"end":{"line":289,"column":123}},"120":{"start":{"line":289,"column":60},"end":{"line":289,"column":94}},"121":{"start":{"line":290,"column":21},"end":{"line":290,"column":113}},"122":{"start":{"line":290,"column":54},"end":{"line":290,"column":84}},"123":{"start":{"line":291,"column":25},"end":{"line":291,"column":114}},"124":{"start":{"line":291,"column":58},"end":{"line":291,"column":85}},"125":{"start":{"line":292,"column":21},"end":{"line":292,"column":109}},"126":{"start":{"line":292,"column":54},"end":{"line":292,"column":80}},"127":{"start":{"line":294,"column":4},"end":{"line":315,"column":7}},"128":{"start":{"line":317,"column":4},"end":{"line":317,"column":59}},"129":{"start":{"line":318,"column":4},"end":{"line":318,"column":16}},"130":{"start":{"line":325,"column":0},"end":{"line":345,"column":2}},"131":{"start":{"line":326,"column":2},"end":{"line":344,"column":3}},"132":{"start":{"line":327,"column":57},"end":{"line":327,"column":66}},"133":{"start":{"line":328,"column":19},"end":{"line":328,"column":21}},"134":{"start":{"line":329,"column":4},"end":{"line":329,"column":39}},"135":{"start":{"line":329,"column":16},"end":{"line":329,"column":39}},"136":{"start":{"line":330,"column":4},"end":{"line":330,"column":45}},"137":{"start":{"line":330,"column":18},"end":{"line":330,"column":45}},"138":{"start":{"line":331,"column":4},"end":{"line":331,"column":64}},"139":{"start":{"line":331,"column":24},"end":{"line":331,"column":64}},"140":{"start":{"line":332,"column":4},"end":{"line":332,"column":39}},"141":{"start":{"line":332,"column":16},"end":{"line":332,"column":39}},"142":{"start":{"line":334,"column":21},"end":{"line":339,"column":70}},"143":{"start":{"line":341,"column":4},"end":{"line":341,"column":51}},"144":{"start":{"line":343,"column":4},"end":{"line":343,"column":16}},"145":{"start":{"line":351,"column":0},"end":{"line":437,"column":2}},"146":{"start":{"line":352,"column":2},"end":{"line":436,"column":3}},"147":{"start":{"line":353,"column":19},"end":{"line":353,"column":31}},"148":{"start":{"line":354,"column":20},"end":{"line":354,"column":48}},"149":{"start":{"line":355,"column":20},"end":{"line":355,"column":85}},"150":{"start":{"line":356,"column":4},"end":{"line":356,"column":98}},"151":{"start":{"line":356,"column":18},"end":{"line":356,"column":98}},"152":{"start":{"line":358,"column":21},"end":{"line":358,"column":44}},"153":{"start":{"line":359,"column":24},"end":{"line":361,"column":41}},"154":{"start":{"line":360,"column":20},"end":{"line":360,"column":34}},"155":{"start":{"line":361,"column":17},"end":{"line":361,"column":40}},"156":{"start":{"line":362,"column":22},"end":{"line":364,"column":41}},"157":{"start":{"line":363,"column":20},"end":{"line":363,"column":49}},"158":{"start":{"line":364,"column":17},"end":{"line":364,"column":40}},"159":{"start":{"line":367,"column":21},"end":{"line":373,"column":61}},"160":{"start":{"line":376,"column":21},"end":{"line":376,"column":23}},"161":{"start":{"line":377,"column":20},"end":{"line":377,"column":22}},"162":{"start":{"line":379,"column":4},"end":{"line":421,"column":5}},"163":{"start":{"line":380,"column":21},"end":{"line":380,"column":37}},"164":{"start":{"line":381,"column":6},"end":{"line":381,"column":28}},"165":{"start":{"line":381,"column":19},"end":{"line":381,"column":28}},"166":{"start":{"line":382,"column":18},"end":{"line":382,"column":39}},"167":{"start":{"line":385,"column":6},"end":{"line":385,"column":46}},"168":{"start":{"line":385,"column":37},"end":{"line":385,"column":46}},"169":{"start":{"line":388,"column":25},"end":{"line":389,"column":75}},"170":{"start":{"line":389,"column":40},"end":{"line":389,"column":74}},"171":{"start":{"line":392,"column":23},"end":{"line":392,"column":68}},"172":{"start":{"line":394,"column":26},"end":{"line":413,"column":7}},"173":{"start":{"line":415,"column":6},"end":{"line":420,"column":7}},"174":{"start":{"line":416,"column":8},"end":{"line":416,"column":35}},"175":{"start":{"line":417,"column":13},"end":{"line":420,"column":7}},"176":{"start":{"line":418,"column":8},"end":{"line":418,"column":59}},"177":{"start":{"line":419,"column":8},"end":{"line":419,"column":34}},"178":{"start":{"line":423,"column":4},"end":{"line":433,"column":7}},"179":{"start":{"line":435,"column":4},"end":{"line":435,"column":16}},"180":{"start":{"line":444,"column":0},"end":{"line":571,"column":2}},"181":{"start":{"line":445,"column":2},"end":{"line":570,"column":3}},"182":{"start":{"line":446,"column":19},"end":{"line":446,"column":31}},"183":{"start":{"line":447,"column":27},"end":{"line":447,"column":35}},"184":{"start":{"line":448,"column":4},"end":{"line":448,"column":106}},"185":{"start":{"line":448,"column":29},"end":{"line":448,"column":106}},"186":{"start":{"line":450,"column":20},"end":{"line":450,"column":48}},"187":{"start":{"line":451,"column":20},"end":{"line":451,"column":53}},"188":{"start":{"line":452,"column":4},"end":{"line":452,"column":84}},"189":{"start":{"line":452,"column":18},"end":{"line":452,"column":84}},"190":{"start":{"line":454,"column":21},"end":{"line":457,"column":38}},"191":{"start":{"line":459,"column":24},"end":{"line":460,"column":70}},"192":{"start":{"line":460,"column":20},"end":{"line":460,"column":34}},"193":{"start":{"line":460,"column":46},"end":{"line":460,"column":69}},"194":{"start":{"line":461,"column":19},"end":{"line":461,"column":21}},"195":{"start":{"line":462,"column":22},"end":{"line":462,"column":24}},"196":{"start":{"line":463,"column":23},"end":{"line":463,"column":24}},"197":{"start":{"line":464,"column":27},"end":{"line":464,"column":29}},"198":{"start":{"line":467,"column":4},"end":{"line":495,"column":5}},"199":{"start":{"line":468,"column":21},"end":{"line":468,"column":37}},"200":{"start":{"line":470,"column":6},"end":{"line":473,"column":7}},"201":{"start":{"line":471,"column":8},"end":{"line":471,"column":82}},"202":{"start":{"line":472,"column":8},"end":{"line":472,"column":17}},"203":{"start":{"line":475,"column":6},"end":{"line":481,"column":7}},"204":{"start":{"line":476,"column":22},"end":{"line":476,"column":91}},"205":{"start":{"line":476,"column":55},"end":{"line":476,"column":90}},"206":{"start":{"line":477,"column":8},"end":{"line":480,"column":9}},"207":{"start":{"line":478,"column":10},"end":{"line":478,"column":69}},"208":{"start":{"line":479,"column":10},"end":{"line":479,"column":19}},"209":{"start":{"line":483,"column":6},"end":{"line":493,"column":7}},"210":{"start":{"line":484,"column":25},"end":{"line":486,"column":9}},"211":{"start":{"line":485,"column":10},"end":{"line":485,"column":91}},"212":{"start":{"line":487,"column":8},"end":{"line":489,"column":9}},"213":{"start":{"line":488,"column":10},"end":{"line":488,"column":156}},"214":{"start":{"line":490,"column":8},"end":{"line":492,"column":11}},"215":{"start":{"line":494,"column":6},"end":{"line":494,"column":37}},"216":{"start":{"line":497,"column":4},"end":{"line":502,"column":5}},"217":{"start":{"line":498,"column":6},"end":{"line":501,"column":9}},"218":{"start":{"line":505,"column":29},"end":{"line":507,"column":7}},"219":{"start":{"line":505,"column":48},"end":{"line":507,"column":5}},"220":{"start":{"line":508,"column":29},"end":{"line":508,"column":31}},"221":{"start":{"line":509,"column":4},"end":{"line":523,"column":5}},"222":{"start":{"line":510,"column":6},"end":{"line":522,"column":7}},"223":{"start":{"line":511,"column":8},"end":{"line":521,"column":11}},"224":{"start":{"line":525,"column":23},"end":{"line":536,"column":5}},"225":{"start":{"line":528,"column":43},"end":{"line":528,"column":57}},"226":{"start":{"line":539,"column":4},"end":{"line":561,"column":9}},"227":{"start":{"line":539,"column":47},"end":{"line":561,"column":5}},"228":{"start":{"line":563,"column":4},"end":{"line":567,"column":7}},"229":{"start":{"line":569,"column":4},"end":{"line":569,"column":16}},"230":{"start":{"line":578,"column":0},"end":{"line":658,"column":2}},"231":{"start":{"line":579,"column":2},"end":{"line":657,"column":3}},"232":{"start":{"line":580,"column":19},"end":{"line":580,"column":31}},"233":{"start":{"line":581,"column":26},"end":{"line":581,"column":34}},"234":{"start":{"line":583,"column":20},"end":{"line":583,"column":48}},"235":{"start":{"line":584,"column":20},"end":{"line":584,"column":53}},"236":{"start":{"line":585,"column":4},"end":{"line":585,"column":84}},"237":{"start":{"line":585,"column":18},"end":{"line":585,"column":84}},"238":{"start":{"line":588,"column":21},"end":{"line":594,"column":47}},"239":{"start":{"line":597,"column":29},"end":{"line":597,"column":31}},"240":{"start":{"line":598,"column":4},"end":{"line":604,"column":5}},"241":{"start":{"line":599,"column":18},"end":{"line":599,"column":43}},"242":{"start":{"line":600,"column":6},"end":{"line":600,"column":61}},"243":{"start":{"line":600,"column":34},"end":{"line":600,"column":61}},"244":{"start":{"line":601,"column":6},"end":{"line":603,"column":7}},"245":{"start":{"line":602,"column":8},"end":{"line":602,"column":38}},"246":{"start":{"line":607,"column":22},"end":{"line":607,"column":24}},"247":{"start":{"line":608,"column":22},"end":{"line":608,"column":24}},"248":{"start":{"line":609,"column":17},"end":{"line":609,"column":51}},"249":{"start":{"line":611,"column":4},"end":{"line":646,"column":5}},"250":{"start":{"line":612,"column":24},"end":{"line":612,"column":56}},"251":{"start":{"line":614,"column":21},"end":{"line":618,"column":8}},"252":{"start":{"line":615,"column":23},"end":{"line":615,"column":54}},"253":{"start":{"line":616,"column":23},"end":{"line":616,"column":54}},"254":{"start":{"line":617,"column":8},"end":{"line":617,"column":31}},"255":{"start":{"line":620,"column":19},"end":{"line":620,"column":23}},"256":{"start":{"line":621,"column":6},"end":{"line":630,"column":7}},"257":{"start":{"line":622,"column":28},"end":{"line":624,"column":9}},"258":{"start":{"line":623,"column":10},"end":{"line":623,"column":113}},"259":{"start":{"line":623,"column":31},"end":{"line":623,"column":112}},"260":{"start":{"line":625,"column":8},"end":{"line":629,"column":9}},"261":{"start":{"line":626,"column":10},"end":{"line":626,"column":23}},"262":{"start":{"line":627,"column":10},"end":{"line":627,"column":69}},"263":{"start":{"line":627,"column":42},"end":{"line":627,"column":67}},"264":{"start":{"line":628,"column":10},"end":{"line":628,"column":16}},"265":{"start":{"line":632,"column":6},"end":{"line":645,"column":7}},"266":{"start":{"line":633,"column":8},"end":{"line":644,"column":11}},"267":{"start":{"line":648,"column":4},"end":{"line":654,"column":7}},"268":{"start":{"line":650,"column":47},"end":{"line":650,"column":60}},"269":{"start":{"line":656,"column":4},"end":{"line":656,"column":16}},"270":{"start":{"line":664,"column":0},"end":{"line":736,"column":2}},"271":{"start":{"line":665,"column":2},"end":{"line":735,"column":3}},"272":{"start":{"line":666,"column":33},"end":{"line":666,"column":42}},"273":{"start":{"line":667,"column":19},"end":{"line":667,"column":63}},"274":{"start":{"line":668,"column":4},"end":{"line":668,"column":39}},"275":{"start":{"line":668,"column":16},"end":{"line":668,"column":39}},"276":{"start":{"line":669,"column":4},"end":{"line":669,"column":45}},"277":{"start":{"line":669,"column":18},"end":{"line":669,"column":45}},"278":{"start":{"line":671,"column":21},"end":{"line":675,"column":54}},"279":{"start":{"line":677,"column":19},"end":{"line":677,"column":21}},"280":{"start":{"line":678,"column":4},"end":{"line":725,"column":5}},"281":{"start":{"line":679,"column":26},"end":{"line":679,"column":94}},"282":{"start":{"line":680,"column":27},"end":{"line":680,"column":64}},"283":{"start":{"line":681,"column":6},"end":{"line":681,"column":65}},"284":{"start":{"line":681,"column":56},"end":{"line":681,"column":65}},"285":{"start":{"line":684,"column":30},"end":{"line":689,"column":40}},"286":{"start":{"line":691,"column":35},"end":{"line":691,"column":117}},"287":{"start":{"line":691,"column":70},"end":{"line":691,"column":113}},"288":{"start":{"line":692,"column":24},"end":{"line":692,"column":71}},"289":{"start":{"line":694,"column":6},"end":{"line":724,"column":9}},"290":{"start":{"line":716,"column":51},"end":{"line":723,"column":9}},"291":{"start":{"line":727,"column":4},"end":{"line":732,"column":7}},"292":{"start":{"line":729,"column":39},"end":{"line":729,"column":53}},"293":{"start":{"line":730,"column":38},"end":{"line":730,"column":53}},"294":{"start":{"line":734,"column":4},"end":{"line":734,"column":16}},"295":{"start":{"line":743,"column":0},"end":{"line":786,"column":2}},"296":{"start":{"line":744,"column":2},"end":{"line":785,"column":3}},"297":{"start":{"line":745,"column":49},"end":{"line":745,"column":57}},"298":{"start":{"line":746,"column":4},"end":{"line":748,"column":5}},"299":{"start":{"line":747,"column":6},"end":{"line":747,"column":93}},"300":{"start":{"line":750,"column":29},"end":{"line":753,"column":6}},"301":{"start":{"line":755,"column":4},"end":{"line":755,"column":91}},"302":{"start":{"line":755,"column":17},"end":{"line":755,"column":91}},"303":{"start":{"line":756,"column":4},"end":{"line":756,"column":92}},"304":{"start":{"line":756,"column":17},"end":{"line":756,"column":92}},"305":{"start":{"line":758,"column":27},"end":{"line":758,"column":70}},"306":{"start":{"line":759,"column":4},"end":{"line":763,"column":5}},"307":{"start":{"line":760,"column":6},"end":{"line":762,"column":9}},"308":{"start":{"line":766,"column":4},"end":{"line":769,"column":7}},"309":{"start":{"line":772,"column":4},"end":{"line":776,"column":7}},"310":{"start":{"line":778,"column":4},"end":{"line":782,"column":7}},"311":{"start":{"line":784,"column":4},"end":{"line":784,"column":16}},"312":{"start":{"line":791,"column":19},"end":{"line":791,"column":40}},"313":{"start":{"line":792,"column":2},"end":{"line":802,"column":5}},"314":{"start":{"line":794,"column":4},"end":{"line":796,"column":5}},"315":{"start":{"line":795,"column":6},"end":{"line":795,"column":84}},"316":{"start":{"line":795,"column":48},"end":{"line":795,"column":82}},"317":{"start":{"line":798,"column":4},"end":{"line":800,"column":5}},"318":{"start":{"line":799,"column":6},"end":{"line":799,"column":79}},"319":{"start":{"line":799,"column":41},"end":{"line":799,"column":77}},"320":{"start":{"line":801,"column":4},"end":{"line":801,"column":17}},"321":{"start":{"line":806,"column":14},"end":{"line":806,"column":15}},"322":{"start":{"line":807,"column":2},"end":{"line":812,"column":3}},"323":{"start":{"line":808,"column":17},"end":{"line":808,"column":59}},"324":{"start":{"line":809,"column":4},"end":{"line":811,"column":67}},"325":{"start":{"line":809,"column":50},"end":{"line":809,"column":62}},"326":{"start":{"line":810,"column":9},"end":{"line":811,"column":67}},"327":{"start":{"line":810,"column":68},"end":{"line":810,"column":80}},"328":{"start":{"line":811,"column":9},"end":{"line":811,"column":67}},"329":{"start":{"line":811,"column":55},"end":{"line":811,"column":67}},"330":{"start":{"line":814,"column":2},"end":{"line":814,"column":59}},"331":{"start":{"line":815,"column":2},"end":{"line":815,"column":15}},"332":{"start":{"line":819,"column":18},"end":{"line":819,"column":20}},"333":{"start":{"line":820,"column":2},"end":{"line":829,"column":3}},"334":{"start":{"line":821,"column":16},"end":{"line":821,"column":37}},"335":{"start":{"line":822,"column":4},"end":{"line":822,"column":41}},"336":{"start":{"line":822,"column":23},"end":{"line":822,"column":41}},"337":{"start":{"line":823,"column":4},"end":{"line":828,"column":7}},"338":{"start":{"line":830,"column":2},"end":{"line":830,"column":17}}},"fnMap":{"0":{"name":"(anonymous_0)","decl":{"start":{"line":23,"column":27},"end":{"line":23,"column":28}},"loc":{"start":{"line":23,"column":53},"end":{"line":320,"column":1}},"line":23},"1":{"name":"(anonymous_1)","decl":{"start":{"line":74,"column":29},"end":{"line":74,"column":30}},"loc":{"start":{"line":74,"column":34},"end":{"line":74,"column":72}},"line":74},"2":{"name":"(anonymous_2)","decl":{"start":{"line":136,"column":67},"end":{"line":136,"column":68}},"loc":{"start":{"line":136,"column":81},"end":{"line":136,"column":88}},"line":136},"3":{"name":"(anonymous_3)","decl":{"start":{"line":137,"column":39},"end":{"line":137,"column":40}},"loc":{"start":{"line":137,"column":53},"end":{"line":152,"column":7}},"line":137},"4":{"name":"(anonymous_4)","decl":{"start":{"line":191,"column":49},"end":{"line":191,"column":50}},"loc":{"start":{"line":192,"column":10},"end":{"line":193,"column":42}},"line":192},"5":{"name":"(anonymous_5)","decl":{"start":{"line":195,"column":51},"end":{"line":195,"column":52}},"loc":{"start":{"line":195,"column":61},"end":{"line":195,"column":93}},"line":195},"6":{"name":"(anonymous_6)","decl":{"start":{"line":196,"column":49},"end":{"line":196,"column":50}},"loc":{"start":{"line":196,"column":59},"end":{"line":196,"column":81}},"line":196},"7":{"name":"(anonymous_7)","decl":{"start":{"line":214,"column":46},"end":{"line":214,"column":47}},"loc":{"start":{"line":214,"column":56},"end":{"line":214,"column":74}},"line":214},"8":{"name":"(anonymous_8)","decl":{"start":{"line":232,"column":43},"end":{"line":232,"column":44}},"loc":{"start":{"line":232,"column":49},"end":{"line":239,"column":5}},"line":232},"9":{"name":"(anonymous_9)","decl":{"start":{"line":254,"column":55},"end":{"line":254,"column":56}},"loc":{"start":{"line":254,"column":60},"end":{"line":258,"column":7}},"line":254},"10":{"name":"(anonymous_10)","decl":{"start":{"line":260,"column":51},"end":{"line":260,"column":52}},"loc":{"start":{"line":260,"column":57},"end":{"line":262,"column":7}},"line":260},"11":{"name":"(anonymous_11)","decl":{"start":{"line":289,"column":50},"end":{"line":289,"column":51}},"loc":{"start":{"line":289,"column":60},"end":{"line":289,"column":94}},"line":289},"12":{"name":"(anonymous_12)","decl":{"start":{"line":290,"column":44},"end":{"line":290,"column":45}},"loc":{"start":{"line":290,"column":54},"end":{"line":290,"column":84}},"line":290},"13":{"name":"(anonymous_13)","decl":{"start":{"line":291,"column":48},"end":{"line":291,"column":49}},"loc":{"start":{"line":291,"column":58},"end":{"line":291,"column":85}},"line":291},"14":{"name":"(anonymous_14)","decl":{"start":{"line":292,"column":44},"end":{"line":292,"column":45}},"loc":{"start":{"line":292,"column":54},"end":{"line":292,"column":80}},"line":292},"15":{"name":"(anonymous_15)","decl":{"start":{"line":325,"column":22},"end":{"line":325,"column":23}},"loc":{"start":{"line":325,"column":48},"end":{"line":345,"column":1}},"line":325},"16":{"name":"(anonymous_16)","decl":{"start":{"line":351,"column":29},"end":{"line":351,"column":30}},"loc":{"start":{"line":351,"column":55},"end":{"line":437,"column":1}},"line":351},"17":{"name":"(anonymous_17)","decl":{"start":{"line":360,"column":14},"end":{"line":360,"column":15}},"loc":{"start":{"line":360,"column":20},"end":{"line":360,"column":34}},"line":360},"18":{"name":"(anonymous_18)","decl":{"start":{"line":361,"column":11},"end":{"line":361,"column":12}},"loc":{"start":{"line":361,"column":17},"end":{"line":361,"column":40}},"line":361},"19":{"name":"(anonymous_19)","decl":{"start":{"line":363,"column":14},"end":{"line":363,"column":15}},"loc":{"start":{"line":363,"column":20},"end":{"line":363,"column":49}},"line":363},"20":{"name":"(anonymous_20)","decl":{"start":{"line":364,"column":11},"end":{"line":364,"column":12}},"loc":{"start":{"line":364,"column":17},"end":{"line":364,"column":40}},"line":364},"21":{"name":"(anonymous_21)","decl":{"start":{"line":389,"column":35},"end":{"line":389,"column":36}},"loc":{"start":{"line":389,"column":40},"end":{"line":389,"column":74}},"line":389},"22":{"name":"(anonymous_22)","decl":{"start":{"line":444,"column":27},"end":{"line":444,"column":28}},"loc":{"start":{"line":444,"column":53},"end":{"line":571,"column":1}},"line":444},"23":{"name":"(anonymous_23)","decl":{"start":{"line":460,"column":14},"end":{"line":460,"column":15}},"loc":{"start":{"line":460,"column":20},"end":{"line":460,"column":34}},"line":460},"24":{"name":"(anonymous_24)","decl":{"start":{"line":460,"column":40},"end":{"line":460,"column":41}},"loc":{"start":{"line":460,"column":46},"end":{"line":460,"column":69}},"line":460},"25":{"name":"(anonymous_25)","decl":{"start":{"line":476,"column":50},"end":{"line":476,"column":51}},"loc":{"start":{"line":476,"column":55},"end":{"line":476,"column":90}},"line":476},"26":{"name":"(anonymous_26)","decl":{"start":{"line":484,"column":45},"end":{"line":484,"column":46}},"loc":{"start":{"line":485,"column":10},"end":{"line":485,"column":91}},"line":485},"27":{"name":"(anonymous_27)","decl":{"start":{"line":505,"column":42},"end":{"line":505,"column":43}},"loc":{"start":{"line":505,"column":48},"end":{"line":507,"column":5}},"line":505},"28":{"name":"(anonymous_28)","decl":{"start":{"line":528,"column":38},"end":{"line":528,"column":39}},"loc":{"start":{"line":528,"column":43},"end":{"line":528,"column":57}},"line":528},"29":{"name":"(anonymous_29)","decl":{"start":{"line":539,"column":41},"end":{"line":539,"column":42}},"loc":{"start":{"line":539,"column":47},"end":{"line":561,"column":5}},"line":539},"30":{"name":"(anonymous_30)","decl":{"start":{"line":578,"column":26},"end":{"line":578,"column":27}},"loc":{"start":{"line":578,"column":52},"end":{"line":658,"column":1}},"line":578},"31":{"name":"(anonymous_31)","decl":{"start":{"line":614,"column":36},"end":{"line":614,"column":37}},"loc":{"start":{"line":614,"column":46},"end":{"line":618,"column":7}},"line":614},"32":{"name":"(anonymous_32)","decl":{"start":{"line":622,"column":51},"end":{"line":622,"column":52}},"loc":{"start":{"line":623,"column":10},"end":{"line":623,"column":113}},"line":623},"33":{"name":"(anonymous_33)","decl":{"start":{"line":623,"column":25},"end":{"line":623,"column":26}},"loc":{"start":{"line":623,"column":31},"end":{"line":623,"column":112}},"line":623},"34":{"name":"(anonymous_34)","decl":{"start":{"line":627,"column":36},"end":{"line":627,"column":37}},"loc":{"start":{"line":627,"column":42},"end":{"line":627,"column":67}},"line":627},"35":{"name":"(anonymous_35)","decl":{"start":{"line":650,"column":37},"end":{"line":650,"column":38}},"loc":{"start":{"line":650,"column":47},"end":{"line":650,"column":60}},"line":650},"36":{"name":"(anonymous_36)","decl":{"start":{"line":664,"column":27},"end":{"line":664,"column":28}},"loc":{"start":{"line":664,"column":53},"end":{"line":736,"column":1}},"line":664},"37":{"name":"(anonymous_37)","decl":{"start":{"line":691,"column":58},"end":{"line":691,"column":59}},"loc":{"start":{"line":691,"column":70},"end":{"line":691,"column":113}},"line":691},"38":{"name":"(anonymous_38)","decl":{"start":{"line":716,"column":45},"end":{"line":716,"column":46}},"loc":{"start":{"line":716,"column":51},"end":{"line":723,"column":9}},"line":716},"39":{"name":"(anonymous_39)","decl":{"start":{"line":729,"column":34},"end":{"line":729,"column":35}},"loc":{"start":{"line":729,"column":39},"end":{"line":729,"column":53}},"line":729},"40":{"name":"(anonymous_40)","decl":{"start":{"line":730,"column":33},"end":{"line":730,"column":34}},"loc":{"start":{"line":730,"column":38},"end":{"line":730,"column":53}},"line":730},"41":{"name":"(anonymous_41)","decl":{"start":{"line":743,"column":24},"end":{"line":743,"column":25}},"loc":{"start":{"line":743,"column":50},"end":{"line":786,"column":1}},"line":743},"42":{"name":"getEligibleTeachersForCourse","decl":{"start":{"line":790,"column":9},"end":{"line":790,"column":37}},"loc":{"start":{"line":790,"column":56},"end":{"line":803,"column":1}},"line":790},"43":{"name":"(anonymous_43)","decl":{"start":{"line":792,"column":25},"end":{"line":792,"column":26}},"loc":{"start":{"line":792,"column":30},"end":{"line":802,"column":3}},"line":792},"44":{"name":"(anonymous_44)","decl":{"start":{"line":795,"column":42},"end":{"line":795,"column":43}},"loc":{"start":{"line":795,"column":48},"end":{"line":795,"column":82}},"line":795},"45":{"name":"(anonymous_45)","decl":{"start":{"line":799,"column":36},"end":{"line":799,"column":37}},"loc":{"start":{"line":799,"column":41},"end":{"line":799,"column":77}},"line":799},"46":{"name":"scoreSectionForStudent","decl":{"start":{"line":805,"column":9},"end":{"line":805,"column":31}},"loc":{"start":{"line":805,"column":57},"end":{"line":816,"column":1}},"line":805},"47":{"name":"groupSectionsBySemester","decl":{"start":{"line":818,"column":9},"end":{"line":818,"column":32}},"loc":{"start":{"line":818,"column":52},"end":{"line":831,"column":1}},"line":818}},"branchMap":{"0":{"loc":{"start":{"line":25,"column":22},"end":{"line":25,"column":41}},"type":"default-arg","locations":[{"start":{"line":25,"column":33},"end":{"line":25,"column":41}}],"line":25},"1":{"loc":{"start":{"line":26,"column":4},"end":{"line":26,"column":93}},"type":"if","locations":[{"start":{"line":26,"column":4},"end":{"line":26,"column":93}},{"start":{},"end":{}}],"line":26},"2":{"loc":{"start":{"line":29,"column":4},"end":{"line":29,"column":84}},"type":"if","locations":[{"start":{"line":29,"column":4},"end":{"line":29,"column":84}},{"start":{},"end":{}}],"line":29},"3":{"loc":{"start":{"line":42,"column":4},"end":{"line":42,"column":113}},"type":"if","locations":[{"start":{"line":42,"column":4},"end":{"line":42,"column":113}},{"start":{},"end":{}}],"line":42},"4":{"loc":{"start":{"line":43,"column":4},"end":{"line":43,"column":99}},"type":"if","locations":[{"start":{"line":43,"column":4},"end":{"line":43,"column":99}},{"start":{},"end":{}}],"line":43},"5":{"loc":{"start":{"line":44,"column":4},"end":{"line":44,"column":98}},"type":"if","locations":[{"start":{"line":44,"column":4},"end":{"line":44,"column":98}},{"start":{},"end":{}}],"line":44},"6":{"loc":{"start":{"line":52,"column":4},"end":{"line":61,"column":5}},"type":"if","locations":[{"start":{"line":52,"column":4},"end":{"line":61,"column":5}},{"start":{},"end":{}}],"line":52},"7":{"loc":{"start":{"line":53,"column":19},"end":{"line":53,"column":71}},"type":"binary-expr","locations":[{"start":{"line":53,"column":19},"end":{"line":53,"column":65}},{"start":{"line":53,"column":69},"end":{"line":53,"column":71}}],"line":53},"8":{"loc":{"start":{"line":54,"column":19},"end":{"line":54,"column":71}},"type":"binary-expr","locations":[{"start":{"line":54,"column":19},"end":{"line":54,"column":65}},{"start":{"line":54,"column":69},"end":{"line":54,"column":71}}],"line":54},"9":{"loc":{"start":{"line":64,"column":4},"end":{"line":66,"column":5}},"type":"if","locations":[{"start":{"line":64,"column":4},"end":{"line":66,"column":5}},{"start":{},"end":{}}],"line":64},"10":{"loc":{"start":{"line":64,"column":8},"end":{"line":64,"column":85}},"type":"binary-expr","locations":[{"start":{"line":64,"column":8},"end":{"line":64,"column":31}},{"start":{"line":64,"column":36},"end":{"line":64,"column":84}}],"line":64},"11":{"loc":{"start":{"line":77,"column":21},"end":{"line":77,"column":59}},"type":"binary-expr","locations":[{"start":{"line":77,"column":21},"end":{"line":77,"column":54}},{"start":{"line":77,"column":58},"end":{"line":77,"column":59}}],"line":77},"12":{"loc":{"start":{"line":80,"column":6},"end":{"line":87,"column":7}},"type":"if","locations":[{"start":{"line":80,"column":6},"end":{"line":87,"column":7}},{"start":{},"end":{}}],"line":80},"13":{"loc":{"start":{"line":90,"column":28},"end":{"line":90,"column":52}},"type":"binary-expr","locations":[{"start":{"line":90,"column":28},"end":{"line":90,"column":46}},{"start":{"line":90,"column":50},"end":{"line":90,"column":52}}],"line":90},"14":{"loc":{"start":{"line":91,"column":28},"end":{"line":93,"column":13}},"type":"binary-expr","locations":[{"start":{"line":91,"column":28},"end":{"line":91,"column":56}},{"start":{"line":92,"column":11},"end":{"line":92,"column":57}},{"start":{"line":93,"column":11},"end":{"line":93,"column":13}}],"line":91},"15":{"loc":{"start":{"line":100,"column":6},"end":{"line":106,"column":7}},"type":"if","locations":[{"start":{"line":100,"column":6},"end":{"line":106,"column":7}},{"start":{},"end":{}}],"line":100},"16":{"loc":{"start":{"line":100,"column":10},"end":{"line":100,"column":67}},"type":"binary-expr","locations":[{"start":{"line":100,"column":10},"end":{"line":100,"column":20}},{"start":{"line":100,"column":24},"end":{"line":100,"column":46}},{"start":{"line":100,"column":50},"end":{"line":100,"column":67}}],"line":100},"17":{"loc":{"start":{"line":127,"column":6},"end":{"line":127,"column":57}},"type":"if","locations":[{"start":{"line":127,"column":6},"end":{"line":127,"column":57}},{"start":{},"end":{}}],"line":127},"18":{"loc":{"start":{"line":157,"column":6},"end":{"line":161,"column":7}},"type":"if","locations":[{"start":{"line":157,"column":6},"end":{"line":161,"column":7}},{"start":{},"end":{}}],"line":157},"19":{"loc":{"start":{"line":158,"column":21},"end":{"line":158,"column":93}},"type":"binary-expr","locations":[{"start":{"line":158,"column":21},"end":{"line":158,"column":55}},{"start":{"line":158,"column":59},"end":{"line":158,"column":93}}],"line":158},"20":{"loc":{"start":{"line":178,"column":4},"end":{"line":185,"column":5}},"type":"if","locations":[{"start":{"line":178,"column":4},"end":{"line":185,"column":5}},{"start":{},"end":{}}],"line":178},"21":{"loc":{"start":{"line":190,"column":6},"end":{"line":211,"column":7}},"type":"if","locations":[{"start":{"line":190,"column":6},"end":{"line":211,"column":7}},{"start":{},"end":{}}],"line":190},"22":{"loc":{"start":{"line":190,"column":33},"end":{"line":190,"column":70}},"type":"binary-expr","locations":[{"start":{"line":190,"column":33},"end":{"line":190,"column":64}},{"start":{"line":190,"column":68},"end":{"line":190,"column":70}}],"line":190},"23":{"loc":{"start":{"line":192,"column":10},"end":{"line":193,"column":42}},"type":"binary-expr","locations":[{"start":{"line":192,"column":10},"end":{"line":192,"column":62}},{"start":{"line":193,"column":10},"end":{"line":193,"column":42}}],"line":192},"24":{"loc":{"start":{"line":195,"column":66},"end":{"line":195,"column":92}},"type":"binary-expr","locations":[{"start":{"line":195,"column":66},"end":{"line":195,"column":86}},{"start":{"line":195,"column":90},"end":{"line":195,"column":92}}],"line":195},"25":{"loc":{"start":{"line":203,"column":27},"end":{"line":203,"column":64}},"type":"binary-expr","locations":[{"start":{"line":203,"column":27},"end":{"line":203,"column":58}},{"start":{"line":203,"column":62},"end":{"line":203,"column":64}}],"line":203},"26":{"loc":{"start":{"line":206,"column":18},"end":{"line":208,"column":71}},"type":"cond-expr","locations":[{"start":{"line":207,"column":14},"end":{"line":207,"column":87}},{"start":{"line":208,"column":14},"end":{"line":208,"column":71}}],"line":206},"27":{"loc":{"start":{"line":209,"column":20},"end":{"line":209,"column":50}},"type":"cond-expr","locations":[{"start":{"line":209,"column":32},"end":{"line":209,"column":41}},{"start":{"line":209,"column":44},"end":{"line":209,"column":50}}],"line":209},"28":{"loc":{"start":{"line":225,"column":20},"end":{"line":225,"column":35}},"type":"binary-expr","locations":[{"start":{"line":225,"column":20},"end":{"line":225,"column":30}},{"start":{"line":225,"column":34},"end":{"line":225,"column":35}}],"line":225},"29":{"loc":{"start":{"line":233,"column":16},"end":{"line":233,"column":45}},"type":"binary-expr","locations":[{"start":{"line":233,"column":16},"end":{"line":233,"column":31}},{"start":{"line":233,"column":35},"end":{"line":233,"column":45}}],"line":233},"30":{"loc":{"start":{"line":255,"column":20},"end":{"line":255,"column":73}},"type":"binary-expr","locations":[{"start":{"line":255,"column":20},"end":{"line":255,"column":47}},{"start":{"line":255,"column":51},"end":{"line":255,"column":73}}],"line":255},"31":{"loc":{"start":{"line":256,"column":15},"end":{"line":257,"column":107}},"type":"binary-expr","locations":[{"start":{"line":256,"column":15},"end":{"line":256,"column":47}},{"start":{"line":257,"column":16},"end":{"line":257,"column":49}},{"start":{"line":257,"column":53},"end":{"line":257,"column":106}}],"line":256},"32":{"loc":{"start":{"line":264,"column":6},"end":{"line":267,"column":7}},"type":"if","locations":[{"start":{"line":264,"column":6},"end":{"line":267,"column":7}},{"start":{},"end":{}}],"line":264},"33":{"loc":{"start":{"line":277,"column":21},"end":{"line":277,"column":58}},"type":"binary-expr","locations":[{"start":{"line":277,"column":21},"end":{"line":277,"column":52}},{"start":{"line":277,"column":56},"end":{"line":277,"column":58}}],"line":277},"34":{"loc":{"start":{"line":278,"column":16},"end":{"line":278,"column":103}},"type":"cond-expr","locations":[{"start":{"line":278,"column":81},"end":{"line":278,"column":89}},{"start":{"line":278,"column":92},"end":{"line":278,"column":103}}],"line":278},"35":{"loc":{"start":{"line":278,"column":40},"end":{"line":278,"column":77}},"type":"binary-expr","locations":[{"start":{"line":278,"column":40},"end":{"line":278,"column":71}},{"start":{"line":278,"column":75},"end":{"line":278,"column":77}}],"line":278},"36":{"loc":{"start":{"line":289,"column":65},"end":{"line":289,"column":93}},"type":"binary-expr","locations":[{"start":{"line":289,"column":65},"end":{"line":289,"column":87}},{"start":{"line":289,"column":91},"end":{"line":289,"column":93}}],"line":289},"37":{"loc":{"start":{"line":290,"column":59},"end":{"line":290,"column":83}},"type":"binary-expr","locations":[{"start":{"line":290,"column":59},"end":{"line":290,"column":77}},{"start":{"line":290,"column":81},"end":{"line":290,"column":83}}],"line":290},"38":{"loc":{"start":{"line":291,"column":63},"end":{"line":291,"column":84}},"type":"binary-expr","locations":[{"start":{"line":291,"column":63},"end":{"line":291,"column":78}},{"start":{"line":291,"column":82},"end":{"line":291,"column":84}}],"line":291},"39":{"loc":{"start":{"line":292,"column":59},"end":{"line":292,"column":79}},"type":"binary-expr","locations":[{"start":{"line":292,"column":59},"end":{"line":292,"column":73}},{"start":{"line":292,"column":77},"end":{"line":292,"column":79}}],"line":292},"40":{"loc":{"start":{"line":329,"column":4},"end":{"line":329,"column":39}},"type":"if","locations":[{"start":{"line":329,"column":4},"end":{"line":329,"column":39}},{"start":{},"end":{}}],"line":329},"41":{"loc":{"start":{"line":330,"column":4},"end":{"line":330,"column":45}},"type":"if","locations":[{"start":{"line":330,"column":4},"end":{"line":330,"column":45}},{"start":{},"end":{}}],"line":330},"42":{"loc":{"start":{"line":331,"column":4},"end":{"line":331,"column":64}},"type":"if","locations":[{"start":{"line":331,"column":4},"end":{"line":331,"column":64}},{"start":{},"end":{}}],"line":331},"43":{"loc":{"start":{"line":332,"column":4},"end":{"line":332,"column":39}},"type":"if","locations":[{"start":{"line":332,"column":4},"end":{"line":332,"column":39}},{"start":{},"end":{}}],"line":332},"44":{"loc":{"start":{"line":356,"column":4},"end":{"line":356,"column":98}},"type":"if","locations":[{"start":{"line":356,"column":4},"end":{"line":356,"column":98}},{"start":{},"end":{}}],"line":356},"45":{"loc":{"start":{"line":359,"column":25},"end":{"line":359,"column":54}},"type":"binary-expr","locations":[{"start":{"line":359,"column":25},"end":{"line":359,"column":48}},{"start":{"line":359,"column":52},"end":{"line":359,"column":54}}],"line":359},"46":{"loc":{"start":{"line":362,"column":23},"end":{"line":362,"column":52}},"type":"binary-expr","locations":[{"start":{"line":362,"column":23},"end":{"line":362,"column":46}},{"start":{"line":362,"column":50},"end":{"line":362,"column":52}}],"line":362},"47":{"loc":{"start":{"line":363,"column":20},"end":{"line":363,"column":49}},"type":"binary-expr","locations":[{"start":{"line":363,"column":20},"end":{"line":363,"column":33}},{"start":{"line":363,"column":37},"end":{"line":363,"column":49}}],"line":363},"48":{"loc":{"start":{"line":368,"column":14},"end":{"line":368,"column":51}},"type":"binary-expr","locations":[{"start":{"line":368,"column":14},"end":{"line":368,"column":33}},{"start":{"line":368,"column":37},"end":{"line":368,"column":51}}],"line":368},"49":{"loc":{"start":{"line":381,"column":6},"end":{"line":381,"column":28}},"type":"if","locations":[{"start":{"line":381,"column":6},"end":{"line":381,"column":28}},{"start":{},"end":{}}],"line":381},"50":{"loc":{"start":{"line":385,"column":6},"end":{"line":385,"column":46}},"type":"if","locations":[{"start":{"line":385,"column":6},"end":{"line":385,"column":46}},{"start":{},"end":{}}],"line":385},"51":{"loc":{"start":{"line":388,"column":25},"end":{"line":389,"column":75}},"type":"binary-expr","locations":[{"start":{"line":388,"column":25},"end":{"line":388,"column":54}},{"start":{"line":389,"column":8},"end":{"line":389,"column":75}}],"line":388},"52":{"loc":{"start":{"line":412,"column":19},"end":{"line":412,"column":41}},"type":"binary-expr","locations":[{"start":{"line":412,"column":19},"end":{"line":412,"column":29}},{"start":{"line":412,"column":33},"end":{"line":412,"column":41}}],"line":412},"53":{"loc":{"start":{"line":415,"column":6},"end":{"line":420,"column":7}},"type":"if","locations":[{"start":{"line":415,"column":6},"end":{"line":420,"column":7}},{"start":{"line":417,"column":13},"end":{"line":420,"column":7}}],"line":415},"54":{"loc":{"start":{"line":415,"column":10},"end":{"line":415,"column":80}},"type":"binary-expr","locations":[{"start":{"line":415,"column":10},"end":{"line":415,"column":20}},{"start":{"line":415,"column":25},"end":{"line":415,"column":52}},{"start":{"line":415,"column":56},"end":{"line":415,"column":79}}],"line":415},"55":{"loc":{"start":{"line":417,"column":13},"end":{"line":420,"column":7}},"type":"if","locations":[{"start":{"line":417,"column":13},"end":{"line":420,"column":7}},{"start":{},"end":{}}],"line":417},"56":{"loc":{"start":{"line":448,"column":4},"end":{"line":448,"column":106}},"type":"if","locations":[{"start":{"line":448,"column":4},"end":{"line":448,"column":106}},{"start":{},"end":{}}],"line":448},"57":{"loc":{"start":{"line":452,"column":4},"end":{"line":452,"column":84}},"type":"if","locations":[{"start":{"line":452,"column":4},"end":{"line":452,"column":84}},{"start":{},"end":{}}],"line":452},"58":{"loc":{"start":{"line":459,"column":25},"end":{"line":459,"column":54}},"type":"binary-expr","locations":[{"start":{"line":459,"column":25},"end":{"line":459,"column":48}},{"start":{"line":459,"column":52},"end":{"line":459,"column":54}}],"line":459},"59":{"loc":{"start":{"line":470,"column":6},"end":{"line":473,"column":7}},"type":"if","locations":[{"start":{"line":470,"column":6},"end":{"line":473,"column":7}},{"start":{},"end":{}}],"line":470},"60":{"loc":{"start":{"line":475,"column":6},"end":{"line":481,"column":7}},"type":"if","locations":[{"start":{"line":475,"column":6},"end":{"line":481,"column":7}},{"start":{},"end":{}}],"line":475},"61":{"loc":{"start":{"line":477,"column":8},"end":{"line":480,"column":9}},"type":"if","locations":[{"start":{"line":477,"column":8},"end":{"line":480,"column":9}},{"start":{},"end":{}}],"line":477},"62":{"loc":{"start":{"line":485,"column":10},"end":{"line":485,"column":91}},"type":"binary-expr","locations":[{"start":{"line":485,"column":10},"end":{"line":485,"column":29}},{"start":{"line":485,"column":33},"end":{"line":485,"column":60}},{"start":{"line":485,"column":64},"end":{"line":485,"column":91}}],"line":485},"63":{"loc":{"start":{"line":487,"column":8},"end":{"line":489,"column":9}},"type":"if","locations":[{"start":{"line":487,"column":8},"end":{"line":489,"column":9}},{"start":{},"end":{}}],"line":487},"64":{"loc":{"start":{"line":497,"column":4},"end":{"line":502,"column":5}},"type":"if","locations":[{"start":{"line":497,"column":4},"end":{"line":502,"column":5}},{"start":{},"end":{}}],"line":497},"65":{"loc":{"start":{"line":497,"column":8},"end":{"line":497,"column":41}},"type":"binary-expr","locations":[{"start":{"line":497,"column":8},"end":{"line":497,"column":21}},{"start":{"line":497,"column":25},"end":{"line":497,"column":41}}],"line":497},"66":{"loc":{"start":{"line":526,"column":42},"end":{"line":526,"column":71}},"type":"binary-expr","locations":[{"start":{"line":526,"column":42},"end":{"line":526,"column":59}},{"start":{"line":526,"column":63},"end":{"line":526,"column":71}}],"line":526},"67":{"loc":{"start":{"line":585,"column":4},"end":{"line":585,"column":84}},"type":"if","locations":[{"start":{"line":585,"column":4},"end":{"line":585,"column":84}},{"start":{},"end":{}}],"line":585},"68":{"loc":{"start":{"line":600,"column":6},"end":{"line":600,"column":61}},"type":"if","locations":[{"start":{"line":600,"column":6},"end":{"line":600,"column":61}},{"start":{},"end":{}}],"line":600},"69":{"loc":{"start":{"line":601,"column":6},"end":{"line":603,"column":7}},"type":"if","locations":[{"start":{"line":601,"column":6},"end":{"line":603,"column":7}},{"start":{},"end":{}}],"line":601},"70":{"loc":{"start":{"line":609,"column":17},"end":{"line":609,"column":51}},"type":"binary-expr","locations":[{"start":{"line":609,"column":17},"end":{"line":609,"column":39}},{"start":{"line":609,"column":43},"end":{"line":609,"column":51}}],"line":609},"71":{"loc":{"start":{"line":612,"column":24},"end":{"line":612,"column":56}},"type":"binary-expr","locations":[{"start":{"line":612,"column":24},"end":{"line":612,"column":50}},{"start":{"line":612,"column":54},"end":{"line":612,"column":56}}],"line":612},"72":{"loc":{"start":{"line":623,"column":31},"end":{"line":623,"column":112}},"type":"binary-expr","locations":[{"start":{"line":623,"column":31},"end":{"line":623,"column":50}},{"start":{"line":623,"column":54},"end":{"line":623,"column":81}},{"start":{"line":623,"column":85},"end":{"line":623,"column":112}}],"line":623},"73":{"loc":{"start":{"line":625,"column":8},"end":{"line":629,"column":9}},"type":"if","locations":[{"start":{"line":625,"column":8},"end":{"line":629,"column":9}},{"start":{},"end":{}}],"line":625},"74":{"loc":{"start":{"line":632,"column":6},"end":{"line":645,"column":7}},"type":"if","locations":[{"start":{"line":632,"column":6},"end":{"line":645,"column":7}},{"start":{},"end":{}}],"line":632},"75":{"loc":{"start":{"line":668,"column":4},"end":{"line":668,"column":39}},"type":"if","locations":[{"start":{"line":668,"column":4},"end":{"line":668,"column":39}},{"start":{},"end":{}}],"line":668},"76":{"loc":{"start":{"line":669,"column":4},"end":{"line":669,"column":45}},"type":"if","locations":[{"start":{"line":669,"column":4},"end":{"line":669,"column":45}},{"start":{},"end":{}}],"line":669},"77":{"loc":{"start":{"line":679,"column":26},"end":{"line":679,"column":94}},"type":"binary-expr","locations":[{"start":{"line":679,"column":26},"end":{"line":679,"column":45}},{"start":{"line":679,"column":49},"end":{"line":679,"column":88}},{"start":{"line":679,"column":92},"
[...]
,"C:\\planner_UC\\backend\\models\\Course.js": {"path":"C:\\planner_UC\\backend\\models\\Course.js","statementMap":{"0":{"start":{"line":1,"column":17},"end":{"line":1,"column":36}},"1":{"start":{"line":3,"column":21},"end":{"line":92,"column":2}},"2":{"start":{"line":94,"column":0},"end":{"line":94,"column":36}},"3":{"start":{"line":95,"column":0},"end":{"line":95,"column":47}},"4":{"start":{"line":96,"column":0},"end":{"line":96,"column":32}},"5":{"start":{"line":97,"column":0},"end":{"line":97,"column":32}},"6":{"start":{"line":99,"column":0},"end":{"line":99,"column":56}}},"fnMap":{},"branchMap":{},"s":{"0":3,"1":3,"2":3,"3":3,"4":3,"5":3,"6":3},"f":{},"b":{},"_coverageSchema":"1a1c01bbd47fc00a2c39e90264f33305004495a9","hash":"3e360467f3dd15f483cffdc2ea8e1f05970bb2b1"}
,"C:\\planner_UC\\backend\\models\\Enrollment.js": {"path":"C:\\planner_UC\\backend\\models\\Enrollment.js","statementMap":{"0":{"start":{"line":1,"column":17},"end":{"line":1,"column":36}},"1":{"start":{"line":3,"column":25},"end":{"line":49,"column":2}},"2":{"start":{"line":51,"column":0},"end":{"line":51,"column":72}},"3":{"start":{"line":53,"column":0},"end":{"line":53,"column":64}}},"fnMap":{},"branchMap":{},"s":{"0":2,"1":2,"2":2,"3":2},"f":{},"b":{},"_coverageSchema":"1a1c01bbd47fc00a2c39e90264f33305004495a9","hash":"26ee110398488fe38b99f4677b4b06ed942d45b6"}
,"C:\\planner_UC\\backend\\models\\Generation.js": {"path":"C:\\planner_UC\\backend\\models\\Generation.js","statementMap":{"0":{"start":{"line":1,"column":17},"end":{"line":1,"column":36}},"1":{"start":{"line":3,"column":23},"end":{"line":15,"column":18}},"2":{"start":{"line":17,"column":25},"end":{"line":121,"column":2}},"3":{"start":{"line":123,"column":0},"end":{"line":123,"column":51}},"4":{"start":{"line":125,"column":0},"end":{"line":125,"column":64}}},"fnMap":{},"branchMap":{},"s":{"0":2,"1":2,"2":2,"3":2,"4":2},"f":{},"b":{},"_coverageSchema":"1a1c01bbd47fc00a2c39e90264f33305004495a9","hash":"3dd3004296d1a7e918d692caefa7999c29a75871"}
,"C:\\planner_UC\\backend\\models\\InstitutionalPolicy.js": {"path":"C:\\planner_UC\\backend\\models\\InstitutionalPolicy.js","statementMap":{"0":{"start":{"line":1,"column":17},"end":{"line":1,"column":36}},"1":{"start":{"line":11,"column":34},"end":{"line":138,"column":2}},"2":{"start":{"line":141,"column":0},"end":{"line":141,"column":60}},"3":{"start":{"line":143,"column":0},"end":{"line":143,"column":82}}},"fnMap":{},"branchMap":{},"s":{"0":1,"1":1,"2":1,"3":1},"f":{},"b":{},"_coverageSchema":"1a1c01bbd47fc00a2c39e90264f33305004495a9","hash":"bc11596698c4b512dbf234a23725b4f641a1df78"}
,"C:\\planner_UC\\backend\\models\\Notification.js": {"path":"C:\\planner_UC\\backend\\models\\Notification.js","statementMap":{"0":{"start":{"line":1,"column":17},"end":{"line":1,"column":36}},"1":{"start":{"line":3,"column":27},"end":{"line":41,"column":2}},"2":{"start":{"line":43,"column":0},"end":{"line":43,"column":49}},"3":{"start":{"line":44,"column":0},"end":{"line":44,"column":44}},"4":{"start":{"line":46,"column":0},"end":{"line":46,"column":68}}},"fnMap":{},"branchMap":{},"s":{"0":1,"1":1,"2":1,"3":1,"4":1},"f":{},"b":{},"_coverageSchema":"1a1c01bbd47fc00a2c39e90264f33305004495a9","hash":"b3d52f143912399b6ec0dec9cf3daeb53c5cc60e"}
,"C:\\planner_UC\\backend\\models\\Preference.js": {"path":"C:\\planner_UC\\backend\\models\\Preference.js","statementMap":{"0":{"start":{"line":1,"column":17},"end":{"line":1,"column":36}},"1":{"start":{"line":3,"column":30},"end":{"line":11,"column":18}},"2":{"start":{"line":13,"column":25},"end":{"line":70,"column":2}},"3":{"start":{"line":27,"column":59},"end":{"line":27,"column":61}},"4":{"start":{"line":28,"column":59},"end":{"line":28,"column":61}},"5":{"start":{"line":29,"column":59},"end":{"line":29,"column":61}},"6":{"start":{"line":74,"column":0},"end":{"line":74,"column":64}}},"fnMap":{"0":{"name":"(anonymous_0)","decl":{"start":{"line":27,"column":52},"end":{"line":27,"column":53}},"loc":{"start":{"line":27,"column":59},"end":{"line":27,"column":61}},"line":27},"1":{"name":"(anonymous_1)","decl":{"start":{"line":28,"column":52},"end":{"line":28,"column":53}},"loc":{"start":{"line":28,"column":59},"end":{"line":28,"column":61}},"line":28},"2":{"name":"(anonymous_2)","decl":{"start":{"line":29,"column":52},"end":{"line":29,"column":53}},"loc":{"start":{"line":29,"column":59},"end":{"line":29,"column":61}},"line":29}},"branchMap":{},"s":{"0":1,"1":1,"2":1,"3":0,"4":0,"5":0,"6":1},"f":{"0":0,"1":0,"2":0},"b":{},"_coverageSchema":"1a1c01bbd47fc00a2c39e90264f33305004495a9","hash":"c50b3767f60c86e86c35c331821031d8c4892f50"}
,"C:\\planner_UC\\backend\\models\\Schedule.js": {"path":"C:\\planner_UC\\backend\\models\\Schedule.js","statementMap":{"0":{"start":{"line":1,"column":17},"end":{"line":1,"column":36}},"1":{"start":{"line":3,"column":25},"end":{"line":32,"column":17}},"2":{"start":{"line":34,"column":23},"end":{"line":51,"column":2}},"3":{"start":{"line":53,"column":0},"end":{"line":53,"column":60}}},"fnMap":{},"branchMap":{},"s":{"0":1,"1":1,"2":1,"3":1},"f":{},"b":{},"_coverageSchema":"1a1c01bbd47fc00a2c39e90264f33305004495a9","hash":"0de4aa907eeb81e6d50042ce3e7728c2ccf9824a"}
,"C:\\planner_UC\\backend\\models\\Section.js": {"path":"C:\\planner_UC\\backend\\models\\Section.js","statementMap":{"0":{"start":{"line":1,"column":17},"end":{"line":1,"column":36}},"1":{"start":{"line":3,"column":26},"end":{"line":11,"column":18}},"2":{"start":{"line":13,"column":22},"end":{"line":77,"column":2}},"3":{"start":{"line":80,"column":0},"end":{"line":80,"column":61}},"4":{"start":{"line":81,"column":0},"end":{"line":81,"column":48}},"5":{"start":{"line":82,"column":0},"end":{"line":82,"column":51}},"6":{"start":{"line":83,"column":0},"end":{"line":83,"column":41}},"7":{"start":{"line":86,"column":0},"end":{"line":88,"column":3}},"8":{"start":{"line":87,"column":2},"end":{"line":87,"column":49}},"9":{"start":{"line":91,"column":0},"end":{"line":93,"column":2}},"10":{"start":{"line":92,"column":2},"end":{"line":92,"column":77}},"11":{"start":{"line":96,"column":0},"end":{"line":98,"column":2}},"12":{"start":{"line":97,"column":2},"end":{"line":97,"column":50}},"13":{"start":{"line":100,"column":0},"end":{"line":100,"column":58}}},"fnMap":{"0":{"name":"(anonymous_0)","decl":{"start":{"line":86,"column":44},"end":{"line":86,"column":45}},"loc":{"start":{"line":86,"column":55},"end":{"line":88,"column":1}},"line":86},"1":{"name":"(anonymous_1)","decl":{"start":{"line":91,"column":34},"end":{"line":91,"column":35}},"loc":{"start":{"line":91,"column":45},"end":{"line":93,"column":1}},"line":91},"2":{"name":"(anonymous_2)","decl":{"start":{"line":96,"column":37},"end":{"line":96,"column":38}},"loc":{"start":{"line":96,"column":48},"end":{"line":98,"column":1}},"line":96}},"branchMap":{"0":{"loc":{"start":{"line":92,"column":9},"end":{"line":92,"column":76}},"type":"binary-expr","locations":[{"start":{"line":92,"column":9},"end":{"line":92,"column":33}},{"start":{"line":92,"column":37},"end":{"line":92,"column":76}}],"line":92}},"s":{"0":1,"1":1,"2":1,"3":1,"4":1,"5":1,"6":1,"7":1,"8":0,"9":1,"10":0,"11":1,"12":0,"13":1},"f":{"0":0,"1":0,"2":0},"b":{"0":[0,0]},"_coverageSchema":"1a1c01bbd47fc00a2c39e90264f33305004495a9","hash":"51c60d9b194d977775f452a68bf802f28d089d77"}
,"C:\\planner_UC\\backend\\models\\Simulation.js": {"path":"C:\\planner_UC\\backend\\models\\Simulation.js","statementMap":{"0":{"start":{"line":1,"column":17},"end":{"line":1,"column":36}},"1":{"start":{"line":12,"column":35},"end":{"line":29,"column":18}},"2":{"start":{"line":31,"column":25},"end":{"line":91,"column":2}},"3":{"start":{"line":93,"column":0},"end":{"line":93,"column":51}},"4":{"start":{"line":94,"column":0},"end":{"line":94,"column":66}},"5":{"start":{"line":96,"column":0},"end":{"line":96,"column":64}}},"fnMap":{},"branchMap":{},"s":{"0":1,"1":1,"2":1,"3":1,"4":1,"5":1},"f":{},"b":{},"_coverageSchema":"1a1c01bbd47fc00a2c39e90264f33305004495a9","hash":"54ef78b52da9a404af24c331e751d90030708583"}
,"C:\\planner_UC\\backend\\models\\Student.js": {"path":"C:\\planner_UC\\backend\\models\\Student.js","statementMap":{"0":{"start":{"line":1,"column":17},"end":{"line":1,"column":36}},"1":{"start":{"line":3,"column":29},"end":{"line":15,"column":18}},"2":{"start":{"line":17,"column":22},"end":{"line":69,"column":2}},"3":{"start":{"line":72,"column":0},"end":{"line":76,"column":3}},"4":{"start":{"line":73,"column":17},"end":{"line":73,"column":102}},"5":{"start":{"line":73,"column":59},"end":{"line":73,"column":101}},"6":{"start":{"line":74,"column":2},"end":{"line":74,"column":36}},"7":{"start":{"line":74,"column":27},"end":{"line":74,"column":36}},"8":{"start":{"line":75,"column":2},"end":{"line":75,"column":97}},"9":{"start":{"line":75,"column":48},"end":{"line":75,"column":62}},"10":{"start":{"line":79,"column":0},"end":{"line":81,"column":3}},"11":{"start":{"line":80,"column":2},"end":{"line":80,"column":93}},"12":{"start":{"line":80,"column":51},"end":{"line":80,"column":84}},"13":{"start":{"line":83,"column":0},"end":{"line":83,"column":34}},"14":{"start":{"line":84,"column":0},"end":{"line":84,"column":55}},"15":{"start":{"line":85,"column":0},"end":{"line":85,"column":35}},"16":{"start":{"line":87,"column":0},"end":{"line":87,"column":58}}},"fnMap":{"0":{"name":"(anonymous_0)","decl":{"start":{"line":72,"column":33},"end":{"line":72,"column":34}},"loc":{"start":{"line":72,"column":44},"end":{"line":76,"column":1}},"line":72},"1":{"name":"(anonymous_1)","decl":{"start":{"line":73,"column":53},"end":{"line":73,"column":54}},"loc":{"start":{"line":73,"column":59},"end":{"line":73,"column":101}},"line":73},"2":{"name":"(anonymous_2)","decl":{"start":{"line":75,"column":35},"end":{"line":75,"column":36}},"loc":{"start":{"line":75,"column":48},"end":{"line":75,"column":62}},"line":75},"3":{"name":"(anonymous_3)","decl":{"start":{"line":79,"column":48},"end":{"line":79,"column":49}},"loc":{"start":{"line":79,"column":59},"end":{"line":81,"column":1}},"line":79},"4":{"name":"(anonymous_4)","decl":{"start":{"line":80,"column":45},"end":{"line":80,"column":46}},"loc":{"start":{"line":80,"column":51},"end":{"line":80,"column":84}},"line":80}},"branchMap":{"0":{"loc":{"start":{"line":73,"column":18},"end":{"line":73,"column":44}},"type":"binary-expr","locations":[{"start":{"line":73,"column":18},"end":{"line":73,"column":38}},{"start":{"line":73,"column":42},"end":{"line":73,"column":44}}],"line":73},"1":{"loc":{"start":{"line":73,"column":59},"end":{"line":73,"column":101}},"type":"binary-expr","locations":[{"start":{"line":73,"column":59},"end":{"line":73,"column":75}},{"start":{"line":73,"column":79},"end":{"line":73,"column":101}}],"line":73},"2":{"loc":{"start":{"line":74,"column":2},"end":{"line":74,"column":36}},"type":"if","locations":[{"start":{"line":74,"column":2},"end":{"line":74,"column":36}},{"start":{},"end":{}}],"line":74},"3":{"loc":{"start":{"line":80,"column":10},"end":{"line":80,"column":36}},"type":"binary-expr","locations":[{"start":{"line":80,"column":10},"end":{"line":80,"column":30}},{"start":{"line":80,"column":34},"end":{"line":80,"column":36}}],"line":80},"4":{"loc":{"start":{"line":80,"column":51},"end":{"line":80,"column":84}},"type":"binary-expr","locations":[{"start":{"line":80,"column":51},"end":{"line":80,"column":67}},{"start":{"line":80,"column":71},"end":{"line":80,"column":84}}],"line":80}},"s":{"0":3,"1":3,"2":3,"3":3,"4":0,"5":0,"6":0,"7":0,"8":0,"9":0,"10":3,"11":0,"12":0,"13":3,"14":3,"15":3,"16":3},"f":{"0":0,"1":0,"2":0,"3":0,"4":0},"b":{"0":[0,0],"1":[0,0],"2":[0,0],"3":[0,0],"4":[0,0]},"_coverageSchema":"1a1c01bbd47fc00a2c39e90264f33305004495a9","hash":"886dc3d581e52e45e0e8090d62f82fcecfbcd5bc"}
,"C:\\planner_UC\\backend\\models\\Teacher.js": {"path":"C:\\planner_UC\\backend\\models\\Teacher.js","statementMap":{"0":{"start":{"line":1,"column":17},"end":{"line":1,"column":36}},"1":{"start":{"line":3,"column":27},"end":{"line":17,"column":18}},"2":{"start":{"line":19,"column":22},"end":{"line":109,"column":2}},"3":{"start":{"line":52,"column":6},"end":{"line":52,"column":55}},"4":{"start":{"line":52,"column":45},"end":{"line":52,"column":55}},"5":{"start":{"line":53,"column":6},"end":{"line":53,"column":47}},"6":{"start":{"line":114,"column":0},"end":{"line":130,"column":3}},"7":{"start":{"line":115,"column":2},"end":{"line":128,"column":3}},"8":{"start":{"line":116,"column":4},"end":{"line":116,"column":36}},"9":{"start":{"line":117,"column":4},"end":{"line":117,"column":69}},"10":{"start":{"line":117,"column":44},"end":{"line":117,"column":69}},"11":{"start":{"line":118,"column":4},"end":{"line":118,"column":60}},"12":{"start":{"line":118,"column":40},"end":{"line":118,"column":60}},"13":{"start":{"line":119,"column":4},"end":{"line":119,"column":67}},"14":{"start":{"line":119,"column":43},"end":{"line":119,"column":67}},"15":{"start":{"line":121,"column":4},"end":{"line":121,"column":69}},"16":{"start":{"line":121,"column":44},"end":{"line":121,"column":69}},"17":{"start":{"line":122,"column":4},"end":{"line":122,"column":60}},"18":{"start":{"line":122,"column":40},"end":{"line":122,"column":60}},"19":{"start":{"line":123,"column":4},"end":{"line":127,"column":5}},"20":{"start":{"line":124,"column":6},"end":{"line":124,"column":69}},"21":{"start":{"line":124,"column":45},"end":{"line":124,"column":69}},"22":{"start":{"line":126,"column":6},"end":{"line":126,"column":69}},"23":{"start":{"line":126,"column":45},"end":{"line":126,"column":69}},"24":{"start":{"line":129,"column":2},"end":{"line":129,"column":9}},"25":{"start":{"line":132,"column":0},"end":{"line":132,"column":34}},"26":{"start":{"line":133,"column":0},"end":{"line":133,"column":33}},"27":{"start":{"line":134,"column":0},"end":{"line":134,"column":50}},"28":{"start":{"line":135,"column":0},"end":{"line":135,"column":41}},"29":{"start":{"line":137,"column":0},"end":{"line":137,"column":58}}},"fnMap":{"0":{"name":"(anonymous_0)","decl":{"start":{"line":51,"column":13},"end":{"line":51,"column":14}},"loc":{"start":{"line":51,"column":24},"end":{"line":54,"column":5}},"line":51},"1":{"name":"(anonymous_1)","decl":{"start":{"line":114,"column":26},"end":{"line":114,"column":27}},"loc":{"start":{"line":114,"column":41},"end":{"line":130,"column":1}},"line":114}},"branchMap":{"0":{"loc":{"start":{"line":52,"column":6},"end":{"line":52,"column":55}},"type":"if","locations":[{"start":{"line":52,"column":6},"end":{"line":52,"column":55}},{"start":{},"end":{}}],"line":52},"1":{"loc":{"start":{"line":53,"column":13},"end":{"line":53,"column":46}},"type":"cond-expr","locations":[{"start":{"line":53,"column":39},"end":{"line":53,"column":41}},{"start":{"line":53,"column":44},"end":{"line":53,"column":46}}],"line":53},"2":{"loc":{"start":{"line":115,"column":2},"end":{"line":128,"column":3}},"type":"if","locations":[{"start":{"line":115,"column":2},"end":{"line":128,"column":3}},{"start":{"line":120,"column":9},"end":{"line":128,"column":3}}],"line":115},"3":{"loc":{"start":{"line":117,"column":4},"end":{"line":117,"column":69}},"type":"if","locations":[{"start":{"line":117,"column":4},"end":{"line":117,"column":69}},{"start":{},"end":{}}],"line":117},"4":{"loc":{"start":{"line":118,"column":4},"end":{"line":118,"column":60}},"type":"if","locations":[{"start":{"line":118,"column":4},"end":{"line":118,"column":60}},{"start":{},"end":{}}],"line":118},"5":{"loc":{"start":{"line":119,"column":4},"end":{"line":119,"column":67}},"type":"if","locations":[{"start":{"line":119,"column":4},"end":{"line":119,"column":67}},{"start":{},"end":{}}],"line":119},"6":{"loc":{"start":{"line":121,"column":4},"end":{"line":121,"column":69}},"type":"if","locations":[{"start":{"line":121,"column":4},"end":{"line":121,"column":69}},{"start":{},"end":{}}],"line":121},"7":{"loc":{"start":{"line":122,"column":4},"end":{"line":122,"column":60}},"type":"if","locations":[{"start":{"line":122,"column":4},"end":{"line":122,"column":60}},{"start":{},"end":{}}],"line":122},"8":{"loc":{"start":{"line":123,"column":4},"end":{"line":127,"column":5}},"type":"if","locations":[{"start":{"line":123,"column":4},"end":{"line":127,"column":5}},{"start":{"line":125,"column":11},"end":{"line":127,"column":5}}],"line":123},"9":{"loc":{"start":{"line":124,"column":6},"end":{"line":124,"column":69}},"type":"if","locations":[{"start":{"line":124,"column":6},"end":{"line":124,"column":69}},{"start":{},"end":{}}],"line":124},"10":{"loc":{"start":{"line":126,"column":6},"end":{"line":126,"column":69}},"type":"if","locations":[{"start":{"line":126,"column":6},"end":{"line":126,"column":69}},{"start":{},"end":{}}],"line":126}},"s":{"0":3,"1":3,"2":3,"3":0,"4":0,"5":0,"6":3,"7":0,"8":0,"9":0,"10":0,"11":0,"12":0,"13":0,"14":0,"15":0,"16":0,"17":0,"18":0,"19":0,"20":0,"21":0,"22":0,"23":0,"24":0,"25":3,"26":3,"27":3,"28":3,"29":3},"f":{"0":0,"1":0},"b":{"0":[0,0],"1":[0,0],"2":[0,0],"3":[0,0],"4":[0,0],"5":[0,0],"6":[0,0],"7":[0,0],"8":[0,0],"9":[0,0],"10":[0,0]},"_coverageSchema":"1a1c01bbd47fc00a2c39e90264f33305004495a9","hash":"c5ce9bbc038526d9b295f05257a13264911d65f7"}
,"C:\\planner_UC\\backend\\models\\User.js": {"path":"C:\\planner_UC\\backend\\models\\User.js","statementMap":{"0":{"start":{"line":1,"column":17},"end":{"line":1,"column":36}},"1":{"start":{"line":2,"column":15},"end":{"line":2,"column":34}},"2":{"start":{"line":4,"column":19},"end":{"line":53,"column":2}},"3":{"start":{"line":56,"column":0},"end":{"line":60,"column":3}},"4":{"start":{"line":57,"column":2},"end":{"line":57,"column":50}},"5":{"start":{"line":57,"column":36},"end":{"line":57,"column":50}},"6":{"start":{"line":58,"column":2},"end":{"line":58,"column":55}},"7":{"start":{"line":59,"column":2},"end":{"line":59,"column":9}},"8":{"start":{"line":63,"column":0},"end":{"line":65,"column":2}},"9":{"start":{"line":64,"column":2},"end":{"line":64,"column":58}},"10":{"start":{"line":68,"column":0},"end":{"line":72,"column":2}},"11":{"start":{"line":69,"column":14},"end":{"line":69,"column":29}},"12":{"start":{"line":70,"column":2},"end":{"line":70,"column":22}},"13":{"start":{"line":71,"column":2},"end":{"line":71,"column":13}},"14":{"start":{"line":74,"column":0},"end":{"line":74,"column":52}}},"fnMap":{"0":{"name":"(anonymous_0)","decl":{"start":{"line":56,"column":23},"end":{"line":56,"column":24}},"loc":{"start":{"line":56,"column":44},"end":{"line":60,"column":1}},"line":56},"1":{"name":"(anonymous_1)","decl":{"start":{"line":63,"column":37},"end":{"line":63,"column":38}},"loc":{"start":{"line":63,"column":71},"end":{"line":65,"column":1}},"line":63},"2":{"name":"(anonymous_2)","decl":{"start":{"line":68,"column":28},"end":{"line":68,"column":29}},"loc":{"start":{"line":68,"column":39},"end":{"line":72,"column":1}},"line":68}},"branchMap":{"0":{"loc":{"start":{"line":57,"column":2},"end":{"line":57,"column":50}},"type":"if","locations":[{"start":{"line":57,"column":2},"end":{"line":57,"column":50}},{"start":{},"end":{}}],"line":57}},"s":{"0":3,"1":3,"2":3,"3":3,"4":1,"5":0,"6":1,"7":1,"8":3,"9":2,"10":3,"11":1,"12":1,"13":1,"14":3},"f":{"0":1,"1":2,"2":1},"b":{"0":[0,1]},"_coverageSchema":"1a1c01bbd47fc00a2c39e90264f33305004495a9","hash":"7af50a9f57e4974f470959b305bf6b52c76ebb68"}
}
