TN:
SF:server.js
FN:51,(anonymous_0)
FN:65,(anonymous_1)
FN:78,(anonymous_2)
FN:92,(anonymous_3)
FNF:4
FNH:3
FNDA:1,(anonymous_0)
FNDA:1,(anonymous_1)
FNDA:1,(anonymous_2)
FNDA:0,(anonymous_3)
DA:1,1
DA:2,1
DA:3,1
DA:4,1
DA:5,1
DA:6,1
DA:7,1
DA:8,1
DA:9,1
DA:11,1
DA:13,1
DA:16,1
DA:17,1
DA:18,1
DA:19,1
DA:20,1
DA:21,1
DA:22,1
DA:25,1
DA:26,1
DA:27,1
DA:28,1
DA:29,1
DA:30,1
DA:31,1
DA:32,1
DA:33,1
DA:34,1
DA:35,1
DA:36,1
DA:37,1
DA:38,1
DA:39,1
DA:40,1
DA:41,1
DA:42,1
DA:43,1
DA:44,1
DA:45,1
DA:48,1
DA:51,1
DA:52,1
DA:53,1
DA:65,1
DA:66,1
DA:70,1
DA:76,1
DA:78,1
DA:79,1
DA:81,1
DA:84,0
DA:85,0
DA:87,0
DA:88,0
DA:92,0
DA:93,0
DA:94,0
DA:95,0
DA:96,0
DA:97,0
DA:98,0
DA:99,0
DA:100,0
DA:103,0
DA:104,0
DA:108,1
DA:110,1
LF:67
LH:52
BRDA:18,0,0,1
BRDA:18,0,1,1
BRDA:57,1,0,1
BRDA:57,1,1,0
BRDA:58,2,0,1
BRDA:58,2,1,0
BRDA:59,3,0,1
BRDA:59,3,1,0
BRDA:76,4,0,1
BRDA:76,4,1,0
BRDA:96,5,0,0
BRDA:96,5,1,0
BRF:12
BRH:6
end_of_record
TN:
SF:config\db.js
FN:16,(anonymous_0)
FN:67,(anonymous_1)
FN:71,(anonymous_2)
FN:75,(anonymous_3)
FN:80,(anonymous_4)
FNF:5
FNH:3
FNDA:1,(anonymous_0)
FNDA:0,(anonymous_1)
FNDA:1,(anonymous_2)
FNDA:1,(anonymous_3)
FNDA:0,(anonymous_4)
DA:1,2
DA:14,2
DA:16,2
DA:17,1
DA:19,1
DA:21,1
DA:24,0
DA:25,0
DA:26,0
DA:28,1
DA:29,1
DA:33,1
DA:34,1
DA:35,1
DA:41,0
DA:42,0
DA:44,0
DA:45,0
DA:46,0
DA:47,0
DA:48,0
DA:49,0
DA:50,0
DA:51,0
DA:52,0
DA:53,0
DA:54,0
DA:55,0
DA:57,0
DA:58,0
DA:59,0
DA:60,0
DA:61,0
DA:62,0
DA:67,2
DA:68,0
DA:71,2
DA:72,1
DA:75,2
DA:76,1
DA:80,2
DA:81,0
DA:82,0
DA:83,0
DA:84,0
DA:86,0
DA:87,0
DA:90,2
LF:48
LH:18
BRDA:17,0,0,1
BRDA:17,0,1,0
BRDA:82,1,0,0
BRDA:82,1,1,0
BRF:4
BRH:1
end_of_record
TN:
SF:config\jwt.js
FNF:0
FNH:0
DA:1,6
DA:2,6
DA:3,1
DA:4,1
DA:5,1
DA:8,6
LF:6
LH:6
BRDA:2,0,0,1
BRDA:2,0,1,5
BRDA:10,1,0,6
BRDA:10,1,1,1
BRF:4
BRH:4
end_of_record
TN:
SF:controllers\auth.controller.js
FN:9,(anonymous_0)
FN:66,(anonymous_1)
FN:98,(anonymous_2)
FNF:3
FNH:3
FNDA:7,(anonymous_0)
FNDA:5,(anonymous_1)
FNDA:3,(anonymous_2)
DA:1,2
DA:2,2
DA:3,2
DA:4,2
DA:5,2
DA:6,2
DA:9,2
DA:10,7
DA:11,7
DA:12,7
DA:13,0
DA:16,7
DA:18,7
DA:19,6
DA:20,2
DA:23,4
DA:24,4
DA:27,4
DA:28,1
DA:29,1
DA:30,0
DA:32,1
DA:41,4
DA:42,2
DA:43,2
DA:44,2
DA:45,2
DA:55,4
DA:61,1
DA:66,2
DA:67,5
DA:68,5
DA:69,5
DA:70,0
DA:73,5
DA:75,5
DA:76,5
DA:77,1
DA:80,4
DA:81,4
DA:82,2
DA:85,2
DA:87,2
DA:93,0
DA:98,2
DA:99,3
DA:100,3
DA:102,1
LF:48
LH:44
BRDA:12,0,0,0
BRDA:12,0,1,7
BRDA:19,1,0,2
BRDA:19,1,1,4
BRDA:23,2,0,4
BRDA:23,2,1,0
BRDA:27,3,0,1
BRDA:27,3,1,3
BRDA:29,4,0,0
BRDA:29,4,1,1
BRDA:41,5,0,2
BRDA:41,5,1,2
BRDA:43,6,0,2
BRDA:43,6,1,0
BRDA:69,7,0,0
BRDA:69,7,1,5
BRDA:76,8,0,1
BRDA:76,8,1,4
BRDA:81,9,0,2
BRDA:81,9,1,2
BRF:20
BRH:15
end_of_record
TN:
SF:controllers\campus.controller.js
FN:12,(anonymous_0)
FN:53,(anonymous_1)
FN:64,(anonymous_2)
FN:75,(anonymous_3)
FN:85,(anonymous_4)
FN:96,(anonymous_5)
FNF:6
FNH:0
FNDA:0,(anonymous_0)
FNDA:0,(anonymous_1)
FNDA:0,(anonymous_2)
FNDA:0,(anonymous_3)
FNDA:0,(anonymous_4)
FNDA:0,(anonymous_5)
DA:1,1
DA:2,1
DA:12,1
DA:13,0
DA:15,0
DA:17,0
DA:18,0
DA:19,0
DA:20,0
DA:21,0
DA:22,0
DA:23,0
DA:29,0
DA:30,0
DA:31,0
DA:47,0
DA:53,1
DA:54,0
DA:55,0
DA:58,0
DA:60,0
DA:64,1
DA:65,0
DA:66,0
DA:68,0
DA:69,0
DA:71,0
DA:75,1
DA:76,0
DA:77,0
DA:78,0
DA:79,0
DA:81,0
DA:85,1
DA:86,0
DA:87,0
DA:88,0
DA:89,0
DA:90,0
DA:92,0
DA:96,1
DA:97,0
DA:98,0
DA:99,0
DA:100,0
DA:101,0
DA:103,0
LF:47
LH:8
BRDA:13,0,0,0
BRDA:13,0,1,0
BRDA:13,1,0,0
BRDA:13,1,1,0
BRDA:18,2,0,0
BRDA:18,2,1,0
BRDA:18,3,0,0
BRDA:18,3,1,0
BRDA:20,4,0,0
BRDA:20,4,1,0
BRDA:20,5,0,0
BRDA:20,5,1,0
BRDA:30,6,0,0
BRDA:30,6,1,0
BRDA:33,7,0,0
BRDA:33,7,1,0
BRDA:35,8,0,0
BRDA:35,8,1,0
BRDA:68,9,0,0
BRDA:68,9,1,0
BRDA:88,10,0,0
BRDA:88,10,1,0
BRDA:99,11,0,0
BRDA:99,11,1,0
BRF:24
BRH:0
end_of_record
TN:
SF:controllers\career-generation.controller.js
FN:23,(anonymous_0)
FN:74,(anonymous_1)
FN:136,(anonymous_2)
FN:137,(anonymous_3)
FN:191,(anonymous_4)
FN:195,(anonymous_5)
FN:196,(anonymous_6)
FN:214,(anonymous_7)
FN:232,(anonymous_8)
FN:254,(anonymous_9)
FN:260,(anonymous_10)
FN:289,(anonymous_11)
FN:290,(anonymous_12)
FN:291,(anonymous_13)
FN:292,(anonymous_14)
FN:325,(anonymous_15)
FN:351,(anonymous_16)
FN:360,(anonymous_17)
FN:361,(anonymous_18)
FN:363,(anonymous_19)
FN:364,(anonymous_20)
FN:389,(anonymous_21)
FN:444,(anonymous_22)
FN:460,(anonymous_23)
FN:460,(anonymous_24)
FN:476,(anonymous_25)
FN:484,(anonymous_26)
FN:505,(anonymous_27)
FN:528,(anonymous_28)
FN:539,(anonymous_29)
FN:578,(anonymous_30)
FN:614,(anonymous_31)
FN:622,(anonymous_32)
FN:623,(anonymous_33)
FN:627,(anonymous_34)
FN:650,(anonymous_35)
FN:664,(anonymous_36)
FN:691,(anonymous_37)
FN:716,(anonymous_38)
FN:729,(anonymous_39)
FN:730,(anonymous_40)
FN:743,(anonymous_41)
FN:790,getEligibleTeachersForCourse
FN:792,(anonymous_43)
FN:795,(anonymous_44)
FN:799,(anonymous_45)
FN:805,scoreSectionForStudent
FN:818,groupSectionsBySemester
FNF:48
FNH:0
FNDA:0,(anonymous_0)
FNDA:0,(anonymous_1)
FNDA:0,(anonymous_2)
FNDA:0,(anonymous_3)
FNDA:0,(anonymous_4)
FNDA:0,(anonymous_5)
FNDA:0,(anonymous_6)
FNDA:0,(anonymous_7)
FNDA:0,(anonymous_8)
FNDA:0,(anonymous_9)
FNDA:0,(anonymous_10)
FNDA:0,(anonymous_11)
FNDA:0,(anonymous_12)
FNDA:0,(anonymous_13)
FNDA:0,(anonymous_14)
FNDA:0,(anonymous_15)
FNDA:0,(anonymous_16)
FNDA:0,(anonymous_17)
FNDA:0,(anonymous_18)
FNDA:0,(anonymous_19)
FNDA:0,(anonymous_20)
FNDA:0,(anonymous_21)
FNDA:0,(anonymous_22)
FNDA:0,(anonymous_23)
FNDA:0,(anonymous_24)
FNDA:0,(anonymous_25)
FNDA:0,(anonymous_26)
FNDA:0,(anonymous_27)
FNDA:0,(anonymous_28)
FNDA:0,(anonymous_29)
FNDA:0,(anonymous_30)
FNDA:0,(anonymous_31)
FNDA:0,(anonymous_32)
FNDA:0,(anonymous_33)
FNDA:0,(anonymous_34)
FNDA:0,(anonymous_35)
FNDA:0,(anonymous_36)
FNDA:0,(anonymous_37)
FNDA:0,(anonymous_38)
FNDA:0,(anonymous_39)
FNDA:0,(anonymous_40)
FNDA:0,(anonymous_41)
FNDA:0,getEligibleTeachersForCourse
FNDA:0,(anonymous_43)
FNDA:0,(anonymous_44)
FNDA:0,(anonymous_45)
FNDA:0,scoreSectionForStudent
FNDA:0,groupSectionsBySemester
DA:5,1
DA:6,1
DA:7,1
DA:8,1
DA:9,1
DA:10,1
DA:11,1
DA:12,1
DA:13,1
DA:14,1
DA:15,1
DA:16,1
DA:17,1
DA:23,1
DA:24,0
DA:25,0
DA:26,0
DA:28,0
DA:29,0
DA:31,0
DA:34,0
DA:42,0
DA:43,0
DA:44,0
DA:47,0
DA:48,0
DA:51,0
DA:52,0
DA:53,0
DA:54,0
DA:55,0
DA:64,0
DA:65,0
DA:69,0
DA:73,0
DA:74,0
DA:76,0
DA:77,0
DA:78,0
DA:80,0
DA:81,0
DA:86,0
DA:90,0
DA:91,0
DA:94,0
DA:97,0
DA:100,0
DA:101,0
DA:109,0
DA:110,0
DA:111,0
DA:112,0
DA:121,0
DA:124,0
DA:125,0
DA:126,0
DA:127,0
DA:128,0
DA:131,0
DA:132,0
DA:133,0
DA:134,0
DA:136,0
DA:137,0
DA:154,0
DA:155,0
DA:157,0
DA:158,0
DA:159,0
DA:160,0
DA:163,0
DA:164,0
DA:173,0
DA:176,0
DA:178,0
DA:179,0
DA:188,0
DA:189,0
DA:190,0
DA:191,0
DA:192,0
DA:195,0
DA:196,0
DA:197,0
DA:198,0
DA:214,0
DA:217,0
DA:232,0
DA:241,0
DA:248,0
DA:249,0
DA:252,0
DA:253,0
DA:254,0
DA:255,0
DA:256,0
DA:260,0
DA:264,0
DA:265,0
DA:266,0
DA:269,0
DA:270,0
DA:284,0
DA:287,0
DA:289,0
DA:290,0
DA:291,0
DA:292,0
DA:294,0
DA:317,0
DA:318,0
DA:325,1
DA:326,0
DA:327,0
DA:328,0
DA:329,0
DA:330,0
DA:331,0
DA:332,0
DA:334,0
DA:341,0
DA:343,0
DA:351,1
DA:352,0
DA:353,0
DA:354,0
DA:355,0
DA:356,0
DA:358,0
DA:359,0
DA:360,0
DA:361,0
DA:362,0
DA:363,0
DA:364,0
DA:367,0
DA:376,0
DA:377,0
DA:379,0
DA:380,0
DA:381,0
DA:382,0
DA:385,0
DA:388,0
DA:389,0
DA:392,0
DA:394,0
DA:415,0
DA:416,0
DA:417,0
DA:418,0
DA:419,0
DA:423,0
DA:435,0
DA:444,1
DA:445,0
DA:446,0
DA:447,0
DA:448,0
DA:450,0
DA:451,0
DA:452,0
DA:454,0
DA:459,0
DA:460,0
DA:461,0
DA:462,0
DA:463,0
DA:464,0
DA:467,0
DA:468,0
DA:470,0
DA:471,0
DA:472,0
DA:475,0
DA:476,0
DA:477,0
DA:478,0
DA:479,0
DA:483,0
DA:484,0
DA:485,0
DA:487,0
DA:488,0
DA:490,0
DA:494,0
DA:497,0
DA:498,0
DA:505,0
DA:508,0
DA:509,0
DA:510,0
DA:511,0
DA:525,0
DA:528,0
DA:539,0
DA:563,0
DA:569,0
DA:578,1
DA:579,0
DA:580,0
DA:581,0
DA:583,0
DA:584,0
DA:585,0
DA:588,0
DA:597,0
DA:598,0
DA:599,0
DA:600,0
DA:601,0
DA:602,0
DA:607,0
DA:608,0
DA:609,0
DA:611,0
DA:612,0
DA:614,0
DA:615,0
DA:616,0
DA:617,0
DA:620,0
DA:621,0
DA:622,0
DA:623,0
DA:625,0
DA:626,0
DA:627,0
DA:628,0
DA:632,0
DA:633,0
DA:648,0
DA:650,0
DA:656,0
DA:664,1
DA:665,0
DA:666,0
DA:667,0
DA:668,0
DA:669,0
DA:671,0
DA:677,0
DA:678,0
DA:679,0
DA:680,0
DA:681,0
DA:684,0
DA:691,0
DA:692,0
DA:694,0
DA:716,0
DA:727,0
DA:729,0
DA:730,0
DA:734,0
DA:743,1
DA:744,0
DA:745,0
DA:746,0
DA:747,0
DA:750,0
DA:755,0
DA:756,0
DA:758,0
DA:759,0
DA:760,0
DA:766,0
DA:772,0
DA:778,0
DA:784,0
DA:791,0
DA:792,0
DA:794,0
DA:795,0
DA:798,0
DA:799,0
DA:801,0
DA:806,0
DA:807,0
DA:808,0
DA:809,0
DA:810,0
DA:811,0
DA:814,0
DA:815,0
DA:819,0
DA:820,0
DA:821,0
DA:822,0
DA:823,0
DA:830,0
LF:291
LH:20
BRDA:25,0,0,0
BRDA:26,1,0,0
BRDA:26,1,1,0
BRDA:29,2,0,0
BRDA:29,2,1,0
BRDA:42,3,0,0
BRDA:42,3,1,0
BRDA:43,4,0,0
BRDA:43,4,1,0
BRDA:44,5,0,0
BRDA:44,5,1,0
BRDA:52,6,0,0
BRDA:52,6,1,0
BRDA:53,7,0,0
BRDA:53,7,1,0
BRDA:54,8,0,0
BRDA:54,8,1,0
BRDA:64,9,0,0
BRDA:64,9,1,0
BRDA:64,10,0,0
BRDA:64,10,1,0
BRDA:77,11,0,0
BRDA:77,11,1,0
BRDA:80,12,0,0
BRDA:80,12,1,0
BRDA:90,13,0,0
BRDA:90,13,1,0
BRDA:91,14,0,0
BRDA:91,14,1,0
BRDA:91,14,2,0
BRDA:100,15,0,0
BRDA:100,15,1,0
BRDA:100,16,0,0
BRDA:100,16,1,0
BRDA:100,16,2,0
BRDA:127,17,0,0
BRDA:127,17,1,0
BRDA:157,18,0,0
BRDA:157,18,1,0
BRDA:158,19,0,0
BRDA:158,19,1,0
BRDA:178,20,0,0
BRDA:178,20,1,0
BRDA:190,21,0,0
BRDA:190,21,1,0
BRDA:190,22,0,0
BRDA:190,22,1,0
BRDA:192,23,0,0
BRDA:192,23,1,0
BRDA:195,24,0,0
BRDA:195,24,1,0
BRDA:203,25,0,0
BRDA:203,25,1,0
BRDA:206,26,0,0
BRDA:206,26,1,0
BRDA:209,27,0,0
BRDA:209,27,1,0
BRDA:225,28,0,0
BRDA:225,28,1,0
BRDA:233,29,0,0
BRDA:233,29,1,0
BRDA:255,30,0,0
BRDA:255,30,1,0
BRDA:256,31,0,0
BRDA:256,31,1,0
BRDA:256,31,2,0
BRDA:264,32,0,0
BRDA:264,32,1,0
BRDA:277,33,0,0
BRDA:277,33,1,0
BRDA:278,34,0,0
BRDA:278,34,1,0
BRDA:278,35,0,0
BRDA:278,35,1,0
BRDA:289,36,0,0
BRDA:289,36,1,0
BRDA:290,37,0,0
BRDA:290,37,1,0
BRDA:291,38,0,0
BRDA:291,38,1,0
BRDA:292,39,0,0
BRDA:292,39,1,0
BRDA:329,40,0,0
BRDA:329,40,1,0
BRDA:330,41,0,0
BRDA:330,41,1,0
BRDA:331,42,0,0
BRDA:331,42,1,0
BRDA:332,43,0,0
BRDA:332,43,1,0
BRDA:356,44,0,0
BRDA:356,44,1,0
BRDA:359,45,0,0
BRDA:359,45,1,0
BRDA:362,46,0,0
BRDA:362,46,1,0
BRDA:363,47,0,0
BRDA:363,47,1,0
BRDA:368,48,0,0
BRDA:368,48,1,0
BRDA:381,49,0,0
BRDA:381,49,1,0
BRDA:385,50,0,0
BRDA:385,50,1,0
BRDA:388,51,0,0
BRDA:388,51,1,0
BRDA:412,52,0,0
BRDA:412,52,1,0
BRDA:415,53,0,0
BRDA:415,53,1,0
BRDA:415,54,0,0
BRDA:415,54,1,0
BRDA:415,54,2,0
BRDA:417,55,0,0
BRDA:417,55,1,0
BRDA:448,56,0,0
BRDA:448,56,1,0
BRDA:452,57,0,0
BRDA:452,57,1,0
BRDA:459,58,0,0
BRDA:459,58,1,0
BRDA:470,59,0,0
BRDA:470,59,1,0
BRDA:475,60,0,0
BRDA:475,60,1,0
BRDA:477,61,0,0
BRDA:477,61,1,0
BRDA:485,62,0,0
BRDA:485,62,1,0
BRDA:485,62,2,0
BRDA:487,63,0,0
BRDA:487,63,1,0
BRDA:497,64,0,0
BRDA:497,64,1,0
BRDA:497,65,0,0
BRDA:497,65,1,0
BRDA:526,66,0,0
BRDA:526,66,1,0
BRDA:585,67,0,0
BRDA:585,67,1,0
BRDA:600,68,0,0
BRDA:600,68,1,0
BRDA:601,69,0,0
BRDA:601,69,1,0
BRDA:609,70,0,0
BRDA:609,70,1,0
BRDA:612,71,0,0
BRDA:612,71,1,0
BRDA:623,72,0,0
BRDA:623,72,1,0
BRDA:623,72,2,0
BRDA:625,73,0,0
BRDA:625,73,1,0
BRDA:632,74,0,0
BRDA:632,74,1,0
BRDA:668,75,0,0
BRDA:668,75,1,0
BRDA:669,76,0,0
BRDA:669,76,1,0
BRDA:679,77,0,0
BRDA:679,77,1,0
BRDA:679,77,2,0
BRDA:681,78,0,0
BRDA:681,78,1,0
BRDA:681,79,0,0
BRDA:681,79,1,0
BRDA:708,80,0,0
BRDA:708,80,1,0
BRDA:709,81,0,0
BRDA:709,81,1,0
BRDA:711,82,0,0
BRDA:711,82,1,0
BRDA:713,83,0,0
BRDA:713,83,1,0
BRDA:746,84,0,0
BRDA:746,84,1,0
BRDA:746,85,0,0
BRDA:746,85,1,0
BRDA:755,86,0,0
BRDA:755,86,1,0
BRDA:756,87,0,0
BRDA:756,87,1,0
BRDA:759,88,0,0
BRDA:759,88,1,0
BRDA:794,89,0,0
BRDA:794,89,1,0
BRDA:798,90,0,0
BRDA:798,90,1,0
BRDA:799,91,0,0
BRDA:799,91,1,0
BRDA:809,92,0,0
BRDA:809,92,1,0
BRDA:809,93,0,0
BRDA:809,93,1,0
BRDA:810,94,0,0
BRDA:810,94,1,0
BRDA:810,95,0,0
BRDA:810,95,1,0
BRDA:810,95,2,0
BRDA:811,96,0,0
BRDA:811,96,1,0
BRDA:811,97,0,0
BRDA:811,97,1,0
BRDA:821,98,0,0
BRDA:821,98,1,0
BRDA:822,99,0,0
BRDA:822,99,1,0
BRDA:827,100,0,0
BRDA:827,100,1,0
BRF:209
BRH:0
end_of_record
TN:
SF:controllers\career.controller.js
FN:9,(anonymous_0)
FN:14,(anonymous_1)
FN:29,(anonymous_2)
FN:47,(anonymous_3)
FN:63,(anonymous_4)
FN:77,(anonymous_5)
FN:95,(anonymous_6)
FN:105,(anonymous_7)
FN:107,(anonymous_8)
FN:108,(anonymous_9)
FN:140,(anonymous_10)
FN:163,(anonymous_11)
FN:164,(anonymous_12)
FN:164,(anonymous_13)
FN:165,(anonymous_14)
FN:166,(anonymous_15)
FN:187,(anonymous_16)
FN:192,(anonymous_17)
FN:200,(anonymous_18)
FN:201,(anonymous_19)
FNF:20
FNH:0
FNDA:0,(anonymous_0)
FNDA:0,(anonymous_1)
FNDA:0,(anonymous_2)
FNDA:0,(anonymous_3)
FNDA:0,(anonymous_4)
FNDA:0,(anonymous_5)
FNDA:0,(anonymous_6)
FNDA:0,(anonymous_7)
FNDA:0,(anonymous_8)
FNDA:0,(anonymous_9)
FNDA:0,(anonymous_10)
FNDA:0,(anonymous_11)
FNDA:0,(anonymous_12)
FNDA:0,(anonymous_13)
FNDA:0,(anonymous_14)
FNDA:0,(anonymous_15)
FNDA:0,(anonymous_16)
FNDA:0,(anonymous_17)
FNDA:0,(anonymous_18)
FNDA:0,(anonymous_19)
DA:1,1
DA:2,1
DA:3,1
DA:9,1
DA:10,0
DA:11,0
DA:14,0
DA:15,0
DA:16,0
DA:19,0
DA:21,0
DA:29,1
DA:30,0
DA:31,0
DA:32,0
DA:34,0
DA:37,0
DA:39,0
DA:47,1
DA:48,0
DA:49,0
DA:50,0
DA:52,0
DA:53,0
DA:55,0
DA:63,1
DA:64,0
DA:65,0
DA:66,0
DA:67,0
DA:69,0
DA:77,1
DA:78,0
DA:79,0
DA:80,0
DA:81,0
DA:83,0
DA:95,1
DA:96,0
DA:97,0
DA:98,0
DA:100,0
DA:103,0
DA:105,0
DA:107,0
DA:108,0
DA:109,0
DA:110,0
DA:115,0
DA:116,0
DA:119,0
DA:122,0
DA:124,0
DA:126,0
DA:140,0
DA:152,0
DA:153,0
DA:154,0
DA:155,0
DA:157,0
DA:158,0
DA:159,0
DA:160,0
DA:163,0
DA:164,0
DA:165,0
DA:166,0
DA:168,0
DA:179,0
DA:187,1
DA:188,0
DA:189,0
DA:190,0
DA:192,0
DA:193,0
DA:195,0
DA:196,0
DA:197,0
DA:199,0
DA:200,0
DA:201,0
DA:202,0
DA:203,0
DA:206,0
DA:207,0
DA:208,0
DA:209,0
DA:210,0
DA:211,0
DA:212,0
DA:216,0
DA:229,0
DA:235,0
LF:93
LH:10
BRDA:32,0,0,0
BRDA:32,0,1,0
BRDA:52,1,0,0
BRDA:52,1,1,0
BRDA:66,2,0,0
BRDA:66,2,1,0
BRDA:80,3,0,0
BRDA:80,3,1,0
BRDA:98,4,0,0
BRDA:98,4,1,0
BRDA:108,5,0,0
BRDA:108,5,1,0
BRDA:109,6,0,0
BRDA:109,6,1,0
BRDA:116,7,0,0
BRDA:116,7,1,0
BRDA:119,8,0,0
BRDA:119,8,1,0
BRDA:133,9,0,0
BRDA:133,9,1,0
BRDA:134,10,0,0
BRDA:134,10,1,0
BRDA:135,11,0,0
BRDA:135,11,1,0
BRDA:147,12,0,0
BRDA:147,12,1,0
BRDA:147,13,0,0
BRDA:147,13,1,0
BRDA:154,14,0,0
BRDA:154,14,1,0
BRDA:201,15,0,0
BRDA:201,15,1,0
BRDA:202,16,0,0
BRDA:202,16,1,0
BRDA:206,17,0,0
BRDA:206,17,1,0
BRDA:210,18,0,0
BRDA:210,18,1,0
BRDA:225,19,0,0
BRDA:225,19,1,0
BRF:40
BRH:0
end_of_record
TN:
SF:controllers\classroom.controller.js
FN:3,(anonymous_0)
FN:21,(anonymous_1)
FN:31,(anonymous_2)
FN:40,(anonymous_3)
FN:50,(anonymous_4)
FNF:5
FNH:1
FNDA:1,(anonymous_0)
FNDA:0,(anonymous_1)
FNDA:0,(anonymous_2)
FNDA:0,(anonymous_3)
FNDA:0,(anonymous_4)
DA:1,1
DA:3,1
DA:4,1
DA:5,1
DA:6,1
DA:7,1
DA:8,1
DA:10,1
DA:11,1
DA:15,1
DA:17,0
DA:21,1
DA:22,0
DA:23,0
DA:24,0
DA:25,0
DA:27,0
DA:31,1
DA:32,0
DA:33,0
DA:34,0
DA:36,0
DA:40,1
DA:41,0
DA:42,0
DA:43,0
DA:44,0
DA:46,0
DA:50,1
DA:51,0
DA:52,0
DA:53,0
DA:54,0
DA:56,0
LF:34
LH:14
BRDA:5,0,0,1
BRDA:5,1,0,1
BRDA:7,2,0,0
BRDA:7,2,1,1
BRDA:8,3,0,0
BRDA:8,3,1,1
BRDA:24,4,0,0
BRDA:24,4,1,0
BRDA:43,5,0,0
BRDA:43,5,1,0
BRDA:53,6,0,0
BRDA:53,6,1,0
BRF:12
BRH:4
end_of_record
TN:
SF:controllers\course.controller.js
FN:4,(anonymous_0)
FN:41,(anonymous_1)
FN:51,(anonymous_2)
FN:62,(anonymous_3)
FN:74,(anonymous_4)
FNF:5
FNH:5
FNDA:5,(anonymous_0)
FNDA:4,(anonymous_1)
FNDA:2,(anonymous_2)
FNDA:3,(anonymous_3)
FNDA:3,(anonymous_4)
DA:1,2
DA:2,2
DA:4,2
DA:5,5
DA:6,5
DA:7,5
DA:8,5
DA:9,5
DA:10,5
DA:11,5
DA:12,5
DA:13,5
DA:15,5
DA:16,5
DA:25,4
DA:26,4
DA:37,1
DA:41,2
DA:42,4
DA:43,4
DA:44,4
DA:45,2
DA:47,0
DA:51,2
DA:52,2
DA:53,2
DA:54,2
DA:55,2
DA:56,2
DA:58,0
DA:62,2
DA:63,3
DA:64,3
DA:65,3
DA:66,3
DA:67,3
DA:68,2
DA:70,0
DA:74,2
DA:75,3
DA:76,3
DA:77,3
DA:78,2
DA:80,0
LF:44
LH:40
BRDA:7,0,0,5
BRDA:7,0,1,4
BRDA:8,1,0,5
BRDA:8,1,1,4
BRDA:10,2,0,1
BRDA:10,2,1,4
BRDA:11,3,0,1
BRDA:11,3,1,4
BRDA:12,4,0,0
BRDA:12,4,1,5
BRDA:13,5,0,0
BRDA:13,5,1,5
BRDA:44,6,0,2
BRDA:44,6,1,2
BRDA:54,7,0,0
BRDA:54,7,1,2
BRDA:65,8,0,0
BRDA:65,8,1,3
BRDA:67,9,0,1
BRDA:67,9,1,2
BRDA:77,10,0,1
BRDA:77,10,1,2
BRF:22
BRH:18
end_of_record
TN:
SF:controllers\dashboard.controller.js
FN:8,(anonymous_0)
FNF:1
FNH:1
FNDA:3,(anonymous_0)
DA:1,2
DA:2,2
DA:3,2
DA:4,2
DA:5,2
DA:6,2
DA:8,2
DA:9,3
DA:24,3
DA:41,2
DA:42,2
DA:43,2
DA:46,2
DA:47,2
DA:48,2
DA:49,2
DA:55,2
DA:56,2
DA:57,2
DA:58,2
DA:60,2
DA:61,2
DA:63,2
DA:64,2
DA:65,2
DA:67,2
DA:68,2
DA:71,2
DA:88,1
LF:29
LH:29
BRDA:57,0,0,2
BRDA:57,0,1,0
BRDA:60,1,0,2
BRDA:60,1,1,0
BRDA:64,2,0,2
BRDA:64,2,1,0
BRDA:67,3,0,2
BRDA:67,3,1,0
BRF:8
BRH:4
end_of_record
TN:
SF:controllers\enrollment.controller.js
FN:7,(anonymous_0)
FN:23,(anonymous_1)
FN:32,(anonymous_2)
FN:48,(anonymous_3)
FN:66,(anonymous_4)
FN:105,(anonymous_5)
FN:115,(anonymous_6)
FNF:7
FNH:0
FNDA:0,(anonymous_0)
FNDA:0,(anonymous_1)
FNDA:0,(anonymous_2)
FNDA:0,(anonymous_3)
FNDA:0,(anonymous_4)
FNDA:0,(anonymous_5)
FNDA:0,(anonymous_6)
DA:1,1
DA:2,1
DA:3,1
DA:4,1
DA:7,1
DA:8,0
DA:9,0
DA:10,0
DA:11,0
DA:14,0
DA:15,0
DA:16,0
DA:20,0
DA:21,0
DA:22,0
DA:23,0
DA:24,0
DA:25,0
DA:27,0
DA:28,0
DA:32,0
DA:33,0
DA:34,0
DA:35,0
DA:36,0
DA:37,0
DA:38,0
DA:39,0
DA:45,0
DA:48,1
DA:49,0
DA:50,0
DA:51,0
DA:52,0
DA:60,0
DA:62,0
DA:66,1
DA:67,0
DA:68,0
DA:70,0
DA:71,0
DA:73,0
DA:74,0
DA:78,0
DA:80,0
DA:90,0
DA:94,0
DA:101,0
DA:105,1
DA:106,0
DA:107,0
DA:108,0
DA:109,0
DA:111,0
DA:115,1
DA:116,0
DA:117,0
DA:118,0
DA:119,0
DA:121,0
LF:60
LH:9
BRDA:10,0,0,0
BRDA:10,0,1,0
BRDA:15,1,0,0
BRDA:15,1,1,0
BRDA:21,2,0,0
BRDA:21,2,1,0
BRDA:22,3,0,0
BRDA:22,3,1,0
BRDA:24,4,0,0
BRDA:24,4,1,0
BRDA:27,5,0,0
BRDA:27,5,1,0
BRDA:32,6,0,0
BRDA:32,6,1,0
BRDA:34,7,0,0
BRDA:34,7,1,0
BRDA:34,8,0,0
BRDA:34,8,1,0
BRDA:36,9,0,0
BRDA:36,9,1,0
BRDA:37,10,0,0
BRDA:37,10,1,0
BRDA:38,11,0,0
BRDA:38,11,1,0
BRDA:50,12,0,0
BRDA:50,13,0,0
BRDA:70,14,0,0
BRDA:70,14,1,0
BRDA:70,15,0,0
BRDA:70,15,1,0
BRDA:70,15,2,0
BRDA:73,16,0,0
BRDA:73,16,1,0
BRDA:84,17,0,0
BRDA:84,17,1,0
BRDA:85,18,0,0
BRDA:85,18,1,0
BRDA:95,19,0,0
BRDA:95,19,1,0
BRDA:118,20,0,0
BRDA:118,20,1,0
BRF:41
BRH:0
end_of_record
TN:
SF:controllers\generation.controller.js
FN:15,(anonymous_0)
FN:69,(anonymous_1)
FN:69,(anonymous_2)
FN:90,(anonymous_3)
FN:211,(anonymous_4)
FN:228,(anonymous_5)
FN:245,(anonymous_6)
FN:305,(anonymous_7)
FN:330,(anonymous_8)
FN:369,(anonymous_9)
FN:370,(anonymous_10)
FN:371,(anonymous_11)
FN:377,(anonymous_12)
FN:378,(anonymous_13)
FN:379,(anonymous_14)
FNF:15
FNH:0
FNDA:0,(anonymous_0)
FNDA:0,(anonymous_1)
FNDA:0,(anonymous_2)
FNDA:0,(anonymous_3)
FNDA:0,(anonymous_4)
FNDA:0,(anonymous_5)
FNDA:0,(anonymous_6)
FNDA:0,(anonymous_7)
FNDA:0,(anonymous_8)
FNDA:0,(anonymous_9)
FNDA:0,(anonymous_10)
FNDA:0,(anonymous_11)
FNDA:0,(anonymous_12)
FNDA:0,(anonymous_13)
FNDA:0,(anonymous_14)
DA:1,1
DA:2,1
DA:3,1
DA:4,1
DA:5,1
DA:6,1
DA:7,1
DA:8,1
DA:9,1
DA:15,1
DA:16,0
DA:17,0
DA:20,0
DA:29,0
DA:30,0
DA:31,0
DA:32,0
DA:35,0
DA:38,0
DA:39,0
DA:40,0
DA:46,0
DA:47,0
DA:48,0
DA:49,0
DA:50,0
DA:53,0
DA:54,0
DA:55,0
DA:56,0
DA:57,0
DA:60,0
DA:61,0
DA:62,0
DA:63,0
DA:64,0
DA:68,0
DA:69,0
DA:70,0
DA:71,0
DA:75,0
DA:76,0
DA:78,0
DA:79,0
DA:80,0
DA:81,0
DA:82,0
DA:83,0
DA:85,0
DA:90,0
DA:96,0
DA:99,0
DA:100,0
DA:101,0
DA:104,0
DA:105,0
DA:106,0
DA:107,0
DA:110,0
DA:112,0
DA:120,0
DA:121,0
DA:122,0
DA:123,0
DA:130,0
DA:141,0
DA:142,0
DA:143,0
DA:144,0
DA:145,0
DA:146,0
DA:147,0
DA:148,0
DA:149,0
DA:150,0
DA:151,0
DA:152,0
DA:153,0
DA:154,0
DA:157,0
DA:158,0
DA:167,0
DA:172,0
DA:182,0
DA:183,0
DA:184,0
DA:185,0
DA:186,0
DA:189,0
DA:190,0
DA:199,0
DA:207,0
DA:211,1
DA:212,0
DA:213,0
DA:214,0
DA:215,0
DA:222,0
DA:224,0
DA:228,1
DA:229,0
DA:230,0
DA:233,0
DA:234,0
DA:236,0
DA:245,1
DA:246,0
DA:247,0
DA:248,0
DA:249,0
DA:250,0
DA:252,0
DA:253,0
DA:257,0
DA:258,0
DA:259,0
DA:263,0
DA:282,0
DA:289,0
DA:290,0
DA:292,0
DA:297,0
DA:305,1
DA:306,0
DA:307,0
DA:308,0
DA:311,0
DA:312,0
DA:314,0
DA:315,0
DA:318,0
DA:320,0
DA:322,0
DA:330,1
DA:331,0
DA:332,0
DA:334,0
DA:336,0
DA:337,0
DA:338,0
DA:339,0
DA:342,0
DA:343,0
DA:344,0
DA:350,0
DA:351,0
DA:353,0
DA:354,0
DA:356,0
DA:357,0
DA:360,0
DA:362,0
DA:363,0
DA:364,0
DA:365,0
DA:367,0
DA:369,0
DA:370,0
DA:371,0
DA:372,0
DA:377,0
DA:378,0
DA:379,0
DA:381,0
DA:382,0
DA:383,0
DA:384,0
DA:385,0
DA:386,0
DA:387,0
DA:395,0
DA:406,0
DA:414,0
DA:415,0
LF:174
LH:15
BRDA:21,0,0,0
BRDA:21,0,1,0
BRDA:38,1,0,0
BRDA:38,1,1,0
BRDA:38,2,0,0
BRDA:38,2,1,0
BRDA:39,3,0,0
BRDA:39,3,1,0
BRDA:39,4,0,0
BRDA:39,4,1,0
BRDA:46,5,0,0
BRDA:46,5,1,0
BRDA:53,6,0,0
BRDA:53,6,1,0
BRDA:60,7,0,0
BRDA:60,7,1,0
BRDA:69,8,0,0
BRDA:69,8,1,0
BRDA:70,9,0,0
BRDA:70,9,1,0
BRDA:80,10,0,0
BRDA:80,10,1,0
BRDA:82,11,0,0
BRDA:82,11,1,0
BRDA:82,12,0,0
BRDA:82,12,1,0
BRDA:96,13,0,0
BRDA:96,13,1,0
BRDA:104,14,0,0
BRDA:104,14,1,0
BRDA:106,15,0,0
BRDA:106,15,1,0
BRDA:110,16,0,0
BRDA:110,16,1,0
BRDA:121,17,0,0
BRDA:121,17,1,0
BRDA:137,18,0,0
BRDA:137,18,1,0
BRDA:145,19,0,0
BRDA:145,19,1,0
BRDA:146,20,0,0
BRDA:146,20,1,0
BRDA:147,21,0,0
BRDA:147,21,1,0
BRDA:148,22,0,0
BRDA:148,22,1,0
BRDA:149,23,0,0
BRDA:149,23,1,0
BRDA:150,24,0,0
BRDA:150,24,1,0
BRDA:152,25,0,0
BRDA:152,25,1,0
BRDA:153,26,0,0
BRDA:153,26,1,0
BRDA:157,27,0,0
BRDA:157,27,1,0
BRDA:178,28,0,0
BRDA:178,28,1,0
BRDA:179,29,0,0
BRDA:179,29,1,0
BRDA:185,30,0,0
BRDA:185,30,1,0
BRDA:189,31,0,0
BRDA:189,31,1,0
BRDA:213,32,0,0
BRDA:213,33,0,0
BRDA:233,34,0,0
BRDA:233,34,1,0
BRDA:248,35,0,0
BRDA:248,35,1,0
BRDA:249,36,0,0
BRDA:249,36,1,0
BRDA:252,37,0,0
BRDA:252,37,1,0
BRDA:258,38,0,0
BRDA:258,38,1,0
BRDA:275,39,0,0
BRDA:275,39,1,0
BRDA:276,40,0,0
BRDA:276,40,1,0
BRDA:277,41,0,0
BRDA:277,41,1,0
BRDA:308,42,0,0
BRDA:308,42,1,0
BRDA:311,43,0,0
BRDA:311,43,1,0
BRDA:314,44,0,0
BRDA:314,44,1,0
BRDA:315,45,0,0
BRDA:315,45,1,0
BRDA:332,46,0,0
BRDA:342,47,0,0
BRDA:342,47,1,0
BRDA:342,48,0,0
BRDA:342,48,1,0
BRDA:343,49,0,0
BRDA:343,49,1,0
BRDA:343,50,0,0
BRDA:343,50,1,0
BRDA:350,51,0,0
BRDA:350,51,1,0
BRDA:353,52,0,0
BRDA:353,52,1,0
BRDA:356,53,0,0
BRDA:356,53,1,0
BRDA:367,54,0,0
BRDA:367,54,1,0
BRDA:383,55,0,0
BRDA:383,55,1,0
BRDA:388,56,0,0
BRDA:388,56,1,0
BRDA:388,57,0,0
BRDA:388,57,1,0
BRDA:389,58,0,0
BRDA:389,58,1,0
BRDA:390,59,0,0
BRDA:390,59,1,0
BRDA:402,60,0,0
BRDA:402,60,1,0
BRF:119
BRH:0
end_of_record
TN:
SF:controllers\notification.controller.js
FN:4,(anonymous_0)
FN:29,(anonymous_1)
FN:48,(anonymous_2)
FN:61,(anonymous_3)
FN:79,(anonymous_4)
FNF:5
FNH:0
FNDA:0,(anonymous_0)
FNDA:0,(anonymous_1)
FNDA:0,(anonymous_2)
FNDA:0,(anonymous_3)
FNDA:0,(anonymous_4)
DA:1,1
DA:4,1
DA:5,0
DA:6,0
DA:7,0
DA:9,0
DA:10,0
DA:12,0
DA:16,0
DA:18,0
DA:24,0
DA:29,1
DA:30,0
DA:31,0
DA:37,0
DA:38,0
DA:41,0
DA:43,0
DA:48,1
DA:49,0
DA:50,0
DA:54,0
DA:56,0
DA:61,1
DA:62,0
DA:63,0
DA:67,0
DA:68,0
DA:70,0
DA:72,0
DA:79,1
DA:80,0
DA:81,0
DA:90,0
DA:92,0
LF:35
LH:6
BRDA:9,0,0,0
BRDA:9,0,1,0
BRDA:9,1,0,0
BRDA:9,1,1,0
BRDA:10,2,0,0
BRDA:10,2,1,0
BRDA:37,3,0,0
BRDA:37,3,1,0
BRDA:67,4,0,0
BRDA:67,4,1,0
BRDA:85,5,0,0
BRDA:85,5,1,0
BRDA:86,6,0,0
BRDA:86,6,1,0
BRF:14
BRH:0
end_of_record
TN:
SF:controllers\policy.controller.js
FN:4,(anonymous_0)
FN:18,(anonymous_1)
FN:28,(anonymous_2)
FN:42,(anonymous_3)
FN:64,(anonymous_4)
FNF:5
FNH:0
FNDA:0,(anonymous_0)
FNDA:0,(anonymous_1)
FNDA:0,(anonymous_2)
FNDA:0,(anonymous_3)
FNDA:0,(anonymous_4)
DA:1,1
DA:4,1
DA:5,0
DA:6,0
DA:7,0
DA:9,0
DA:11,0
DA:13,0
DA:18,1
DA:19,0
DA:20,0
DA:21,0
DA:23,0
DA:28,1
DA:29,0
DA:31,0
DA:32,0
DA:34,0
DA:35,0
DA:37,0
DA:42,1
DA:43,0
DA:45,0
DA:46,0
DA:51,0
DA:56,0
DA:57,0
DA:59,0
DA:64,1
DA:65,0
DA:66,0
DA:67,0
DA:68,0
DA:70,0
LF:34
LH:6
BRDA:7,0,0,0
BRDA:7,0,1,0
BRDA:31,1,0,0
BRDA:31,1,1,0
BRDA:45,2,0,0
BRDA:45,2,1,0
BRDA:56,3,0,0
BRDA:56,3,1,0
BRDA:67,4,0,0
BRDA:67,4,1,0
BRF:10
BRH:0
end_of_record
TN:
SF:controllers\preference.controller.js
FN:6,(anonymous_0)
FN:37,(anonymous_1)
FN:72,(anonymous_2)
FN:82,(anonymous_3)
FN:83,(anonymous_4)
FN:106,(anonymous_5)
FN:143,(anonymous_6)
FN:163,(anonymous_7)
FN:169,(anonymous_8)
FN:178,(anonymous_9)
FN:179,(anonymous_10)
FN:180,(anonymous_11)
FN:181,(anonymous_12)
FN:185,(anonymous_13)
FN:186,(anonymous_14)
FN:187,(anonymous_15)
FN:197,(anonymous_16)
FN:199,(anonymous_17)
FN:218,(anonymous_18)
FN:228,(anonymous_19)
FN:245,(anonymous_20)
FN:272,(anonymous_21)
FN:273,(anonymous_22)
FN:282,(anonymous_23)
FN:285,(anonymous_24)
FN:287,(anonymous_25)
FN:288,(anonymous_26)
FN:305,(anonymous_27)
FN:306,(anonymous_28)
FN:307,(anonymous_29)
FN:308,(anonymous_30)
FNF:31
FNH:0
FNDA:0,(anonymous_0)
FNDA:0,(anonymous_1)
FNDA:0,(anonymous_2)
FNDA:0,(anonymous_3)
FNDA:0,(anonymous_4)
FNDA:0,(anonymous_5)
FNDA:0,(anonymous_6)
FNDA:0,(anonymous_7)
FNDA:0,(anonymous_8)
FNDA:0,(anonymous_9)
FNDA:0,(anonymous_10)
FNDA:0,(anonymous_11)
FNDA:0,(anonymous_12)
FNDA:0,(anonymous_13)
FNDA:0,(anonymous_14)
FNDA:0,(anonymous_15)
FNDA:0,(anonymous_16)
FNDA:0,(anonymous_17)
FNDA:0,(anonymous_18)
FNDA:0,(anonymous_19)
FNDA:0,(anonymous_20)
FNDA:0,(anonymous_21)
FNDA:0,(anonymous_22)
FNDA:0,(anonymous_23)
FNDA:0,(anonymous_24)
FNDA:0,(anonymous_25)
FNDA:0,(anonymous_26)
FNDA:0,(anonymous_27)
FNDA:0,(anonymous_28)
FNDA:0,(anonymous_29)
FNDA:0,(anonymous_30)
DA:1,1
DA:2,1
DA:3,1
DA:6,1
DA:7,0
DA:8,0
DA:10,0
DA:12,0
DA:30,0
DA:32,0
DA:37,1
DA:38,0
DA:46,0
DA:48,0
DA:50,0
DA:51,0
DA:57,0
DA:58,0
DA:59,0
DA:60,0
DA:61,0
DA:62,0
DA:64,0
DA:65,0
DA:67,0
DA:72,1
DA:73,0
DA:74,0
DA:78,0
DA:82,0
DA:83,0
DA:84,0
DA:86,0
DA:97,0
DA:99,0
DA:106,1
DA:107,0
DA:108,0
DA:109,0
DA:118,0
DA:121,0
DA:122,0
DA:124,0
DA:125,0
DA:126,0
DA:133,0
DA:134,0
DA:135,0
DA:136,0
DA:137,0
DA:139,0
DA:142,0
DA:143,0
DA:144,0
DA:146,0
DA:163,0
DA:169,0
DA:174,0
DA:177,0
DA:178,0
DA:179,0
DA:180,0
DA:181,0
DA:184,0
DA:185,0
DA:186,0
DA:187,0
DA:191,0
DA:192,0
DA:193,0
DA:194,0
DA:195,0
DA:196,0
DA:197,0
DA:198,0
DA:199,0
DA:200,0
DA:201,0
DA:202,0
DA:203,0
DA:204,0
DA:209,0
DA:218,0
DA:223,0
DA:228,1
DA:229,0
DA:230,0
DA:231,0
DA:235,0
DA:236,0
DA:238,0
DA:239,0
DA:241,0
DA:242,0
DA:243,0
DA:244,0
DA:245,0
DA:246,0
DA:247,0
DA:248,0
DA:252,0
DA:255,0
DA:256,0
DA:257,0
DA:258,0
DA:259,0
DA:265,0
DA:266,0
DA:267,0
DA:268,0
DA:269,0
DA:272,0
DA:273,0
DA:282,0
DA:285,0
DA:287,0
DA:288,0
DA:290,0
DA:304,0
DA:305,0
DA:306,0
DA:307,0
DA:308,0
DA:311,0
DA:324,0
LF:125
LH:8
BRDA:10,0,0,0
BRDA:10,0,1,0
BRDA:50,1,0,0
BRDA:50,1,1,0
BRDA:57,2,0,0
BRDA:57,2,1,0
BRDA:58,3,0,0
BRDA:58,3,1,0
BRDA:59,4,0,0
BRDA:59,4,1,0
BRDA:60,5,0,0
BRDA:60,5,1,0
BRDA:61,6,0,0
BRDA:61,6,1,0
BRDA:62,7,0,0
BRDA:62,7,1,0
BRDA:93,8,0,0
BRDA:93,8,1,0
BRDA:125,9,0,0
BRDA:125,9,1,0
BRDA:126,10,0,0
BRDA:126,10,1,0
BRDA:133,11,0,0
BRDA:133,11,1,0
BRDA:134,12,0,0
BRDA:134,12,1,0
BRDA:135,13,0,0
BRDA:135,13,1,0
BRDA:136,14,0,0
BRDA:136,14,1,0
BRDA:137,15,0,0
BRDA:137,15,1,0
BRDA:137,15,2,0
BRDA:137,15,3,0
BRDA:139,16,0,0
BRDA:139,16,1,0
BRDA:142,17,0,0
BRDA:142,17,1,0
BRDA:144,18,0,0
BRDA:144,18,1,0
BRDA:160,19,0,0
BRDA:160,19,1,0
BRDA:169,20,0,0
BRDA:169,20,1,0
BRDA:181,21,0,0
BRDA:181,21,1,0
BRDA:185,22,0,0
BRDA:185,22,1,0
BRDA:186,23,0,0
BRDA:186,23,1,0
BRDA:198,24,0,0
BRDA:198,24,1,0
BRDA:198,25,0,0
BRDA:198,25,1,0
BRDA:200,26,0,0
BRDA:200,26,1,0
BRDA:202,27,0,0
BRDA:202,27,1,0
BRDA:203,28,0,0
BRDA:203,28,1,0
BRDA:203,29,0,0
BRDA:203,29,1,0
BRDA:217,30,0,0
BRDA:217,30,1,0
BRDA:218,31,0,0
BRDA:218,31,1,0
BRDA:252,32,0,0
BRDA:252,32,1,0
BRDA:258,33,0,0
BRDA:258,33,1,0
BRDA:278,34,0,0
BRDA:278,34,1,0
BRDA:292,35,0,0
BRDA:292,35,1,0
BRDA:293,36,0,0
BRDA:293,36,1,0
BRDA:294,37,0,0
BRDA:294,37,1,0
BRDA:295,38,0,0
BRDA:295,38,1,0
BRDA:308,39,0,0
BRDA:308,39,1,0
BRF:82
BRH:0
end_of_record
TN:
SF:controllers\profile.controller.js
FN:4,(anonymous_0)
FN:15,(anonymous_1)
FN:39,(anonymous_2)
FNF:3
FNH:0
FNDA:0,(anonymous_0)
FNDA:0,(anonymous_1)
FNDA:0,(anonymous_2)
DA:1,1
DA:4,1
DA:5,0
DA:6,0
DA:7,0
DA:8,0
DA:10,0
DA:15,1
DA:16,0
DA:17,0
DA:19,0
DA:20,0
DA:21,0
DA:22,0
DA:23,0
DA:24,0
DA:26,0
DA:32,0
DA:34,0
DA:39,1
DA:40,0
DA:41,0
DA:43,0
DA:44,0
DA:47,0
DA:48,0
DA:51,0
DA:52,0
DA:54,0
DA:55,0
DA:58,0
DA:59,0
DA:61,0
DA:63,0
LF:34
LH:4
BRDA:7,0,0,0
BRDA:7,0,1,0
BRDA:20,1,0,0
BRDA:20,1,1,0
BRDA:21,2,0,0
BRDA:21,2,1,0
BRDA:22,3,0,0
BRDA:22,3,1,0
BRDA:23,4,0,0
BRDA:23,4,1,0
BRDA:24,5,0,0
BRDA:24,5,1,0
BRDA:43,6,0,0
BRDA:43,6,1,0
BRDA:43,7,0,0
BRDA:43,7,1,0
BRDA:47,8,0,0
BRDA:47,8,1,0
BRDA:54,9,0,0
BRDA:54,9,1,0
BRF:20
BRH:0
end_of_record
TN:
SF:controllers\projection.controller.js
FN:11,(anonymous_0)
FN:16,(anonymous_1)
FN:17,(anonymous_2)
FN:26,(anonymous_3)
FN:45,(anonymous_4)
FN:63,(anonymous_5)
FN:64,(anonymous_6)
FN:65,(anonymous_7)
FN:74,(anonymous_8)
FN:78,(anonymous_9)
FN:137,(anonymous_10)
FN:146,(anonymous_11)
FN:173,(anonymous_12)
FN:174,(anonymous_13)
FN:175,(anonymous_14)
FN:176,(anonymous_15)
FN:194,(anonymous_16)
FN:195,(anonymous_17)
FN:196,(anonymous_18)
FN:197,(anonymous_19)
FN:198,(anonymous_20)
FN:211,(anonymous_21)
FN:222,(anonymous_22)
FN:223,(anonymous_23)
FN:224,(anonymous_24)
FN:238,(anonymous_25)
FN:245,(anonymous_26)
FN:248,(anonymous_27)
FN:257,(anonymous_28)
FN:261,(anonymous_29)
FN:268,(anonymous_30)
FN:294,(anonymous_31)
FNF:32
FNH:0
FNDA:0,(anonymous_0)
FNDA:0,(anonymous_1)
FNDA:0,(anonymous_2)
FNDA:0,(anonymous_3)
FNDA:0,(anonymous_4)
FNDA:0,(anonymous_5)
FNDA:0,(anonymous_6)
FNDA:0,(anonymous_7)
FNDA:0,(anonymous_8)
FNDA:0,(anonymous_9)
FNDA:0,(anonymous_10)
FNDA:0,(anonymous_11)
FNDA:0,(anonymous_12)
FNDA:0,(anonymous_13)
FNDA:0,(anonymous_14)
FNDA:0,(anonymous_15)
FNDA:0,(anonymous_16)
FNDA:0,(anonymous_17)
FNDA:0,(anonymous_18)
FNDA:0,(anonymous_19)
FNDA:0,(anonymous_20)
FNDA:0,(anonymous_21)
FNDA:0,(anonymous_22)
FNDA:0,(anonymous_23)
FNDA:0,(anonymous_24)
FNDA:0,(anonymous_25)
FNDA:0,(anonymous_26)
FNDA:0,(anonymous_27)
FNDA:0,(anonymous_28)
FNDA:0,(anonymous_29)
FNDA:0,(anonymous_30)
FNDA:0,(anonymous_31)
DA:1,1
DA:2,1
DA:3,1
DA:4,1
DA:5,1
DA:6,1
DA:11,1
DA:12,0
DA:13,0
DA:14,0
DA:16,0
DA:17,0
DA:20,0
DA:26,1
DA:27,0
DA:28,0
DA:29,0
DA:30,0
DA:31,0
DA:33,0
DA:45,1
DA:46,0
DA:47,0
DA:48,0
DA:50,0
DA:51,0
DA:53,0
DA:57,0
DA:58,0
DA:59,0
DA:61,0
DA:62,0
DA:63,0
DA:64,0
DA:65,0
DA:68,0
DA:70,0
DA:71,0
DA:73,0
DA:74,0
DA:75,0
DA:77,0
DA:78,0
DA:79,0
DA:81,0
DA:83,0
DA:84,0
DA:85,0
DA:87,0
DA:89,0
DA:90,0
DA:91,0
DA:94,0
DA:95,0
DA:96,0
DA:97,0
DA:98,0
DA:99,0
DA:100,0
DA:101,0
DA:106,0
DA:108,0
DA:110,0
DA:111,0
DA:112,0
DA:113,0
DA:114,0
DA:115,0
DA:116,0
DA:119,0
DA:123,0
DA:124,0
DA:125,0
DA:128,0
DA:130,0
DA:131,0
DA:135,0
DA:137,0
DA:138,0
DA:139,0
DA:140,0
DA:141,0
DA:142,0
DA:143,0
DA:145,0
DA:146,0
DA:147,0
DA:148,0
DA:149,0
DA:151,0
DA:173,0
DA:174,0
DA:175,0
DA:176,0
DA:178,0
DA:194,0
DA:195,0
DA:196,0
DA:197,0
DA:198,0
DA:200,0
DA:211,0
DA:222,0
DA:223,0
DA:224,0
DA:230,0
DA:238,1
DA:239,0
DA:240,0
DA:241,0
DA:242,0
DA:243,0
DA:245,0
DA:246,0
DA:248,0
DA:249,0
DA:251,0
DA:253,0
DA:254,0
DA:255,0
DA:257,0
DA:258,0
DA:260,0
DA:261,0
DA:262,0
DA:266,0
DA:267,0
DA:268,0
DA:272,0
DA:273,0
DA:274,0
DA:275,0
DA:276,0
DA:281,0
DA:282,0
DA:283,0
DA:284,0
DA:285,0
DA:286,0
DA:287,0
DA:289,0
DA:291,0
DA:293,0
DA:294,0
DA:295,0
DA:299,0
DA:300,0
DA:302,0
DA:303,0
DA:304,0
DA:305,0
DA:309,0
DA:320,0
DA:327,0
LF:154
LH:10
BRDA:15,0,0,0
BRDA:15,0,1,0
BRDA:16,1,0,0
BRDA:16,1,1,0
BRDA:29,2,0,0
BRDA:29,2,1,0
BRDA:30,3,0,0
BRDA:30,3,1,0
BRDA:48,4,0,0
BRDA:48,5,0,0
BRDA:51,6,0,0
BRDA:51,6,1,0
BRDA:79,7,0,0
BRDA:79,7,1,0
BRDA:81,8,0,0
BRDA:81,8,1,0
BRDA:87,9,0,0
BRDA:87,9,1,0
BRDA:97,10,0,0
BRDA:97,10,1,0
BRDA:97,11,0,0
BRDA:97,11,1,0
BRDA:99,12,0,0
BRDA:99,12,1,0
BRDA:101,13,0,0
BRDA:101,13,1,0
BRDA:108,14,0,0
BRDA:108,14,1,0
BRDA:108,15,0,0
BRDA:108,15,1,0
BRDA:111,16,0,0
BRDA:111,16,1,0
BRDA:114,17,0,0
BRDA:114,17,1,0
BRDA:119,18,0,0
BRDA:119,18,1,0
BRDA:123,19,0,0
BRDA:123,19,1,0
BRDA:128,20,0,0
BRDA:128,20,1,0
BRDA:129,21,0,0
BRDA:129,21,1,0
BRDA:138,22,0,0
BRDA:138,22,1,0
BRDA:140,23,0,0
BRDA:140,23,1,0
BRDA:141,24,0,0
BRDA:141,24,1,0
BRDA:142,25,0,0
BRDA:142,25,1,0
BRDA:145,26,0,0
BRDA:145,26,1,0
BRDA:148,27,0,0
BRDA:148,27,1,0
BRDA:158,28,0,0
BRDA:158,28,1,0
BRDA:159,29,0,0
BRDA:159,29,1,0
BRDA:224,30,0,0
BRDA:224,30,1,0
BRDA:262,31,0,0
BRDA:262,31,1,0
BRDA:266,32,0,0
BRDA:266,32,1,0
BRDA:274,33,0,0
BRDA:274,33,1,0
BRDA:274,34,0,0
BRDA:274,34,1,0
BRDA:276,35,0,0
BRDA:276,35,1,0
BRDA:281,36,0,0
BRDA:281,36,1,0
BRDA:281,37,0,0
BRDA:281,37,1,0
BRDA:284,38,0,0
BRDA:284,38,1,0
BRDA:287,39,0,0
BRDA:287,39,1,0
BRDA:289,40,0,0
BRDA:289,40,1,0
BRDA:293,41,0,0
BRDA:293,41,1,0
BRDA:303,42,0,0
BRDA:303,42,1,0
BRDA:305,43,0,0
BRDA:305,43,1,0
BRDA:305,44,0,0
BRDA:305,44,1,0
BRF:88
BRH:0
end_of_record
TN:
SF:controllers\report.controller.js
FN:10,(anonymous_0)
FN:101,(anonymous_1)
FN:122,(anonymous_2)
FN:142,(anonymous_3)
FN:165,(anonymous_4)
FN:166,(anonymous_5)
FN:186,esc
FNF:7
FNH:0
FNDA:0,(anonymous_0)
FNDA:0,(anonymous_1)
FNDA:0,(anonymous_2)
FNDA:0,(anonymous_3)
FNDA:0,(anonymous_4)
FNDA:0,(anonymous_5)
FNDA:0,esc
DA:1,1
DA:2,1
DA:3,1
DA:4,1
DA:5,1
DA:6,1
DA:7,1
DA:10,1
DA:11,0
DA:12,0
DA:13,0
DA:16,0
DA:22,0
DA:23,0
DA:24,0
DA:25,0
DA:26,0
DA:32,0
DA:33,0
DA:34,0
DA:35,0
DA:37,0
DA:38,0
DA:41,0
DA:42,0
DA:44,0
DA:45,0
DA:48,0
DA:49,0
DA:52,0
DA:58,0
DA:59,0
DA:65,0
DA:67,0
DA:92,0
DA:101,1
DA:102,0
DA:103,0
DA:104,0
DA:105,0
DA:107,0
DA:109,0
DA:110,0
DA:111,0
DA:114,0
DA:119,0
DA:120,0
DA:122,0
DA:123,0
DA:124,0
DA:125,0
DA:128,0
DA:129,0
DA:130,0
DA:131,0
DA:132,0
DA:134,0
DA:137,0
DA:138,0
DA:139,0
DA:140,0
DA:141,0
DA:142,0
DA:143,0
DA:145,0
DA:146,0
DA:149,0
DA:150,0
DA:151,0
DA:152,0
DA:153,0
DA:154,0
DA:156,0
DA:157,0
DA:160,0
DA:161,0
DA:162,0
DA:163,0
DA:164,0
DA:165,0
DA:166,0
DA:167,0
DA:169,0
DA:170,0
DA:173,0
DA:176,0
DA:177,0
DA:178,0
DA:179,0
DA:181,0
DA:187,0
DA:188,0
DA:189,0
DA:190,0
DA:192,0
LF:95
LH:9
BRDA:13,0,0,0
BRDA:13,0,1,0
BRDA:37,1,0,0
BRDA:37,1,1,0
BRDA:41,2,0,0
BRDA:41,2,1,0
BRDA:44,3,0,0
BRDA:44,3,1,0
BRDA:45,4,0,0
BRDA:45,4,1,0
BRDA:48,5,0,0
BRDA:48,5,1,0
BRDA:60,6,0,0
BRDA:60,6,1,0
BRDA:61,7,0,0
BRDA:61,7,1,0
BRDA:68,8,0,0
BRDA:68,8,1,0
BRDA:69,9,0,0
BRDA:69,9,1,0
BRDA:79,10,0,0
BRDA:79,10,1,0
BRDA:103,11,0,0
BRDA:107,12,0,0
BRDA:107,12,1,0
BRDA:107,13,0,0
BRDA:107,13,1,0
BRDA:110,14,0,0
BRDA:110,14,1,0
BRDA:124,15,0,0
BRDA:124,15,1,0
BRDA:132,16,0,0
BRDA:132,16,1,0
BRDA:132,17,0,0
BRDA:132,17,1,0
BRDA:132,18,0,0
BRDA:132,18,1,0
BRDA:132,19,0,0
BRDA:132,19,1,0
BRDA:132,20,0,0
BRDA:132,20,1,0
BRDA:132,21,0,0
BRDA:132,21,1,0
BRDA:134,22,0,0
BRDA:134,22,1,0
BRDA:137,23,0,0
BRDA:137,23,1,0
BRDA:137,24,0,0
BRDA:137,24,1,0
BRDA:142,25,0,0
BRDA:142,25,1,0
BRDA:143,26,0,0
BRDA:143,26,1,0
BRDA:143,27,0,0
BRDA:143,27,1,0
BRDA:143,28,0,0
BRDA:143,28,1,0
BRDA:145,29,0,0
BRDA:145,29,1,0
BRDA:149,30,0,0
BRDA:149,30,1,0
BRDA:149,31,0,0
BRDA:149,31,1,0
BRDA:154,32,0,0
BRDA:154,32,1,0
BRDA:154,33,0,0
BRDA:154,33,1,0
BRDA:154,34,0,0
BRDA:154,34,1,0
BRDA:156,35,0,0
BRDA:156,35,1,0
BRDA:160,36,0,0
BRDA:160,36,1,0
BRDA:160,37,0,0
BRDA:160,37,1,0
BRDA:165,38,0,0
BRDA:165,38,1,0
BRDA:166,39,0,0
BRDA:166,39,1,0
BRDA:166,40,0,0
BRDA:166,40,1,0
BRDA:167,41,0,0
BRDA:167,41,1,0
BRDA:167,42,0,0
BRDA:167,42,1,0
BRDA:169,43,0,0
BRDA:169,43,1,0
BRDA:173,44,0,0
BRDA:173,44,1,0
BRDA:187,45,0,0
BRDA:187,45,1,0
BRDA:189,46,0,0
BRDA:189,46,1,0
BRDA:189,47,0,0
BRDA:189,47,1,0
BRDA:189,47,2,0
BRF:96
BRH:0
end_of_record
TN:
SF:controllers\restriction.controller.js
FN:2,(anonymous_0)
FN:154,(anonymous_1)
FNF:2
FNH:0
FNDA:0,(anonymous_0)
FNDA:0,(anonymous_1)
DA:2,1
DA:3,0
DA:5,0
DA:152,0
DA:153,0
DA:154,0
DA:157,0
DA:159,0
LF:8
LH:1
BRDA:153,0,0,0
BRDA:153,0,1,0
BRF:2
BRH:0
end_of_record
TN:
SF:controllers\schedule.controller.js
FN:5,(anonymous_0)
FN:19,(anonymous_1)
FN:33,(anonymous_2)
FN:51,(anonymous_3)
FN:88,(anonymous_4)
FN:94,(anonymous_5)
FN:97,(anonymous_6)
FNF:7
FNH:0
FNDA:0,(anonymous_0)
FNDA:0,(anonymous_1)
FNDA:0,(anonymous_2)
FNDA:0,(anonymous_3)
FNDA:0,(anonymous_4)
FNDA:0,(anonymous_5)
FNDA:0,(anonymous_6)
DA:1,1
DA:2,1
DA:3,1
DA:5,1
DA:6,0
DA:7,0
DA:13,0
DA:15,0
DA:19,1
DA:20,0
DA:21,0
DA:26,0
DA:27,0
DA:29,0
DA:33,1
DA:34,0
DA:35,0
DA:39,0
DA:40,0
DA:42,0
DA:51,1
DA:52,0
DA:53,0
DA:56,0
DA:57,0
DA:58,0
DA:62,0
DA:65,0
DA:66,0
DA:74,0
DA:79,0
DA:80,0
DA:88,0
DA:89,0
DA:90,0
DA:94,0
DA:95,0
DA:97,0
DA:98,0
DA:100,0
DA:122,0
LF:41
LH:7
BRDA:26,0,0,0
BRDA:26,0,1,0
BRDA:39,1,0,0
BRDA:39,1,1,0
BRDA:57,2,0,0
BRDA:57,2,1,0
BRDA:65,3,0,0
BRDA:65,3,1,0
BRDA:65,4,0,0
BRDA:65,4,1,0
BRDA:79,5,0,0
BRDA:79,5,1,0
BRDA:89,6,0,0
BRDA:89,6,1,0
BRDA:116,7,0,0
BRDA:116,7,1,0
BRF:16
BRH:0
end_of_record
TN:
SF:controllers\simulation.controller.js
FN:7,(anonymous_0)
FN:29,(anonymous_1)
FN:48,(anonymous_2)
FN:80,(anonymous_3)
FN:101,(anonymous_4)
FN:118,(anonymous_5)
FN:137,(anonymous_6)
FN:155,(anonymous_7)
FN:163,(anonymous_8)
FN:171,(anonymous_9)
FN:172,(anonymous_10)
FN:173,(anonymous_11)
FN:174,(anonymous_12)
FN:175,(anonymous_13)
FN:176,(anonymous_14)
FN:185,buildScheduleByDay
FN:205,(anonymous_16)
FNF:17
FNH:0
FNDA:0,(anonymous_0)
FNDA:0,(anonymous_1)
FNDA:0,(anonymous_2)
FNDA:0,(anonymous_3)
FNDA:0,(anonymous_4)
FNDA:0,(anonymous_5)
FNDA:0,(anonymous_6)
FNDA:0,(anonymous_7)
FNDA:0,(anonymous_8)
FNDA:0,(anonymous_9)
FNDA:0,(anonymous_10)
FNDA:0,(anonymous_11)
FNDA:0,(anonymous_12)
FNDA:0,(anonymous_13)
FNDA:0,(anonymous_14)
FNDA:0,buildScheduleByDay
FNDA:0,(anonymous_16)
DA:1,1
DA:7,1
DA:8,0
DA:9,0
DA:10,0
DA:11,0
DA:12,0
DA:13,0
DA:15,0
DA:19,0
DA:21,0
DA:29,1
DA:30,0
DA:31,0
DA:36,0
DA:37,0
DA:39,0
DA:48,1
DA:49,0
DA:50,0
DA:51,0
DA:54,0
DA:55,0
DA:56,0
DA:59,0
DA:70,0
DA:72,0
DA:80,1
DA:81,0
DA:82,0
DA:84,0
DA:90,0
DA:91,0
DA:93,0
DA:101,1
DA:102,0
DA:103,0
DA:104,0
DA:106,0
DA:107,0
DA:108,0
DA:110,0
DA:118,1
DA:119,0
DA:120,0
DA:125,0
DA:126,0
DA:128,0
DA:137,1
DA:138,0
DA:139,0
DA:140,0
DA:141,0
DA:144,0
DA:150,0
DA:151,0
DA:155,0
DA:164,0
DA:170,0
DA:171,0
DA:172,0
DA:173,0
DA:174,0
DA:175,0
DA:176,0
DA:179,0
DA:181,0
DA:186,0
DA:187,0
DA:188,0
DA:190,0
DA:191,0
DA:192,0
DA:204,0
DA:205,0
DA:208,0
LF:76
LH:8
BRDA:11,0,0,0
BRDA:11,0,1,0
BRDA:12,1,0,0
BRDA:12,1,1,0
BRDA:13,2,0,0
BRDA:13,2,1,0
BRDA:36,3,0,0
BRDA:36,3,1,0
BRDA:51,4,0,0
BRDA:51,4,1,0
BRDA:55,5,0,0
BRDA:55,5,1,0
BRDA:62,6,0,0
BRDA:62,6,1,0
BRDA:64,7,0,0
BRDA:64,7,1,0
BRDA:65,8,0,0
BRDA:65,8,1,0
BRDA:66,9,0,0
BRDA:66,9,1,0
BRDA:67,10,0,0
BRDA:67,10,1,0
BRDA:90,11,0,0
BRDA:90,11,1,0
BRDA:104,12,0,0
BRDA:104,12,1,0
BRDA:108,13,0,0
BRDA:108,13,1,0
BRDA:125,14,0,0
BRDA:125,14,1,0
BRDA:140,15,0,0
BRDA:140,15,1,0
BRDA:140,16,0,0
BRDA:140,16,1,0
BRDA:150,17,0,0
BRDA:150,17,1,0
BRDA:164,18,0,0
BRDA:164,18,1,0
BRDA:164,18,2,0
BRDA:171,19,0,0
BRDA:171,19,1,0
BRDA:172,20,0,0
BRDA:172,20,1,0
BRDA:173,21,0,0
BRDA:173,21,1,0
BRDA:174,22,0,0
BRDA:174,22,1,0
BRDA:175,23,0,0
BRDA:175,23,1,0
BRDA:176,24,0,0
BRDA:176,24,1,0
BRDA:191,25,0,0
BRDA:191,25,1,0
BRDA:193,26,0,0
BRDA:193,26,1,0
BRDA:193,26,2,0
BRDA:194,27,0,0
BRDA:194,27,1,0
BRDA:194,27,2,0
BRDA:195,28,0,0
BRDA:195,28,1,0
BRDA:196,29,0,0
BRDA:196,29,1,0
BRF:63
BRH:0
end_of_record
TN:
SF:controllers\student-schedule.controller.js
FN:13,findOrCreateStudent
FN:45,(anonymous_1)
FN:52,(anonymous_2)
FN:53,(anonymous_3)
FN:56,(anonymous_4)
FN:57,(anonymous_5)
FN:75,(anonymous_6)
FN:75,(anonymous_7)
FN:85,(anonymous_8)
FN:91,(anonymous_9)
FN:111,(anonymous_10)
FN:114,(anonymous_11)
FN:128,(anonymous_12)
FN:130,(anonymous_13)
FN:141,(anonymous_14)
FN:200,(anonymous_15)
FN:209,(anonymous_16)
FN:210,(anonymous_17)
FN:213,(anonymous_18)
FN:214,(anonymous_19)
FN:221,(anonymous_20)
FN:246,(anonymous_21)
FN:249,(anonymous_22)
FN:250,(anonymous_23)
FN:256,(anonymous_24)
FN:264,(anonymous_25)
FN:266,(anonymous_26)
FN:312,(anonymous_27)
FN:313,(anonymous_28)
FN:328,(anonymous_29)
FN:329,(anonymous_30)
FN:345,(anonymous_31)
FN:346,(anonymous_32)
FN:385,(anonymous_33)
FN:397,(anonymous_34)
FN:398,(anonymous_35)
FN:401,(anonymous_36)
FN:402,(anonymous_37)
FN:426,(anonymous_38)
FN:429,(anonymous_39)
FN:434,(anonymous_40)
FN:442,(anonymous_41)
FN:445,(anonymous_42)
FN:465,(anonymous_43)
FN:476,(anonymous_44)
FN:491,(anonymous_45)
FN:526,dfsAugment
FN:540,(anonymous_47)
FN:550,(anonymous_48)
FN:560,(anonymous_49)
FN:561,(anonymous_50)
FN:563,(anonymous_51)
FN:570,(anonymous_52)
FN:575,(anonymous_53)
FN:576,(anonymous_54)
FN:584,(anonymous_55)
FN:585,(anonymous_56)
FN:591,(anonymous_57)
FN:604,(anonymous_58)
FN:612,(anonymous_59)
FN:631,(anonymous_60)
FN:646,(anonymous_61)
FN:657,(anonymous_62)
FN:689,(anonymous_63)
FN:704,(anonymous_64)
FN:721,(anonymous_65)
FN:747,(anonymous_66)
FN:748,(anonymous_67)
FNF:68
FNH:0
FNDA:0,findOrCreateStudent
FNDA:0,(anonymous_1)
FNDA:0,(anonymous_2)
FNDA:0,(anonymous_3)
FNDA:0,(anonymous_4)
FNDA:0,(anonymous_5)
FNDA:0,(anonymous_6)
FNDA:0,(anonymous_7)
FNDA:0,(anonymous_8)
FNDA:0,(anonymous_9)
FNDA:0,(anonymous_10)
FNDA:0,(anonymous_11)
FNDA:0,(anonymous_12)
FNDA:0,(anonymous_13)
FNDA:0,(anonymous_14)
FNDA:0,(anonymous_15)
FNDA:0,(anonymous_16)
FNDA:0,(anonymous_17)
FNDA:0,(anonymous_18)
FNDA:0,(anonymous_19)
FNDA:0,(anonymous_20)
FNDA:0,(anonymous_21)
FNDA:0,(anonymous_22)
FNDA:0,(anonymous_23)
FNDA:0,(anonymous_24)
FNDA:0,(anonymous_25)
FNDA:0,(anonymous_26)
FNDA:0,(anonymous_27)
FNDA:0,(anonymous_28)
FNDA:0,(anonymous_29)
FNDA:0,(anonymous_30)
FNDA:0,(anonymous_31)
FNDA:0,(anonymous_32)
FNDA:0,(anonymous_33)
FNDA:0,(anonymous_34)
FNDA:0,(anonymous_35)
FNDA:0,(anonymous_36)
FNDA:0,(anonymous_37)
FNDA:0,(anonymous_38)
FNDA:0,(anonymous_39)
FNDA:0,(anonymous_40)
FNDA:0,(anonymous_41)
FNDA:0,(anonymous_42)
FNDA:0,(anonymous_43)
FNDA:0,(anonymous_44)
FNDA:0,(anonymous_45)
FNDA:0,dfsAugment
FNDA:0,(anonymous_47)
FNDA:0,(anonymous_48)
FNDA:0,(anonymous_49)
FNDA:0,(anonymous_50)
FNDA:0,(anonymous_51)
FNDA:0,(anonymous_52)
FNDA:0,(anonymous_53)
FNDA:0,(anonymous_54)
FNDA:0,(anonymous_55)
FNDA:0,(anonymous_56)
FNDA:0,(anonymous_57)
FNDA:0,(anonymous_58)
FNDA:0,(anonymous_59)
FNDA:0,(anonymous_60)
FNDA:0,(anonymous_61)
FNDA:0,(anonymous_62)
FNDA:0,(anonymous_63)
FNDA:0,(anonymous_64)
FNDA:0,(anonymous_65)
FNDA:0,(anonymous_66)
FNDA:0,(anonymous_67)
DA:1,1
DA:2,1
DA:3,1
DA:4,1
DA:5,1
DA:6,1
DA:7,1
DA:8,1
DA:14,0
DA:15,0
DA:16,0
DA:18,0
DA:19,0
DA:20,0
DA:21,0
DA:22,0
DA:23,0
DA:24,0
DA:26,0
DA:27,0
DA:36,0
DA:45,1
DA:46,0
DA:47,0
DA:48,0
DA:50,0
DA:51,0
DA:52,0
DA:53,0
DA:55,0
DA:56,0
DA:57,0
DA:60,0
DA:61,0
DA:62,0
DA:65,0
DA:73,0
DA:74,0
DA:75,0
DA:79,0
DA:80,0
DA:81,0
DA:82,0
DA:83,0
DA:84,0
DA:85,0
DA:91,0
DA:92,0
DA:93,0
DA:95,0
DA:96,0
DA:99,0
DA:106,0
DA:107,0
DA:108,0
DA:110,0
DA:111,0
DA:113,0
DA:114,0
DA:117,0
DA:128,0
DA:130,0
DA:135,0
DA:136,0
DA:137,0
DA:138,0
DA:139,0
DA:140,0
DA:141,0
DA:142,0
DA:143,0
DA:144,0
DA:145,0
DA:146,0
DA:147,0
DA:148,0
DA:149,0
DA:150,0
DA:155,0
DA:158,0
DA:159,0
DA:161,0
DA:165,0
DA:191,0
DA:200,1
DA:201,0
DA:202,0
DA:203,0
DA:204,0
DA:206,0
DA:208,0
DA:209,0
DA:210,0
DA:212,0
DA:213,0
DA:214,0
DA:216,0
DA:221,0
DA:223,0
DA:224,0
DA:225,0
DA:226,0
DA:227,0
DA:229,0
DA:230,0
DA:231,0
DA:238,0
DA:239,0
DA:240,0
DA:241,0
DA:245,0
DA:246,0
DA:247,0
DA:248,0
DA:249,0
DA:250,0
DA:255,0
DA:256,0
DA:257,0
DA:258,0
DA:260,0
DA:261,0
DA:262,0
DA:264,0
DA:266,0
DA:271,0
DA:272,0
DA:273,0
DA:274,0
DA:275,0
DA:276,0
DA:277,0
DA:282,0
DA:283,0
DA:284,0
DA:285,0
DA:288,0
DA:289,0
DA:290,0
DA:294,0
DA:295,0
DA:296,0
DA:297,0
DA:299,0
DA:301,0
DA:302,0
DA:304,0
DA:305,0
DA:306,0
DA:307,0
DA:311,0
DA:312,0
DA:313,0
DA:315,0
DA:316,0
DA:317,0
DA:319,0
DA:320,0
DA:321,0
DA:322,0
DA:325,0
DA:328,0
DA:329,0
DA:339,0
DA:340,0
DA:341,0
DA:342,0
DA:344,0
DA:345,0
DA:346,0
DA:347,0
DA:348,0
DA:349,0
DA:351,0
DA:362,0
DA:363,0
DA:366,0
DA:368,0
DA:376,0
DA:385,1
DA:386,0
DA:387,0
DA:388,0
DA:390,0
DA:392,0
DA:393,0
DA:394,0
DA:396,0
DA:397,0
DA:398,0
DA:400,0
DA:401,0
DA:402,0
DA:405,0
DA:406,0
DA:407,0
DA:410,0
DA:415,0
DA:419,0
DA:420,0
DA:422,0
DA:423,0
DA:425,0
DA:426,0
DA:427,0
DA:428,0
DA:429,0
DA:431,0
DA:434,0
DA:435,0
DA:436,0
DA:437,0
DA:438,0
DA:442,0
DA:445,0
DA:446,0
DA:447,0
DA:451,0
DA:452,0
DA:453,0
DA:454,0
DA:455,0
DA:456,0
DA:457,0
DA:458,0
DA:459,0
DA:463,0
DA:464,0
DA:465,0
DA:466,0
DA:471,0
DA:476,0
DA:478,0
DA:479,0
DA:480,0
DA:481,0
DA:482,0
DA:485,0
DA:488,0
DA:489,0
DA:490,0
DA:491,0
DA:492,0
DA:493,0
DA:494,0
DA:502,0
DA:503,0
DA:504,0
DA:505,0
DA:506,0
DA:507,0
DA:508,0
DA:509,0
DA:510,0
DA:513,0
DA:514,0
DA:515,0
DA:516,0
DA:518,0
DA:519,0
DA:520,0
DA:523,0
DA:527,0
DA:528,0
DA:529,0
DA:530,0
DA:531,0
DA:532,0
DA:533,0
DA:536,0
DA:540,0
DA:541,0
DA:542,0
DA:546,0
DA:547,0
DA:548,0
DA:549,0
DA:550,0
DA:551,0
DA:552,0
DA:553,0
DA:557,0
DA:558,0
DA:559,0
DA:560,0
DA:561,0
DA:563,0
DA:564,0
DA:566,0
DA:569,0
DA:570,0
DA:571,0
DA:572,0
DA:574,0
DA:575,0
DA:576,0
DA:577,0
DA:578,0
DA:579,0
DA:583,0
DA:584,0
DA:585,0
DA:588,0
DA:589,0
DA:590,0
DA:591,0
DA:592,0
DA:593,0
DA:594,0
DA:603,0
DA:604,0
DA:612,0
DA:628,0
DA:631,0
DA:632,0
DA:634,0
DA:635,0
DA:636,0
DA:637,0
DA:646,0
DA:647,0
DA:648,0
DA:649,0
DA:657,0
DA:659,0
DA:661,0
DA:681,0
DA:689,1
DA:690,0
DA:691,0
DA:692,0
DA:695,0
DA:704,1
DA:705,0
DA:706,0
DA:707,0
DA:709,0
DA:710,0
DA:711,0
DA:714,0
DA:719,0
DA:721,0
DA:723,0
DA:724,0
DA:725,0
DA:726,0
DA:728,0
DA:729,0
DA:737,0
DA:747,0
DA:748,0
DA:751,0
DA:752,0
DA:753,0
DA:754,0
DA:757,0
DA:767,0
DA:774,0
LF:358
LH:13
BRDA:13,0,0,0
BRDA:15,1,0,0
BRDA:15,1,1,0
BRDA:18,2,0,0
BRDA:18,2,1,0
BRDA:20,3,0,0
BRDA:20,3,1,0
BRDA:22,4,0,0
BRDA:22,4,1,0
BRDA:50,5,0,0
BRDA:50,5,1,0
BRDA:51,6,0,0
BRDA:51,6,1,0
BRDA:53,7,0,0
BRDA:53,7,1,0
BRDA:55,8,0,0
BRDA:55,8,1,0
BRDA:56,9,0,0
BRDA:56,9,1,0
BRDA:56,9,2,0
BRDA:57,10,0,0
BRDA:57,10,1,0
BRDA:61,11,0,0
BRDA:61,11,1,0
BRDA:62,12,0,0
BRDA:62,12,1,0
BRDA:75,13,0,0
BRDA:75,13,1,0
BRDA:81,14,0,0
BRDA:81,14,1,0
BRDA:83,15,0,0
BRDA:83,15,1,0
BRDA:93,16,0,0
BRDA:93,16,1,0
BRDA:93,16,2,0
BRDA:95,17,0,0
BRDA:95,17,1,0
BRDA:96,18,0,0
BRDA:96,18,1,0
BRDA:108,19,0,0
BRDA:108,19,1,0
BRDA:110,20,0,0
BRDA:110,20,1,0
BRDA:113,21,0,0
BRDA:113,21,1,0
BRDA:127,22,0,0
BRDA:127,22,1,0
BRDA:128,23,0,0
BRDA:128,23,1,0
BRDA:135,24,0,0
BRDA:135,24,1,0
BRDA:135,25,0,0
BRDA:135,25,1,0
BRDA:139,26,0,0
BRDA:139,26,1,0
BRDA:143,27,0,0
BRDA:143,27,1,0
BRDA:147,28,0,0
BRDA:147,28,1,0
BRDA:155,29,0,0
BRDA:155,29,1,0
BRDA:156,30,0,0
BRDA:156,30,1,0
BRDA:159,31,0,0
BRDA:159,31,1,0
BRDA:161,32,0,0
BRDA:161,32,1,0
BRDA:178,33,0,0
BRDA:178,33,1,0
BRDA:204,34,0,0
BRDA:204,34,1,0
BRDA:208,35,0,0
BRDA:208,35,1,0
BRDA:210,36,0,0
BRDA:210,36,1,0
BRDA:212,37,0,0
BRDA:212,37,1,0
BRDA:213,38,0,0
BRDA:213,38,1,0
BRDA:214,39,0,0
BRDA:214,39,1,0
BRDA:233,40,0,0
BRDA:233,40,1,0
BRDA:238,41,0,0
BRDA:238,41,1,0
BRDA:245,42,0,0
BRDA:245,42,1,0
BRDA:247,43,0,0
BRDA:247,43,1,0
BRDA:255,44,0,0
BRDA:255,44,1,0
BRDA:258,45,0,0
BRDA:258,45,1,0
BRDA:260,46,0,0
BRDA:260,46,1,0
BRDA:271,47,0,0
BRDA:271,47,1,0
BRDA:271,48,0,0
BRDA:271,48,1,0
BRDA:272,49,0,0
BRDA:272,49,1,0
BRDA:273,50,0,0
BRDA:273,50,1,0
BRDA:274,51,0,0
BRDA:274,51,1,0
BRDA:276,52,0,0
BRDA:276,52,1,0
BRDA:276,52,2,0
BRDA:282,53,0,0
BRDA:282,53,1,0
BRDA:289,54,0,0
BRDA:289,54,1,0
BRDA:296,55,0,0
BRDA:296,55,1,0
BRDA:297,56,0,0
BRDA:297,56,1,0
BRDA:299,57,0,0
BRDA:299,57,1,0
BRDA:301,58,0,0
BRDA:301,58,1,0
BRDA:304,59,0,0
BRDA:304,59,1,0
BRDA:305,60,0,0
BRDA:305,60,1,0
BRDA:306,61,0,0
BRDA:306,61,1,0
BRDA:311,62,0,0
BRDA:311,62,1,0
BRDA:312,63,0,0
BRDA:312,63,1,0
BRDA:313,64,0,0
BRDA:313,64,1,0
BRDA:316,65,0,0
BRDA:316,65,1,0
BRDA:316,66,0,0
BRDA:316,66,1,0
BRDA:317,67,0,0
BRDA:317,67,1,0
BRDA:317,68,0,0
BRDA:317,68,1,0
BRDA:319,69,0,0
BRDA:319,69,1,0
BRDA:321,70,0,0
BRDA:321,70,1,0
BRDA:330,71,0,0
BRDA:330,71,1,0
BRDA:332,72,0,0
BRDA:332,72,1,0
BRDA:335,73,0,0
BRDA:335,73,1,0
BRDA:335,74,0,0
BRDA:335,74,1,0
BRDA:335,75,0,0
BRDA:335,75,1,0
BRDA:341,76,0,0
BRDA:341,76,1,0
BRDA:344,77,0,0
BRDA:344,77,1,0
BRDA:349,78,0,0
BRDA:349,78,1,0
BRDA:349,79,0,0
BRDA:349,79,1,0
BRDA:349,79,2,0
BRDA:352,80,0,0
BRDA:352,80,1,0
BRDA:353,81,0,0
BRDA:353,81,1,0
BRDA:362,82,0,0
BRDA:362,82,1,0
BRDA:366,83,0,0
BRDA:366,83,1,0
BRDA:373,84,0,0
BRDA:373,84,1,0
BRDA:373,85,0,0
BRDA:373,85,1,0
BRDA:388,86,0,0
BRDA:388,86,1,0
BRDA:393,87,0,0
BRDA:393,87,1,0
BRDA:393,87,2,0
BRDA:394,88,0,0
BRDA:394,88,1,0
BRDA:396,89,0,0
BRDA:396,89,1,0
BRDA:398,90,0,0
BRDA:398,90,1,0
BRDA:400,91,0,0
BRDA:400,91,1,0
BRDA:401,92,0,0
BRDA:401,92,1,0
BRDA:401,92,2,0
BRDA:402,93,0,0
BRDA:402,93,1,0
BRDA:406,94,0,0
BRDA:406,94,1,0
BRDA:415,95,0,0
BRDA:415,95,1,0
BRDA:419,96,0,0
BRDA:419,96,1,0
BRDA:423,97,0,0
BRDA:423,97,1,0
BRDA:423,98,0,0
BRDA:423,98,1,0
BRDA:427,99,0,0
BRDA:427,99,1,0
BRDA:428,100,0,0
BRDA:428,100,1,0
BRDA:435,101,0,0
BRDA:435,101,1,0
BRDA:436,102,0,0
BRDA:436,102,1,0
BRDA:437,103,0,0
BRDA:437,103,1,0
BRDA:446,104,0,0
BRDA:446,104,1,0
BRDA:453,105,0,0
BRDA:453,105,1,0
BRDA:458,106,0,0
BRDA:458,106,1,0
BRDA:458,107,0,0
BRDA:458,107,1,0
BRDA:463,108,0,0
BRDA:463,108,1,0
BRDA:466,109,0,0
BRDA:466,109,1,0
BRDA:466,109,2,0
BRDA:466,109,3,0
BRDA:471,110,0,0
BRDA:471,110,1,0
BRDA:476,111,0,0
BRDA:476,112,0,0
BRDA:480,113,0,0
BRDA:480,113,1,0
BRDA:481,114,0,0
BRDA:481,114,1,0
BRDA:490,115,0,0
BRDA:490,115,1,0
BRDA:492,116,0,0
BRDA:492,116,1,0
BRDA:493,117,0,0
BRDA:493,117,1,0
BRDA:509,118,0,0
BRDA:509,118,1,0
BRDA:513,119,0,0
BRDA:513,119,1,0
BRDA:528,120,0,0
BRDA:528,120,1,0
BRDA:531,121,0,0
BRDA:531,121,1,0
BRDA:531,122,0,0
BRDA:531,122,1,0
BRDA:550,123,0,0
BRDA:550,123,1,0
BRDA:551,124,0,0
BRDA:551,124,1,0
BRDA:564,125,0,0
BRDA:564,125,1,0
BRDA:566,126,0,0
BRDA:566,126,1,0
BRDA:571,127,0,0
BRDA:571,127,1,0
BRDA:579,128,0,0
BRDA:579,128,1,0
BRDA:590,129,0,0
BRDA:590,129,1,0
BRDA:593,130,0,0
BRDA:593,130,1,0
BRDA:636,131,0,0
BRDA:636,131,1,0
BRDA:648,132,0,0
BRDA:648,132,1,0
BRDA:648,133,0,0
BRDA:648,133,1,0
BRDA:659,134,0,0
BRDA:659,134,1,0
BRDA:676,135,0,0
BRDA:676,135,1,0
BRDA:690,136,0,0
BRDA:690,136,1,0
BRDA:707,137,0,0
BRDA:707,137,1,0
BRDA:710,138,0,0
BRDA:710,138,1,0
BRDA:719,139,0,0
BRDA:719,139,1,0
BRDA:725,140,0,0
BRDA:725,140,1,0
BRDA:726,141,0,0
BRDA:726,141,1,0
BRDA:728,142,0,0
BRDA:728,142,1,0
BRDA:731,143,0,0
BRDA:731,143,1,0
BRDA:732,144,0,0
BRDA:732,144,1,0
BRDA:741,145,0,0
BRDA:741,145,1,0
BRDA:742,146,0,0
BRDA:742,146,1,0
BRDA:754,147,0,0
BRDA:754,147,1,0
BRDA:754,148,0,0
BRDA:754,148,1,0
BRDA:754,148,2,0
BRF:304
BRH:0
end_of_record
TN:
SF:controllers\student.controller.js
FN:3,(anonymous_0)
FN:24,(anonymous_1)
FN:35,(anonymous_2)
FN:44,(anonymous_3)
FN:54,(anonymous_4)
FNF:5
FNH:1
FNDA:1,(anonymous_0)
FNDA:0,(anonymous_1)
FNDA:0,(anonymous_2)
FNDA:0,(anonymous_3)
FNDA:0,(anonymous_4)
DA:1,1
DA:3,1
DA:4,1
DA:5,1
DA:6,1
DA:7,1
DA:8,1
DA:10,1
DA:11,1
DA:18,1
DA:20,0
DA:24,1
DA:25,0
DA:26,0
DA:28,0
DA:29,0
DA:31,0
DA:35,1
DA:36,0
DA:37,0
DA:38,0
DA:40,0
DA:44,1
DA:45,0
DA:46,0
DA:47,0
DA:48,0
DA:50,0
DA:54,1
DA:55,0
DA:56,0
DA:57,0
DA:58,0
DA:60,0
LF:34
LH:14
BRDA:5,0,0,1
BRDA:5,1,0,1
BRDA:7,2,0,0
BRDA:7,2,1,1
BRDA:8,3,0,0
BRDA:8,3,1,1
BRDA:28,4,0,0
BRDA:28,4,1,0
BRDA:47,5,0,0
BRDA:47,5,1,0
BRDA:57,6,0,0
BRDA:57,6,1,0
BRF:12
BRH:4
end_of_record
TN:
SF:controllers\teacher.controller.js
FN:5,(anonymous_0)
FN:23,(anonymous_1)
FN:39,(anonymous_2)
FN:95,(anonymous_3)
FN:134,(anonymous_4)
FN:140,(anonymous_5)
FN:141,(anonymous_6)
FN:142,(anonymous_7)
FN:143,(anonymous_8)
FN:148,(anonymous_9)
FN:149,(anonymous_10)
FN:153,(anonymous_11)
FN:158,(anonymous_12)
FN:187,(anonymous_13)
FN:198,(anonymous_14)
FN:211,(anonymous_15)
FNF:16
FNH:1
FNDA:1,(anonymous_0)
FNDA:0,(anonymous_1)
FNDA:0,(anonymous_2)
FNDA:0,(anonymous_3)
FNDA:0,(anonymous_4)
FNDA:0,(anonymous_5)
FNDA:0,(anonymous_6)
FNDA:0,(anonymous_7)
FNDA:0,(anonymous_8)
FNDA:0,(anonymous_9)
FNDA:0,(anonymous_10)
FNDA:0,(anonymous_11)
FNDA:0,(anonymous_12)
FNDA:0,(anonymous_13)
FNDA:0,(anonymous_14)
FNDA:0,(anonymous_15)
DA:1,1
DA:2,1
DA:3,1
DA:5,1
DA:6,1
DA:7,1
DA:8,1
DA:9,1
DA:10,1
DA:17,1
DA:19,0
DA:23,1
DA:24,0
DA:25,0
DA:27,0
DA:28,0
DA:30,0
DA:39,1
DA:40,0
DA:41,0
DA:42,0
DA:45,0
DA:47,0
DA:48,0
DA:49,0
DA:50,0
DA:51,0
DA:55,0
DA:64,0
DA:65,0
DA:66,0
DA:68,0
DA:70,0
DA:86,0
DA:95,1
DA:96,0
DA:97,0
DA:98,0
DA:100,0
DA:101,0
DA:105,0
DA:110,0
DA:111,0
DA:112,0
DA:113,0
DA:117,0
DA:121,0
DA:126,0
DA:134,1
DA:135,0
DA:136,0
DA:140,0
DA:141,0
DA:142,0
DA:143,0
DA:146,0
DA:147,0
DA:148,0
DA:149,0
DA:153,0
DA:154,0
DA:158,0
DA:160,0
DA:183,0
DA:187,1
DA:188,0
DA:189,0
DA:190,0
DA:191,0
DA:192,0
DA:194,0
DA:198,1
DA:199,0
DA:200,0
DA:201,0
DA:202,0
DA:204,0
DA:205,0
DA:207,0
DA:211,1
DA:212,0
DA:213,0
DA:214,0
DA:215,0
DA:217,0
LF:85
LH:17
BRDA:7,0,0,1
BRDA:7,1,0,1
BRDA:27,2,0,0
BRDA:27,2,1,0
BRDA:45,3,0,0
BRDA:45,3,1,0
BRDA:48,4,0,0
BRDA:48,4,1,0
BRDA:64,5,0,0
BRDA:64,5,1,0
BRDA:65,6,0,0
BRDA:65,6,1,0
BRDA:66,7,0,0
BRDA:66,7,1,0
BRDA:68,8,0,0
BRDA:68,8,1,0
BRDA:76,9,0,0
BRDA:76,9,1,0
BRDA:81,10,0,0
BRDA:81,10,1,0
BRDA:82,11,0,0
BRDA:82,11,1,0
BRDA:100,12,0,0
BRDA:100,12,1,0
BRDA:112,13,0,0
BRDA:112,13,1,0
BRDA:149,14,0,0
BRDA:149,14,1,0
BRDA:154,15,0,0
BRDA:154,15,1,0
BRDA:154,15,2,0
BRDA:154,15,3,0
BRDA:158,16,0,0
BRDA:158,16,1,0
BRDA:171,17,0,0
BRDA:171,17,1,0
BRDA:177,18,0,0
BRDA:177,18,1,0
BRDA:178,19,0,0
BRDA:178,19,1,0
BRDA:179,20,0,0
BRDA:179,20,1,0
BRDA:190,21,0,0
BRDA:190,21,1,0
BRDA:201,22,0,0
BRDA:201,22,1,0
BRDA:204,23,0,0
BRDA:204,23,1,0
BRDA:214,24,0,0
BRDA:214,24,1,0
BRF:50
BRH:2
end_of_record
TN:
SF:engine\constraints.js
FN:30,checkRD01
FN:31,(anonymous_1)
FN:43,checkRD02
FN:44,(anonymous_3)
FN:56,checkRD03
FN:58,(anonymous_5)
FN:63,(anonymous_6)
FN:65,(anonymous_7)
FN:83,checkRD04
FN:94,checkRD05
FN:109,checkRD06_TeacherAvailability
FN:119,(anonymous_11)
FN:123,(anonymous_12)
FN:133,checkRD07_ClassroomAvailability
FN:138,(anonymous_14)
FN:142,(anonymous_15)
FN:149,checkRD08_TeacherLoad
FN:159,(anonymous_17)
FN:160,(anonymous_18)
FN:175,(anonymous_19)
FN:176,(anonymous_20)
FN:187,checkRD09_InstitutionalSchedule
FN:209,checkRD10_ContinuousHours
FN:213,(anonymous_23)
FN:217,(anonymous_24)
FN:225,(anonymous_25)
FN:247,checkRD11_DayDistribution
FN:250,(anonymous_27)
FN:263,checkRD12_BlockedTimeSlots
FN:286,timesOverlap
FN:293,addHours
FN:302,timeToMinutes
FN:330,checkRD14_CreditLimit
FN:346,(anonymous_33)
FN:359,checkRD13_PH_Preferences
FN:362,(anonymous_35)
FN:380,checkAllConstraints
FNF:37
FNH:17
FNDA:2,checkRD01
FNDA:2,(anonymous_1)
FNDA:2,checkRD02
FNDA:2,(anonymous_3)
FNDA:2,checkRD03
FNDA:4,(anonymous_5)
FNDA:2,(anonymous_6)
FNDA:2,(anonymous_7)
FNDA:17,checkRD04
FNDA:26,checkRD05
FNDA:2,checkRD06_TeacherAvailability
FNDA:1,(anonymous_11)
FNDA:1,(anonymous_12)
FNDA:0,checkRD07_ClassroomAvailability
FNDA:0,(anonymous_14)
FNDA:0,(anonymous_15)
FNDA:0,checkRD08_TeacherLoad
FNDA:0,(anonymous_17)
FNDA:0,(anonymous_18)
FNDA:0,(anonymous_19)
FNDA:0,(anonymous_20)
FNDA:0,checkRD09_InstitutionalSchedule
FNDA:0,checkRD10_ContinuousHours
FNDA:0,(anonymous_23)
FNDA:0,(anonymous_24)
FNDA:0,(anonymous_25)
FNDA:1,checkRD11_DayDistribution
FNDA:1,(anonymous_27)
FNDA:0,checkRD12_BlockedTimeSlots
FNDA:3,timesOverlap
FNDA:6,addHours
FNDA:0,timeToMinutes
FNDA:0,checkRD14_CreditLimit
FNDA:0,(anonymous_33)
FNDA:0,checkRD13_PH_Preferences
FNDA:0,(anonymous_35)
FNDA:0,checkAllConstraints
DA:31,2
DA:32,2
DA:44,2
DA:45,2
DA:57,2
DA:58,2
DA:59,4
DA:61,2
DA:63,2
DA:64,2
DA:65,2
DA:66,2
DA:68,2
DA:70,2
DA:71,2
DA:72,2
DA:73,2
DA:84,17
DA:85,17
DA:86,17
DA:95,26
DA:96,26
DA:98,7
DA:99,0
DA:101,7
DA:110,2
DA:113,2
DA:114,1
DA:118,1
DA:119,1
DA:120,1
DA:121,1
DA:122,1
DA:123,1
DA:126,0
DA:134,0
DA:135,0
DA:136,0
DA:138,0
DA:139,0
DA:140,0
DA:141,0
DA:142,0
DA:150,0
DA:153,0
DA:157,0
DA:159,0
DA:160,0
DA:162,0
DA:163,0
DA:168,0
DA:173,0
DA:174,0
DA:175,0
DA:176,0
DA:178,0
DA:180,0
DA:188,0
DA:190,0
DA:193,0
DA:194,0
DA:198,0
DA:199,0
DA:200,0
DA:202,0
DA:210,0
DA:212,0
DA:214,0
DA:217,0
DA:222,0
DA:223,0
DA:224,0
DA:225,0
DA:228,0
DA:229,0
DA:230,0
DA:231,0
DA:232,0
DA:233,0
DA:235,0
DA:236,0
DA:238,0
DA:240,0
DA:248,1
DA:250,1
DA:251,1
DA:255,1
DA:264,0
DA:265,0
DA:266,0
DA:268,0
DA:269,0
DA:271,0
DA:272,0
DA:273,0
DA:276,0
DA:287,3
DA:294,6
DA:295,6
DA:296,6
DA:303,0
DA:304,0
DA:331,0
DA:332,0
DA:334,0
DA:335,0
DA:338,0
DA:339,0
DA:340,0
DA:341,0
DA:342,0
DA:345,0
DA:346,0
DA:347,0
DA:348,0
DA:351,0
DA:360,0
DA:361,0
DA:362,0
DA:363,0
DA:364,0
DA:366,0
DA:372,0
DA:373,0
DA:374,0
DA:377,0
DA:381,0
DA:382,0
DA:385,0
DA:386,0
DA:388,0
DA:389,0
DA:393,0
DA:394,0
DA:396,0
DA:397,0
DA:399,0
DA:400,0
DA:402,0
DA:403,0
DA:405,0
DA:406,0
DA:410,0
DA:411,0
DA:413,0
DA:414,0
DA:418,0
DA:419,0
DA:421,0
DA:422,0
DA:426,0
DA:427,0
DA:431,0
DA:432,0
DA:433,0
DA:434,0
DA:438,0
DA:439,0
DA:442,0
DA:448,2
LF:160
LH:42
BRDA:32,0,0,2
BRDA:32,0,1,2
BRDA:32,0,2,1
BRDA:34,1,0,1
BRDA:34,1,1,1
BRDA:35,2,0,1
BRDA:35,2,1,1
BRDA:45,3,0,2
BRDA:45,3,1,2
BRDA:45,3,2,1
BRDA:47,4,0,1
BRDA:47,4,1,1
BRDA:48,5,0,1
BRDA:48,5,1,1
BRDA:57,6,0,0
BRDA:57,6,1,2
BRDA:59,7,0,4
BRDA:59,7,1,0
BRDA:61,8,0,0
BRDA:61,8,1,2
BRDA:64,9,0,0
BRDA:64,9,1,2
BRDA:66,10,0,2
BRDA:66,10,1,0
BRDA:68,11,0,0
BRDA:68,11,1,2
BRDA:72,12,0,0
BRDA:72,12,1,2
BRDA:72,13,0,2
BRDA:72,13,1,2
BRDA:73,14,0,2
BRDA:73,14,1,1
BRDA:74,15,0,1
BRDA:74,15,1,1
BRDA:75,16,0,1
BRDA:75,16,1,1
BRDA:84,17,0,0
BRDA:84,17,1,17
BRDA:84,18,0,17
BRDA:84,18,1,17
BRDA:85,19,0,17
BRDA:85,19,1,17
BRDA:95,20,0,0
BRDA:95,20,1,26
BRDA:95,21,0,26
BRDA:95,21,1,26
BRDA:96,22,0,19
BRDA:96,22,1,7
BRDA:98,23,0,0
BRDA:98,23,1,7
BRDA:98,24,0,7
BRDA:98,24,1,0
BRDA:110,25,0,0
BRDA:110,25,1,2
BRDA:113,26,0,1
BRDA:113,26,1,1
BRDA:113,27,0,2
BRDA:113,27,1,2
BRDA:118,28,0,1
BRDA:118,28,1,0
BRDA:118,29,0,1
BRDA:118,29,1,1
BRDA:120,30,0,0
BRDA:120,30,1,1
BRDA:122,31,0,1
BRDA:122,31,1,0
BRDA:123,32,0,1
BRDA:123,32,1,1
BRDA:134,33,0,0
BRDA:134,33,1,0
BRDA:135,34,0,0
BRDA:135,34,1,0
BRDA:136,35,0,0
BRDA:136,35,1,0
BRDA:136,36,0,0
BRDA:136,36,1,0
BRDA:139,37,0,0
BRDA:139,37,1,0
BRDA:141,38,0,0
BRDA:141,38,1,0
BRDA:142,39,0,0
BRDA:142,39,1,0
BRDA:150,40,0,0
BRDA:150,40,1,0
BRDA:153,41,0,0
BRDA:153,41,1,0
BRDA:153,41,2,0
BRDA:154,42,0,0
BRDA:154,42,1,0
BRDA:163,43,0,0
BRDA:163,43,1,0
BRDA:168,44,0,0
BRDA:168,44,1,0
BRDA:168,44,2,0
BRDA:168,44,3,0
BRDA:170,45,0,0
BRDA:170,45,1,0
BRDA:173,46,0,0
BRDA:173,46,1,0
BRDA:176,47,0,0
BRDA:176,47,1,0
BRDA:178,48,0,0
BRDA:178,48,1,0
BRDA:188,49,0,0
BRDA:188,49,1,0
BRDA:193,50,0,0
BRDA:193,50,1,0
BRDA:193,51,0,0
BRDA:193,51,1,0
BRDA:193,51,2,0
BRDA:198,52,0,0
BRDA:198,52,1,0
BRDA:198,53,0,0
BRDA:198,53,1,0
BRDA:199,54,0,0
BRDA:199,54,1,0
BRDA:200,55,0,0
BRDA:200,55,1,0
BRDA:200,56,0,0
BRDA:200,56,1,0
BRDA:210,57,0,0
BRDA:210,57,1,0
BRDA:214,58,0,0
BRDA:214,58,1,0
BRDA:219,59,0,0
BRDA:219,59,1,0
BRDA:219,60,0,0
BRDA:219,60,1,0
BRDA:223,61,0,0
BRDA:223,61,1,0
BRDA:223,62,0,0
BRDA:223,62,1,0
BRDA:231,63,0,0
BRDA:231,63,1,0
BRDA:238,64,0,0
BRDA:238,64,1,0
BRDA:248,65,0,1
BRDA:248,65,1,1
BRDA:251,66,0,1
BRDA:251,66,1,1
BRDA:264,67,0,0
BRDA:264,67,1,0
BRDA:266,68,0,0
BRDA:266,68,1,0
BRDA:266,69,0,0
BRDA:266,69,1,0
BRDA:269,70,0,0
BRDA:269,70,1,0
BRDA:269,71,0,0
BRDA:269,71,1,0
BRDA:272,72,0,0
BRDA:272,72,1,0
BRDA:287,73,0,3
BRDA:287,73,1,3
BRDA:293,74,0,0
BRDA:304,75,0,0
BRDA:304,75,1,0
BRDA:331,76,0,0
BRDA:331,76,1,0
BRDA:331,77,0,0
BRDA:331,77,1,0
BRDA:332,78,0,0
BRDA:332,78,1,0
BRDA:334,79,0,0
BRDA:334,79,1,0
BRDA:335,80,0,0
BRDA:335,80,1,0
BRDA:340,81,0,0
BRDA:340,81,1,0
BRDA:341,82,0,0
BRDA:341,82,1,0
BRDA:346,83,0,0
BRDA:346,83,1,0
BRDA:347,84,0,0
BRDA:347,84,1,0
BRDA:347,85,0,0
BRDA:347,85,1,0
BRDA:359,86,0,0
BRDA:360,87,0,0
BRDA:360,87,1,0
BRDA:361,88,0,0
BRDA:361,88,1,0
BRDA:363,89,0,0
BRDA:363,89,1,0
BRDA:364,90,0,0
BRDA:364,90,1,0
BRDA:364,91,0,0
BRDA:364,91,1,0
BRDA:366,92,0,0
BRDA:366,92,1,0
BRDA:373,93,0,0
BRDA:373,93,1,0
BRDA:373,94,0,0
BRDA:373,94,1,0
BRDA:380,95,0,0
BRDA:385,96,0,0
BRDA:385,96,1,0
BRDA:388,97,0,0
BRDA:388,97,1,0
BRDA:393,98,0,0
BRDA:393,98,1,0
BRDA:396,99,0,0
BRDA:396,99,1,0
BRDA:399,100,0,0
BRDA:399,100,1,0
BRDA:402,101,0,0
BRDA:402,101,1,0
BRDA:405,102,0,0
BRDA:405,102,1,0
BRDA:410,103,0,0
BRDA:410,103,1,0
BRDA:413,104,0,0
BRDA:413,104,1,0
BRDA:418,105,0,0
BRDA:418,105,1,0
BRDA:421,106,0,0
BRDA:421,106,1,0
BRDA:426,107,0,0
BRDA:426,107,1,0
BRDA:431,108,0,0
BRDA:431,108,1,0
BRDA:431,109,0,0
BRDA:431,109,1,0
BRDA:431,109,2,0
BRDA:432,110,0,0
BRDA:432,110,1,0
BRDA:433,111,0,0
BRDA:433,111,1,0
BRDA:438,112,0,0
BRDA:438,112,1,0
BRF:230
BRH:59
end_of_record
TN:
SF:engine\csp.js
FN:54,generateSlots
FN:68,buildVariables
FN:97,buildDomains
FN:103,(anonymous_3)
FN:124,(anonymous_4)
FN:134,(anonymous_5)
FN:143,(anonymous_6)
FN:151,(anonymous_7)
FN:188,isTeacherAvailable
FN:198,(anonymous_9)
FN:207,isClassroomAvailable
FN:212,(anonymous_11)
FN:220,isSlotInShift
FN:235,seededRandom
FN:237,(anonymous_14)
FN:251,shuffleArray
FN:265,solve
FN:277,(anonymous_17)
FN:277,(anonymous_18)
FN:318,(anonymous_19)
FN:331,(anonymous_20)
FN:352,runCSPMultiple
FN:367,(anonymous_22)
FN:373,(anonymous_23)
FN:386,(anonymous_24)
FN:399,(anonymous_25)
FN:402,(anonymous_26)
FN:435,(anonymous_27)
FN:454,(anonymous_28)
FN:469,runCSP
FNF:30
FNH:12
FNDA:3,generateSlots
FNDA:2,buildVariables
FNDA:2,buildDomains
FNDA:0,(anonymous_3)
FNDA:18,(anonymous_4)
FNDA:21,(anonymous_5)
FNDA:23,(anonymous_6)
FNDA:0,(anonymous_7)
FNDA:0,isTeacherAvailable
FNDA:0,(anonymous_9)
FNDA:0,isClassroomAvailable
FNDA:0,(anonymous_11)
FNDA:0,isSlotInShift
FNDA:9,seededRandom
FNDA:0,(anonymous_14)
FNDA:9,shuffleArray
FNDA:0,solve
FNDA:0,(anonymous_17)
FNDA:0,(anonymous_18)
FNDA:0,(anonymous_19)
FNDA:0,(anonymous_20)
FNDA:2,runCSPMultiple
FNDA:9,(anonymous_22)
FNDA:9,(anonymous_23)
FNDA:0,(anonymous_24)
FNDA:0,(anonymous_25)
FNDA:0,(anonymous_26)
FNDA:0,(anonymous_27)
FNDA:0,(anonymous_28)
FNDA:2,runCSP
DA:27,2
DA:28,2
DA:29,2
DA:30,2
DA:32,2
DA:33,2
DA:55,3
DA:56,3
DA:57,21
DA:58,315
DA:61,3
DA:69,2
DA:70,2
DA:71,5
DA:72,5
DA:73,9
DA:86,2
DA:98,2
DA:101,2
DA:102,0
DA:103,0
DA:104,0
DA:105,0
DA:106,0
DA:108,0
DA:109,0
DA:110,0
DA:111,0
DA:115,0
DA:119,2
DA:120,9
DA:123,9
DA:124,9
DA:126,18
DA:127,0
DA:129,18
DA:131,18
DA:134,18
DA:135,21
DA:136,21
DA:139,0
DA:143,9
DA:144,23
DA:145,17
DA:146,0
DA:149,9
DA:151,9
DA:152,9
DA:154,9
DA:156,9
DA:157,0
DA:159,0
DA:162,0
DA:165,0
DA:166,0
DA:179,9
DA:180,9
DA:190,0
DA:191,0
DA:195,0
DA:196,0
DA:198,0
DA:199,0
DA:208,0
DA:209,0
DA:210,0
DA:212,0
DA:213,0
DA:221,0
DA:226,0
DA:227,0
DA:228,0
DA:236,9
DA:237,9
DA:238,0
DA:239,0
DA:240,0
DA:241,0
DA:252,9
DA:253,9
DA:254,9
DA:255,0
DA:256,0
DA:258,9
DA:267,0
DA:268,0
DA:272,0
DA:273,0
DA:277,0
DA:278,0
DA:280,0
DA:281,0
DA:285,0
DA:287,0
DA:288,0
DA:307,0
DA:316,0
DA:318,0
DA:319,0
DA:321,0
DA:322,0
DA:323,0
DA:324,0
DA:325,0
DA:329,0
DA:330,0
DA:331,0
DA:332,0
DA:338,0
DA:353,2
DA:354,2
DA:355,2
DA:356,2
DA:358,2
DA:359,2
DA:360,2
DA:362,2
DA:363,2
DA:364,2
DA:367,9
DA:368,2
DA:370,2
DA:371,2
DA:373,9
DA:380,0
DA:383,0
DA:385,0
DA:386,0
DA:399,0
DA:400,0
DA:401,0
DA:402,0
DA:403,0
DA:406,0
DA:409,0
DA:412,0
DA:414,0
DA:415,0
DA:419,0
DA:423,0
DA:424,0
DA:435,0
DA:437,0
DA:438,0
DA:439,0
DA:440,0
DA:442,0
DA:454,0
DA:470,2
DA:473,2
LF:150
LH:62
BRDA:71,0,0,5
BRDA:71,0,1,0
BRDA:75,1,0,9
BRDA:75,1,1,9
BRDA:78,2,0,9
BRDA:78,2,1,0
BRDA:79,3,0,9
BRDA:79,3,1,9
BRDA:80,4,0,9
BRDA:80,4,1,9
BRDA:81,5,0,9
BRDA:81,5,1,9
BRDA:97,6,0,0
BRDA:101,7,0,0
BRDA:101,7,1,2
BRDA:104,8,0,0
BRDA:104,8,1,0
BRDA:104,9,0,0
BRDA:104,9,1,0
BRDA:104,9,2,0
BRDA:105,10,0,0
BRDA:105,10,1,0
BRDA:105,11,0,0
BRDA:105,11,1,0
BRDA:106,12,0,0
BRDA:106,12,1,0
BRDA:106,13,0,0
BRDA:106,13,1,0
BRDA:108,14,0,0
BRDA:108,14,1,0
BRDA:108,15,0,0
BRDA:108,15,1,0
BRDA:110,16,0,0
BRDA:110,16,1,0
BRDA:110,17,0,0
BRDA:110,17,1,0
BRDA:126,18,0,0
BRDA:126,18,1,18
BRDA:129,19,0,18
BRDA:129,19,1,0
BRDA:129,20,0,18
BRDA:129,20,1,18
BRDA:131,21,0,0
BRDA:131,21,1,18
BRDA:133,22,0,0
BRDA:133,22,1,18
BRDA:135,23,0,21
BRDA:135,23,1,0
BRDA:144,24,0,6
BRDA:144,24,1,17
BRDA:145,25,0,17
BRDA:145,25,1,0
BRDA:152,26,0,9
BRDA:152,26,1,9
BRDA:154,27,0,9
BRDA:154,27,1,0
BRDA:154,27,2,0
BRDA:159,28,0,0
BRDA:159,28,1,0
BRDA:162,29,0,0
BRDA:162,29,1,0
BRDA:162,30,0,0
BRDA:162,30,1,0
BRDA:165,31,0,0
BRDA:165,31,1,0
BRDA:190,32,0,0
BRDA:190,32,1,0
BRDA:190,33,0,0
BRDA:190,33,1,0
BRDA:191,34,0,0
BRDA:191,34,1,0
BRDA:195,35,0,0
BRDA:195,35,1,0
BRDA:195,36,0,0
BRDA:195,36,1,0
BRDA:199,37,0,0
BRDA:199,37,1,0
BRDA:199,37,2,0
BRDA:208,38,0,0
BRDA:208,38,1,0
BRDA:209,39,0,0
BRDA:209,39,1,0
BRDA:209,40,0,0
BRDA:209,40,1,0
BRDA:213,41,0,0
BRDA:213,41,1,0
BRDA:213,41,2,0
BRDA:221,42,0,0
BRDA:221,42,1,0
BRDA:227,43,0,0
BRDA:227,43,1,0
BRDA:228,44,0,0
BRDA:228,44,1,0
BRDA:265,45,0,0
BRDA:265,46,0,0
BRDA:267,47,0,0
BRDA:267,47,1,0
BRDA:272,48,0,0
BRDA:272,48,1,0
BRDA:280,49,0,0
BRDA:280,49,1,0
BRDA:280,50,0,0
BRDA:280,50,1,0
BRDA:298,51,0,0
BRDA:298,51,1,0
BRDA:299,52,0,0
BRDA:299,52,1,0
BRDA:300,53,0,0
BRDA:300,53,1,0
BRDA:301,54,0,0
BRDA:301,54,1,0
BRDA:302,55,0,0
BRDA:302,55,1,0
BRDA:303,56,0,0
BRDA:303,56,1,0
BRDA:316,57,0,0
BRDA:316,57,1,0
BRDA:321,58,0,0
BRDA:321,58,1,0
BRDA:324,59,0,0
BRDA:324,59,1,0
BRDA:331,60,0,0
BRDA:331,60,1,0
BRDA:352,61,0,2
BRDA:352,62,0,0
BRDA:352,63,0,0
BRDA:359,64,0,0
BRDA:359,64,1,2
BRDA:360,65,0,0
BRDA:360,65,1,2
BRDA:368,66,0,2
BRDA:368,66,1,0
BRDA:370,67,0,2
BRDA:370,67,1,0
BRDA:385,68,0,0
BRDA:385,68,1,0
BRDA:393,69,0,0
BRDA:393,69,1,0
BRDA:394,70,0,0
BRDA:394,70,1,0
BRDA:395,71,0,0
BRDA:395,71,1,0
BRDA:402,72,0,0
BRDA:402,72,1,0
BRDA:403,73,0,0
BRDA:403,73,1,0
BRDA:403,73,2,0
BRDA:412,74,0,0
BRDA:412,74,1,0
BRDA:423,75,0,0
BRDA:423,75,1,0
BRDA:452,76,0,0
BRDA:452,76,1,0
BRDA:469,77,0,2
BRF:154
BRH:30
end_of_record
TN:
SF:engine\heuristics.js
FN:16,selectVariableMRV
FN:43,countRemainingValues
FN:56,isConsistent
FN:59,(anonymous_3)
FN:67,(anonymous_4)
FN:82,orderDomainValues
FN:83,(anonymous_6)
FN:90,forwardCheck
FN:94,(anonymous_8)
FNF:9
FNH:0
FNDA:0,selectVariableMRV
FNDA:0,countRemainingValues
FNDA:0,isConsistent
FNDA:0,(anonymous_3)
FNDA:0,(anonymous_4)
FNDA:0,orderDomainValues
FNDA:0,(anonymous_6)
FNDA:0,forwardCheck
FNDA:0,(anonymous_8)
DA:1,2
DA:17,0
DA:19,0
DA:20,0
DA:22,0
DA:24,0
DA:26,0
DA:27,0
DA:28,0
DA:32,0
DA:33,0
DA:37,0
DA:44,0
DA:45,0
DA:46,0
DA:47,0
DA:50,0
DA:57,0
DA:59,0
DA:60,0
DA:64,0
DA:67,0
DA:68,0
DA:72,0
DA:74,0
DA:83,0
DA:91,0
DA:92,0
DA:94,0
DA:96,0
DA:99,0
DA:101,0
DA:104,0
DA:106,0
DA:109,0
DA:110,0
DA:113,0
DA:116,2
LF:38
LH:2
BRDA:17,0,0,0
BRDA:17,0,1,0
BRDA:26,1,0,0
BRDA:26,1,1,0
BRDA:32,2,0,0
BRDA:32,2,1,0
BRDA:46,3,0,0
BRDA:46,3,1,0
BRDA:60,4,0,0
BRDA:60,4,1,0
BRDA:60,4,2,0
BRDA:64,5,0,0
BRDA:64,5,1,0
BRDA:68,6,0,0
BRDA:68,6,1,0
BRDA:68,6,2,0
BRDA:72,7,0,0
BRDA:72,7,1,0
BRDA:92,8,0,0
BRDA:92,8,1,0
BRDA:96,9,0,0
BRDA:96,9,1,0
BRDA:96,10,0,0
BRDA:96,10,1,0
BRDA:96,10,2,0
BRDA:101,11,0,0
BRDA:101,11,1,0
BRDA:101,12,0,0
BRDA:101,12,1,0
BRDA:101,12,2,0
BRDA:109,13,0,0
BRDA:109,13,1,0
BRF:32
BRH:0
end_of_record
TN:
SF:engine\scoring.js
FN:50,getShift
FN:69,calculateValidityScore
FN:98,calculateInstitutionalScore
FN:104,(anonymous_3)
FN:107,(anonymous_4)
FN:132,calculatePreferencesScore
FN:147,(anonymous_6)
FN:153,(anonymous_7)
FN:249,timeToMinutes
FN:264,calculateOptimizationScore
FN:266,(anonymous_10)
FN:280,(anonymous_11)
FN:282,(anonymous_12)
FN:287,(anonymous_13)
FN:304,evaluateSolution
FN:353,compareSolutions
FN:386,detectUnsatisfiedConditions
FN:391,(anonymous_17)
FN:424,(anonymous_18)
FNF:19
FNH:0
FNDA:0,getShift
FNDA:0,calculateValidityScore
FNDA:0,calculateInstitutionalScore
FNDA:0,(anonymous_3)
FNDA:0,(anonymous_4)
FNDA:0,calculatePreferencesScore
FNDA:0,(anonymous_6)
FNDA:0,(anonymous_7)
FNDA:0,timeToMinutes
FNDA:0,calculateOptimizationScore
FNDA:0,(anonymous_10)
FNDA:0,(anonymous_11)
FNDA:0,(anonymous_12)
FNDA:0,(anonymous_13)
FNDA:0,evaluateSolution
FNDA:0,compareSolutions
FNDA:0,detectUnsatisfiedConditions
FNDA:0,(anonymous_17)
FNDA:0,(anonymous_18)
DA:29,2
DA:36,2
DA:51,0
DA:57,0
DA:58,0
DA:59,0
DA:63,0
DA:70,0
DA:71,0
DA:73,0
DA:74,0
DA:75,0
DA:76,0
DA:79,0
DA:81,0
DA:84,0
DA:86,0
DA:91,0
DA:92,0
DA:99,0
DA:100,0
DA:101,0
DA:103,0
DA:104,0
DA:105,0
DA:107,0
DA:108,0
DA:111,0
DA:113,0
DA:114,0
DA:117,0
DA:118,0
DA:119,0
DA:123,0
DA:124,0
DA:133,0
DA:134,0
DA:137,0
DA:138,0
DA:139,0
DA:142,0
DA:143,0
DA:145,0
DA:146,0
DA:147,0
DA:148,0
DA:151,0
DA:152,0
DA:153,0
DA:154,0
DA:158,0
DA:161,0
DA:162,0
DA:163,0
DA:164,0
DA:165,0
DA:170,0
DA:171,0
DA:172,0
DA:173,0
DA:179,0
DA:181,0
DA:182,0
DA:185,0
DA:186,0
DA:191,0
DA:192,0
DA:194,0
DA:195,0
DA:203,0
DA:204,0
DA:205,0
DA:206,0
DA:207,0
DA:208,0
DA:216,0
DA:222,0
DA:223,0
DA:224,0
DA:225,0
DA:226,0
DA:227,0
DA:230,0
DA:231,0
DA:232,0
DA:233,0
DA:234,0
DA:235,0
DA:236,0
DA:237,0
DA:238,0
DA:239,0
DA:250,0
DA:251,0
DA:254,0
DA:258,0
DA:266,0
DA:267,0
DA:269,0
DA:274,0
DA:275,0
DA:276,0
DA:277,0
DA:279,0
DA:280,0
DA:281,0
DA:282,0
DA:284,0
DA:287,0
DA:288,0
DA:290,0
DA:292,0
DA:305,0
DA:306,0
DA:307,0
DA:308,0
DA:311,0
DA:312,0
DA:319,0
DA:326,0
DA:327,0
DA:328,0
DA:329,0
DA:331,0
DA:354,0
DA:387,0
DA:390,0
DA:391,0
DA:392,0
DA:393,0
DA:403,0
DA:404,0
DA:413,0
DA:414,0
DA:423,0
DA:424,0
DA:425,0
DA:426,0
DA:435,0
DA:438,2
LF:140
LH:3
BRDA:50,0,0,0
BRDA:51,1,0,0
BRDA:51,1,1,0
BRDA:58,2,0,0
BRDA:58,2,1,0
BRDA:58,3,0,0
BRDA:58,3,1,0
BRDA:79,4,0,0
BRDA:79,4,1,0
BRDA:79,5,0,0
BRDA:79,5,1,0
BRDA:79,5,2,0
BRDA:84,6,0,0
BRDA:84,6,1,0
BRDA:84,7,0,0
BRDA:84,7,1,0
BRDA:84,7,2,0
BRDA:91,8,0,0
BRDA:91,8,1,0
BRDA:105,9,0,0
BRDA:105,9,1,0
BRDA:105,10,0,0
BRDA:105,10,1,0
BRDA:108,11,0,0
BRDA:108,11,1,0
BRDA:108,12,0,0
BRDA:108,12,1,0
BRDA:111,13,0,0
BRDA:111,13,1,0
BRDA:111,14,0,0
BRDA:111,14,1,0
BRDA:114,15,0,0
BRDA:114,15,1,0
BRDA:118,16,0,0
BRDA:118,16,1,0
BRDA:119,17,0,0
BRDA:119,17,1,0
BRDA:123,18,0,0
BRDA:123,18,1,0
BRDA:132,19,0,0
BRDA:133,20,0,0
BRDA:133,20,1,0
BRDA:133,21,0,0
BRDA:133,21,1,0
BRDA:142,22,0,0
BRDA:142,22,1,0
BRDA:143,23,0,0
BRDA:143,23,1,0
BRDA:146,24,0,0
BRDA:146,24,1,0
BRDA:147,25,0,0
BRDA:147,25,1,0
BRDA:151,26,0,0
BRDA:151,26,1,0
BRDA:154,27,0,0
BRDA:154,27,1,0
BRDA:161,28,0,0
BRDA:161,28,1,0
BRDA:164,29,0,0
BRDA:164,29,1,0
BRDA:171,30,0,0
BRDA:171,30,1,0
BRDA:171,31,0,0
BRDA:171,31,1,0
BRDA:179,32,0,0
BRDA:179,32,1,0
BRDA:181,33,0,0
BRDA:181,33,1,0
BRDA:181,34,0,0
BRDA:181,34,1,0
BRDA:182,35,0,0
BRDA:182,35,1,0
BRDA:191,36,0,0
BRDA:191,36,1,0
BRDA:191,37,0,0
BRDA:191,37,1,0
BRDA:191,37,2,0
BRDA:203,38,0,0
BRDA:203,38,1,0
BRDA:203,39,0,0
BRDA:203,39,1,0
BRDA:206,40,0,0
BRDA:206,40,1,0
BRDA:206,41,0,0
BRDA:206,41,1,0
BRDA:224,42,0,0
BRDA:224,42,1,0
BRDA:225,43,0,0
BRDA:225,43,1,0
BRDA:226,44,0,0
BRDA:226,44,1,0
BRDA:237,45,0,0
BRDA:237,45,1,0
BRDA:251,46,0,0
BRDA:251,46,1,0
BRDA:254,47,0,0
BRDA:254,47,1,0
BRDA:267,48,0,0
BRDA:267,48,1,0
BRDA:269,49,0,0
BRDA:269,49,1,0
BRDA:276,50,0,0
BRDA:276,50,1,0
BRDA:277,51,0,0
BRDA:277,51,1,0
BRDA:280,52,0,0
BRDA:280,52,1,0
BRDA:281,53,0,0
BRDA:281,53,1,0
BRDA:304,54,0,0
BRDA:304,55,0,0
BRDA:311,56,0,0
BRDA:311,56,1,0
BRDA:313,57,0,0
BRDA:313,57,1,0
BRDA:314,58,0,0
BRDA:314,58,1,0
BRDA:315,59,0,0
BRDA:315,59,1,0
BRDA:316,60,0,0
BRDA:316,60,1,0
BRDA:386,61,0,0
BRDA:390,62,0,0
BRDA:390,62,1,0
BRDA:392,63,0,0
BRDA:392,63,1,0
BRDA:403,64,0,0
BRDA:403,64,1,0
BRDA:413,65,0,0
BRDA:413,65,1,0
BRDA:423,66,0,0
BRDA:423,66,1,0
BRDA:425,67,0,0
BRDA:425,67,1,0
BRF:134
BRH:0
end_of_record
TN:
SF:engine\validator.js
FN:8,validateSolution
FN:50,calculateQualityScore
FN:58,(anonymous_2)
FN:68,(anonymous_3)
FN:69,(anonymous_4)
FN:74,(anonymous_5)
FN:75,(anonymous_6)
FNF:7
FNH:0
FNDA:0,validateSolution
FNDA:0,calculateQualityScore
FNDA:0,(anonymous_2)
FNDA:0,(anonymous_3)
FNDA:0,(anonymous_4)
FNDA:0,(anonymous_5)
FNDA:0,(anonymous_6)
DA:9,0
DA:10,0
DA:13,0
DA:14,0
DA:15,0
DA:16,0
DA:18,0
DA:20,0
DA:27,0
DA:29,0
DA:38,0
DA:52,0
DA:53,0
DA:58,0
DA:59,0
DA:62,0
DA:63,0
DA:64,0
DA:65,0
DA:67,0
DA:68,0
DA:69,0
DA:70,0
DA:73,0
DA:74,0
DA:75,0
DA:76,0
DA:78,0
DA:81,0
DA:88,0
DA:97,2
LF:31
LH:1
BRDA:18,0,0,0
BRDA:18,0,1,0
BRDA:18,1,0,0
BRDA:18,1,1,0
BRDA:18,1,2,0
BRDA:27,2,0,0
BRDA:27,2,1,0
BRDA:27,3,0,0
BRDA:27,3,1,0
BRDA:27,3,2,0
BRDA:53,4,0,0
BRDA:53,4,1,0
BRDA:65,5,0,0
BRDA:65,5,1,0
BRDA:75,6,0,0
BRDA:75,6,1,0
BRDA:76,7,0,0
BRDA:76,7,1,0
BRDA:78,8,0,0
BRDA:78,8,1,0
BRF:20
BRH:0
end_of_record
TN:
SF:middleware\auth.js
FN:5,(anonymous_0)
FNF:1
FNH:1
FNDA:18,(anonymous_0)
DA:1,2
DA:2,2
DA:3,2
DA:5,2
DA:6,18
DA:7,18
DA:8,18
DA:9,5
DA:12,13
DA:13,13
DA:15,12
DA:16,12
DA:17,1
DA:20,11
DA:21,11
DA:23,1
DA:24,0
DA:26,1
DA:30,2
LF:19
LH:18
BRDA:8,0,0,5
BRDA:8,0,1,13
BRDA:8,1,0,18
BRDA:8,1,1,14
BRDA:16,2,0,1
BRDA:16,2,1,11
BRDA:23,3,0,0
BRDA:23,3,1,1
BRF:8
BRH:7
end_of_record
TN:
SF:middleware\cache.js
FN:4,(anonymous_0)
FN:5,(anonymous_1)
FN:12,(anonymous_2)
FN:20,(anonymous_3)
FN:21,(anonymous_4)
FN:22,(anonymous_5)
FNF:6
FNH:6
FNDA:3,(anonymous_0)
FNDA:3,(anonymous_1)
FNDA:2,(anonymous_2)
FNDA:4,(anonymous_3)
FNDA:4,(anonymous_4)
FNDA:3,(anonymous_5)
DA:1,2
DA:2,2
DA:4,2
DA:5,3
DA:6,3
DA:7,3
DA:8,3
DA:9,1
DA:11,2
DA:12,2
DA:13,2
DA:14,2
DA:16,2
DA:20,2
DA:21,4
DA:22,4
DA:25,2
LF:17
LH:17
BRDA:8,0,0,1
BRDA:8,0,1,2
BRF:2
BRH:2
end_of_record
TN:
SF:middleware\co2Monitor.js
FN:13,bytesToCO2
FN:17,(anonymous_1)
FN:20,(anonymous_2)
FN:48,(anonymous_3)
FNF:4
FNH:4
FNDA:20,bytesToCO2
FNDA:20,(anonymous_1)
FNDA:20,(anonymous_2)
FNDA:1,(anonymous_3)
DA:1,1
DA:3,1
DA:5,1
DA:14,20
DA:17,1
DA:18,20
DA:20,20
DA:21,20
DA:22,20
DA:24,20
DA:25,20
DA:27,20
DA:28,20
DA:30,20
DA:31,20
DA:32,20
DA:33,20
DA:35,20
DA:36,0
DA:45,20
DA:48,1
DA:49,1
DA:50,1
DA:64,1
LF:24
LH:23
BRDA:24,0,0,20
BRDA:24,0,1,0
BRDA:25,1,0,20
BRDA:25,1,1,0
BRDA:25,2,0,0
BRDA:25,2,1,0
BRDA:28,3,0,20
BRDA:28,3,1,1
BRDA:33,4,0,20
BRDA:33,4,1,11
BRDA:35,5,0,0
BRDA:35,5,1,20
BRDA:55,6,0,1
BRDA:55,6,1,0
BRF:14
BRH:8
end_of_record
TN:
SF:middleware\errorHandler.js
FN:1,(anonymous_0)
FN:5,(anonymous_1)
FNF:2
FNH:2
FNDA:6,(anonymous_0)
FNDA:2,(anonymous_1)
DA:1,2
DA:2,6
DA:4,6
DA:5,2
DA:6,1
DA:9,5
DA:10,1
DA:11,1
DA:14,4
DA:15,1
DA:18,3
DA:24,2
LF:12
LH:12
BRDA:4,0,0,1
BRDA:4,0,1,5
BRDA:9,1,0,1
BRDA:9,1,1,4
BRDA:14,2,0,1
BRDA:14,2,1,3
BRDA:18,3,0,3
BRDA:18,3,1,2
BRDA:19,4,0,3
BRDA:19,4,1,0
BRDA:20,5,0,3
BRDA:20,5,1,1
BRF:12
BRH:11
end_of_record
TN:
SF:middleware\roleGuard.js
FN:1,(anonymous_0)
FN:2,(anonymous_1)
FNF:2
FNH:2
FNDA:28,(anonymous_0)
FNDA:7,(anonymous_1)
DA:1,2
DA:2,28
DA:3,7
DA:4,1
DA:6,6
DA:7,1
DA:13,5
DA:17,2
LF:8
LH:8
BRDA:3,0,0,1
BRDA:3,0,1,6
BRDA:6,1,0,1
BRDA:6,1,1,5
BRF:4
BRH:4
end_of_record
TN:
SF:models\Campus.js
FNF:0
FNH:0
DA:1,1
DA:8,1
DA:66,1
DA:68,1
LF:4
LH:4
BRF:0
BRH:0
end_of_record
TN:
SF:models\Career.js
FNF:0
FNH:0
DA:1,1
DA:3,1
DA:49,1
DA:51,1
LF:4
LH:4
BRF:0
BRH:0
end_of_record
TN:
SF:models\Classroom.js
FNF:0
FNH:0
DA:1,2
DA:4,2
DA:14,2
DA:65,2
DA:66,2
DA:67,2
DA:69,2
LF:7
LH:7
BRF:0
BRH:0
end_of_record
TN:
SF:models\Course.js
FNF:0
FNH:0
DA:1,3
DA:3,3
DA:94,3
DA:95,3
DA:96,3
DA:97,3
DA:99,3
LF:7
LH:7
BRF:0
BRH:0
end_of_record
TN:
SF:models\Enrollment.js
FNF:0
FNH:0
DA:1,2
DA:3,2
DA:51,2
DA:53,2
LF:4
LH:4
BRF:0
BRH:0
end_of_record
TN:
SF:models\Generation.js
FNF:0
FNH:0
DA:1,2
DA:3,2
DA:17,2
DA:123,2
DA:125,2
LF:5
LH:5
BRF:0
BRH:0
end_of_record
TN:
SF:models\InstitutionalPolicy.js
FNF:0
FNH:0
DA:1,1
DA:11,1
DA:141,1
DA:143,1
LF:4
LH:4
BRF:0
BRH:0
end_of_record
TN:
SF:models\Notification.js
FNF:0
FNH:0
DA:1,1
DA:3,1
DA:43,1
DA:44,1
DA:46,1
LF:5
LH:5
BRF:0
BRH:0
end_of_record
TN:
SF:models\Preference.js
FN:27,(anonymous_0)
FN:28,(anonymous_1)
FN:29,(anonymous_2)
FNF:3
FNH:0
FNDA:0,(anonymous_0)
FNDA:0,(anonymous_1)
FNDA:0,(anonymous_2)
DA:1,1
DA:3,1
DA:13,1
DA:27,0
DA:28,0
DA:29,0
DA:74,1
LF:7
LH:4
BRF:0
BRH:0
end_of_record
TN:
SF:models\Schedule.js
FNF:0
FNH:0
DA:1,1
DA:3,1
DA:34,1
DA:53,1
LF:4
LH:4
BRF:0
BRH:0
end_of_record
TN:
SF:models\Section.js
FN:86,(anonymous_0)
FN:91,(anonymous_1)
FN:96,(anonymous_2)
FNF:3
FNH:0
FNDA:0,(anonymous_0)
FNDA:0,(anonymous_1)
FNDA:0,(anonymous_2)
DA:1,1
DA:3,1
DA:13,1
DA:80,1
DA:81,1
DA:82,1
DA:83,1
DA:86,1
DA:87,0
DA:91,1
DA:92,0
DA:96,1
DA:97,0
DA:100,1
LF:14
LH:11
BRDA:92,0,0,0
BRDA:92,0,1,0
BRF:2
BRH:0
end_of_record
TN:
SF:models\Simulation.js
FNF:0
FNH:0
DA:1,1
DA:12,1
DA:31,1
DA:93,1
DA:94,1
DA:96,1
LF:6
LH:6
BRF:0
BRH:0
end_of_record
TN:
SF:models\Student.js
FN:72,(anonymous_0)
FN:73,(anonymous_1)
FN:75,(anonymous_2)
FN:79,(anonymous_3)
FN:80,(anonymous_4)
FNF:5
FNH:0
FNDA:0,(anonymous_0)
FNDA:0,(anonymous_1)
FNDA:0,(anonymous_2)
FNDA:0,(anonymous_3)
FNDA:0,(anonymous_4)
DA:1,3
DA:3,3
DA:17,3
DA:72,3
DA:73,0
DA:74,0
DA:75,0
DA:79,3
DA:80,0
DA:83,3
DA:84,3
DA:85,3
DA:87,3
LF:13
LH:9
BRDA:73,0,0,0
BRDA:73,0,1,0
BRDA:73,1,0,0
BRDA:73,1,1,0
BRDA:74,2,0,0
BRDA:74,2,1,0
BRDA:80,3,0,0
BRDA:80,3,1,0
BRDA:80,4,0,0
BRDA:80,4,1,0
BRF:10
BRH:0
end_of_record
TN:
SF:models\Teacher.js
FN:51,(anonymous_0)
FN:114,(anonymous_1)
FNF:2
FNH:0
FNDA:0,(anonymous_0)
FNDA:0,(anonymous_1)
DA:1,3
DA:3,3
DA:19,3
DA:52,0
DA:53,0
DA:114,3
DA:115,0
DA:116,0
DA:117,0
DA:118,0
DA:119,0
DA:121,0
DA:122,0
DA:123,0
DA:124,0
DA:126,0
DA:129,0
DA:132,3
DA:133,3
DA:134,3
DA:135,3
DA:137,3
LF:22
LH:9
BRDA:52,0,0,0
BRDA:52,0,1,0
BRDA:53,1,0,0
BRDA:53,1,1,0
BRDA:115,2,0,0
BRDA:115,2,1,0
BRDA:117,3,0,0
BRDA:117,3,1,0
BRDA:118,4,0,0
BRDA:118,4,1,0
BRDA:119,5,0,0
BRDA:119,5,1,0
BRDA:121,6,0,0
BRDA:121,6,1,0
BRDA:122,7,0,0
BRDA:122,7,1,0
BRDA:123,8,0,0
BRDA:123,8,1,0
BRDA:124,9,0,0
BRDA:124,9,1,0
BRDA:126,10,0,0
BRDA:126,10,1,0
BRF:22
BRH:0
end_of_record
TN:
SF:models\User.js
FN:56,(anonymous_0)
FN:63,(anonymous_1)
FN:68,(anonymous_2)
FNF:3
FNH:3
FNDA:1,(anonymous_0)
FNDA:2,(anonymous_1)
FNDA:1,(anonymous_2)
DA:1,3
DA:2,3
DA:4,3
DA:56,3
DA:57,1
DA:58,1
DA:59,1
DA:63,3
DA:64,2
DA:68,3
DA:69,1
DA:70,1
DA:71,1
DA:74,3
LF:14
LH:14
BRDA:57,0,0,0
BRDA:57,0,1,1
BRF:2
BRH:1
end_of_record
